#
# A fatal error has been detected by the Java Runtime Environment:
#
#  SIGSEGV (0xb) at pc=0x0000000106680e0d, pid=551, tid=0x0000000000003d03
#
# JRE version: OpenJDK Runtime Environment (8.0_152-b01) (build 1.8.0_152-release-1024-b01)
# Java VM: OpenJDK 64-Bit Server VM (25.152-b01 mixed mode bsd-amd64 compressed oops)
# Problematic frame:
# V  [libjvm.dylib+0x480e0d]  PhaseChaitin::Split(unsigned int, ResourceArea*)+0x8ad
#
# Failed to write core dump. Core dumps have been disabled. To enable core dumping, try "ulimit -c unlimited" before starting Java again
#
# If you would like to submit a bug report, please visit:
#   http://bugreport.java.com/bugreport/crash.jsp
#

---------------  T H R E A D  ---------------

Current thread (0x00007fdc39807000):  JavaThread "C2 CompilerThread0" daemon [_thread_in_native, id=15619, stack(0x0000700005e92000,0x0000700005f92000)]

siginfo: si_signo: 11 (SIGSEGV), si_code: 0 (unknown), si_addr: 0x0000000000000000

Registers:
RAX=0x0000000000000008, RBX=0x80007fdc37cd7030, RCX=0x00007fdc3b5edb90, RDX=0x0000000000000002
RSP=0x0000700005f8e870, RBP=0x0000700005f8ea50, RSI=0x0000000000000003, RDI=0x00007fdc40cfb310
R8 =0x0000000000000008, R9 =0x0000000000000000, R10=0x0000000000000007, R11=0x000000004049fd01
R12=0x00007fdc40cfb8c0, R13=0x0000000000000000, R14=0x0000000000000046, R15=0x00007fdc37cd71d8
RIP=0x0000000106680e0d, EFLAGS=0x0000000000010212, ERR=0x0000000000000000
  TRAPNO=0x000000000000000d

Top of Stack: (sp=0x0000700005f8e870)
0x0000700005f8e870:   00007fdc00000001 00007fdc39214c90
0x0000700005f8e880:   00007fdc3ba6ac90 0000000100000001
0x0000700005f8e890:   0000700005f8eb80 00007fdc3fdf6f90
0x0000700005f8e8a0:   00007fdc3fdf6fa0 00007fdc3fdf7378
0x0000700005f8e8b0:   00000000000003d8 030303030ffffcff
0x0000700005f8e8c0:   0303030303030303 0000000003030303
0x0000700005f8e8d0:   0000000000000000 0000000000000000
0x0000700005f8e8e0:   0000700005f903c8 0000068d00000046
0x0000700005f8e8f0:   0000700005f8eb80 000000010000000f
0x0000700005f8e900:   00007fdc39211810 0000000000000000
0x0000700005f8e910:   00007fdc40cfb8d0 0000000000000008
0x0000700005f8e920:   0000000000000002 00007fdc39219440
0x0000700005f8e930:   00000001069ebf90 00007fdc40dae490
0x0000700005f8e940:   0000000000000039 00007fdc39217c70
0x0000700005f8e950:   0000000000000000 00007fdc39214c90
0x0000700005f8e960:   00007fdc40dae450 00007fdc392166d0
0x0000700005f8e970:   00007fdc39219210 00007fdc00000001
0x0000700005f8e980:   0000068d00000000 0000700005f8eb80
0x0000700005f8e990:   000002b10000000f 00007fdc39213250
0x0000700005f8e9a0:   0000000000000009 000000011d50c010
0x0000700005f8e9b0:   00007fdc3ba6aec0 0000004640dae400
0x0000700005f8e9c0:   00007fdc3f52f280 00007fdc3ba6ac90
0x0000700005f8e9d0:   0000000000000046 0000016c069be498
0x0000700005f8e9e0:   0000000000000003 0000000000000003
0x0000700005f8e9f0:   0000000000000000 0000000200000000
0x0000700005f8ea00:   00007fdc40cfb8c0 00007fdc37cd71d8
0x0000700005f8ea10:   0000000000000007 0000700005f902b8
0x0000700005f8ea20:   0000095b4c1f0041 0000000000000000
0x0000700005f8ea30:   0000700005f903a0 0000700005f902b8
0x0000700005f8ea40:   0000700005f8ebf0 0000700005f8eb28
0x0000700005f8ea50:   0000700005f8ec80 0000000106349cd6
0x0000700005f8ea60:   0000000000000029 00000001069afbc0 

Instructions: (pc=0x0000000106680e0d)
0x0000000106680ded:   f8 49 89 dc e9 03 12 00 00 45 39 44 24 18 76 0e
0x0000000106680dfd:   44 89 c0 49 8b 4c 24 20 48 8b 1c c1 eb 02 31 db
0x0000000106680e0d:   48 8b 43 28 48 8b 4d c8 48 8b 89 28 01 00 00 48
0x0000000106680e1d:   63 d0 8b 14 91 8b 4b 18 48 89 4d 98 48 b9 00 00 

Register to memory mapping:

RAX=0x0000000000000008 is an unknown value
RBX=0x80007fdc37cd7030 is an unknown value
RCX=0x00007fdc3b5edb90 is an unknown value
RDX=0x0000000000000002 is an unknown value
RSP=0x0000700005f8e870 is pointing into the stack for thread: 0x00007fdc39807000
RBP=0x0000700005f8ea50 is pointing into the stack for thread: 0x00007fdc39807000
RSI=0x0000000000000003 is an unknown value
RDI=0x00007fdc40cfb310 is an unknown value
R8 =0x0000000000000008 is an unknown value
R9 =0x0000000000000000 is an unknown value
R10=0x0000000000000007 is an unknown value
R11=0x000000004049fd01 is an unknown value
R12=0x00007fdc40cfb8c0 is an unknown value
R13=0x0000000000000000 is an unknown value
R14=0x0000000000000046 is an unknown value
R15=0x00007fdc37cd71d8 is an unknown value


Stack: [0x0000700005e92000,0x0000700005f92000],  sp=0x0000700005f8e870,  free space=1010k
Native frames: (J=compiled Java code, j=interpreted, Vv=VM code, C=native code)
V  [libjvm.dylib+0x480e0d]  PhaseChaitin::Split(unsigned int, ResourceArea*)+0x8ad
V  [libjvm.dylib+0x149cd6]  PhaseChaitin::Register_Allocate()+0x30a
V  [libjvm.dylib+0x1969a0]  Compile::Code_Gen()+0x14e
V  [libjvm.dylib+0x195388]  Compile::Compile(ciEnv*, C2Compiler*, ciMethod*, int, bool, bool, bool)+0x9fa
V  [libjvm.dylib+0x13b9da]  C2Compiler::compile_method(ciEnv*, ciMethod*, int)+0xa4
V  [libjvm.dylib+0x1a067a]  CompileBroker::invoke_compiler_on_method(CompileTask*)+0x564
V  [libjvm.dylib+0x19fc78]  CompileBroker::compiler_thread_loop()+0x270
V  [libjvm.dylib+0x505e88]  JavaThread::thread_main_inner()+0x82
V  [libjvm.dylib+0x505d4d]  JavaThread::run()+0x199
V  [libjvm.dylib+0x435709]  java_start(Thread*)+0xfa
C  [libsystem_pthread.dylib+0x36c1]  _pthread_body+0x154
C  [libsystem_pthread.dylib+0x356d]  _pthread_body+0x0
C  [libsystem_pthread.dylib+0x2c5d]  thread_start+0xd
C  0x0000000000000000


Current CompileTask:
C2:2652185 16280       4       java.io.UnixFileSystem::canonicalize (232 bytes)


---------------  P R O C E S S  ---------------

Java Threads: ( => current thread )
  0x00007fdc40c7b800 JavaThread "Cache worker for Build Output Cleanup Cache (/Users/annascott/Downloads/MusicforWellbeing/.gradle/buildOutputCleanup)" [_thread_blocked, id=3863, stack(0x0000700007ae6000,0x0000700007be6000)]
  0x00007fdc40d04000 JavaThread "Cache worker for task history cache (/Users/annascott/Downloads/MusicforWellbeing/.gradle/4.4/taskHistory)" [_thread_blocked, id=24083, stack(0x00007000079e3000,0x0000700007ae3000)]
  0x00007fdc37ddb800 JavaThread "Cache worker for file content cache (/Users/annascott/Downloads/MusicforWellbeing/.gradle/4.4/fileContent)" [_thread_blocked, id=43551, stack(0x00007000077dd000,0x00007000078dd000)]
  0x00007fdc3be32800 JavaThread "build operations Thread 8" [_thread_blocked, id=37399, stack(0x00007000076da000,0x00007000077da000)]
  0x00007fdc37f8d000 JavaThread "build operations Thread 7" [_thread_blocked, id=42259, stack(0x00007000075d7000,0x00007000076d7000)]
  0x00007fdc3941d000 JavaThread "build operations Thread 6" [_thread_blocked, id=43803, stack(0x00007000074d4000,0x00007000075d4000)]
  0x00007fdc4005d000 JavaThread "build operations Thread 5" [_thread_blocked, id=46619, stack(0x00007000073d1000,0x00007000074d1000)]
  0x00007fdc3979e800 JavaThread "build operations Thread 4" [_thread_blocked, id=83495, stack(0x00007000072ce000,0x00007000073ce000)]
  0x00007fdc3bb63800 JavaThread "build operations Thread 3" [_thread_blocked, id=34843, stack(0x00007000071cb000,0x00007000072cb000)]
  0x00007fdc3b5f4000 JavaThread "build operations Thread 2" [_thread_blocked, id=23831, stack(0x00007000070c8000,0x00007000071c8000)]
  0x00007fdc3a6d4800 JavaThread "build operations" [_thread_blocked, id=35347, stack(0x0000700006fc5000,0x00007000070c5000)]
  0x00007fdc3bde8000 JavaThread "Cache worker for Artifact transforms cache (/Users/annascott/.gradle/caches/transforms-1)" [_thread_blocked, id=30743, stack(0x0000700006ec2000,0x0000700006fc2000)]
  0x00007fdc3972c800 JavaThread "Cache worker for file hash cache (/Users/annascott/Downloads/MusicforWellbeing/.gradle/4.4/fileHashes)" [_thread_blocked, id=85267, stack(0x0000700006bb9000,0x0000700006cb9000)]
  0x00007fdc397ef800 JavaThread "Stdin handler" [_thread_blocked, id=81955, stack(0x0000700006ab6000,0x0000700006bb6000)]
  0x00007fdc3aadb000 JavaThread "Asynchronous log dispatcher for DefaultDaemonConnection: socket connection from /127.0.0.1:49361 to /127.0.0.1:51683" [_thread_blocked, id=36379, stack(0x00007000069b3000,0x0000700006ab3000)]
  0x00007fdc3e3ca000 JavaThread "Daemon worker Thread 5" [_thread_in_Java, id=49187, stack(0x00007000068b0000,0x00007000069b0000)]
  0x00007fdc3a9d8800 JavaThread "Cancel handler" [_thread_blocked, id=32287, stack(0x00007000067ad000,0x00007000068ad000)]
  0x00007fdc3b33d000 JavaThread "Handler for socket connection from /127.0.0.1:49361 to /127.0.0.1:51683" [_thread_in_native, id=39703, stack(0x00007000066aa000,0x00007000067aa000)]
  0x00007fdc3b10d000 JavaThread "Daemon Thread 5" [_thread_blocked, id=43035, stack(0x0000700004fe2000,0x00007000050e2000)]
  0x00007fdc398cc000 JavaThread "Java2D Disposer" daemon [_thread_blocked, id=33799, stack(0x0000700008910000,0x0000700008a10000)]
  0x00007fdc3ab00000 JavaThread "AWT-AppKit" daemon [_thread_in_native, id=775, stack(0x00007ffeea29f000,0x00007ffeeaa9f000)]
  0x00007fdc3ceb2800 JavaThread "Memory manager" [_thread_blocked, id=27907, stack(0x00007000078e0000,0x00007000079e0000)]
  0x00007fdc3b842000 JavaThread "File lock request listener" [_thread_in_native, id=24579, stack(0x0000700006dbf000,0x0000700006ebf000)]
  0x00007fdc3833a000 JavaThread "Cache worker for file hash cache (/Users/annascott/.gradle/caches/4.4/fileHashes)" [_thread_blocked, id=24323, stack(0x0000700006cbc000,0x0000700006dbc000)]
  0x00007fdc3a3b9800 JavaThread "Daemon periodic checks" [_thread_blocked, id=22275, stack(0x00007000065a7000,0x00007000066a7000)]
  0x00007fdc38328000 JavaThread "Incoming local TCP Connector on port 49361" [_thread_in_native, id=43267, stack(0x00007000064a4000,0x00007000065a4000)]
  0x00007fdc3902c800 JavaThread "Service Thread" daemon [_thread_blocked, id=16387, stack(0x000070000629e000,0x000070000639e000)]
  0x00007fdc39837800 JavaThread "C1 CompilerThread3" daemon [_thread_blocked, id=16131, stack(0x000070000619b000,0x000070000629b000)]
  0x00007fdc39837000 JavaThread "C2 CompilerThread2" daemon [_thread_in_native, id=15875, stack(0x0000700006098000,0x0000700006198000)]
  0x00007fdc39836000 JavaThread "C2 CompilerThread1" daemon [_thread_in_native, id=17923, stack(0x0000700005f95000,0x0000700006095000)]
=>0x00007fdc39807000 JavaThread "C2 CompilerThread0" daemon [_thread_in_native, id=15619, stack(0x0000700005e92000,0x0000700005f92000)]
  0x00007fdc3800e000 JavaThread "Signal Dispatcher" daemon [_thread_blocked, id=15371, stack(0x0000700005d8f000,0x0000700005e8f000)]
  0x00007fdc37803800 JavaThread "Finalizer" daemon [_thread_blocked, id=13315, stack(0x0000700005c8c000,0x0000700005d8c000)]
  0x00007fdc3982d800 JavaThread "Reference Handler" daemon [_thread_blocked, id=19971, stack(0x0000700005b89000,0x0000700005c89000)]
  0x00007fdc38000800 JavaThread "main" [_thread_blocked, id=9987, stack(0x000070000516b000,0x000070000526b000)]

Other Threads:
  0x00007fdc3982a800 VMThread [stack: 0x0000700005a86000,0x0000700005b86000] [id=20227]
  0x00007fdc3800e800 WatcherThread [stack: 0x00007000063a1000,0x00007000064a1000] [id=16643]

VM state:not at safepoint (normal execution)

VM Mutex/Monitor currently owned by a thread: None

Heap:
 PSYoungGen      total 424448K, used 345213K [0x00000007a0000000, 0x00000007bc280000, 0x00000007c0000000)
  eden space 401920K, 80% used [0x00000007a0000000,0x00000007b3b631f0,0x00000007b8880000)
  from space 22528K, 98% used [0x00000007b9580000,0x00000007bab3c4c8,0x00000007bab80000)
  to   space 23552K, 0% used [0x00000007bab80000,0x00000007bab80000,0x00000007bc280000)
 ParOldGen       total 249344K, used 37635K [0x0000000760000000, 0x000000076f380000, 0x00000007a0000000)
  object space 249344K, 15% used [0x0000000760000000,0x00000007624c0de0,0x000000076f380000)
 Metaspace       used 81960K, capacity 87858K, committed 87956K, reserved 1126400K
  class space    used 10829K, capacity 11884K, committed 11964K, reserved 1048576K

Card table byte_map: [0x0000000107068000,0x0000000107369000] byte_map_base: 0x0000000103568000

Marking Bits: (ParMarkBitMap*) 0x00000001069f81c8
 Begin Bits: [0x0000000116ece000, 0x00000001186ce000)
 End Bits:   [0x00000001186ce000, 0x0000000119ece000)

Polling page: 0x00000001051dd000

CodeCache: size=245760Kb used=40763Kb max_used=40821Kb free=204996Kb
 bounds [0x0000000107ece000, 0x000000010a6fe000, 0x0000000116ece000]
 total_blobs=14029 nmethods=13082 adapters=858
 compilation: enabled

Compilation events (10 events):
Event: 2652.154 Thread 0x00007fdc39837800 16477   !   3       com.sun.proxy.$Proxy82::annotationType (29 bytes)
Event: 2652.155 Thread 0x00007fdc39837800 nmethod 16477 0x000000010809b6d0 code [0x000000010809b860, 0x000000010809bc98]
Event: 2652.157 Thread 0x00007fdc39837800 16476       3       org.gradle.model.internal.registry.DefaultModelRegistry::atStateOrMaybeLater (58 bytes)
Event: 2652.159 Thread 0x00007fdc39837800 nmethod 16476 0x000000010a6ded10 code [0x000000010a6def60, 0x000000010a6dfdb8]
Event: 2652.160 Thread 0x00007fdc39837800 16478       3       org.gradle.model.internal.registry.ModelElementNode::asImmutable (58 bytes)
Event: 2652.162 Thread 0x00007fdc39837800 nmethod 16478 0x000000010877f290 code [0x000000010877f520, 0x0000000108780758]
Event: 2652.163 Thread 0x00007fdc39837800 16479       3       org.gradle.model.internal.core.TypeCompatibilityModelProjectionSupport::asImmutable (24 bytes)
Event: 2652.164 Thread 0x00007fdc39837800 nmethod 16479 0x0000000108923fd0 code [0x0000000108924160, 0x0000000108924558]
Event: 2652.165 Thread 0x00007fdc39837800 16480       1       org.gradle.api.internal.tasks.DefaultTaskContainer::access$000 (5 bytes)
Event: 2652.165 Thread 0x00007fdc39837800 nmethod 16480 0x000000010814d950 code [0x000000010814daa0, 0x000000010814db90]

GC Heap History (10 events):
Event: 9.009 GC heap before
{Heap before GC invocations=10 (full 3):
 PSYoungGen      total 300032K, used 16191K [0x00000007a0000000, 0x00000007bac80000, 0x00000007c0000000)
  eden space 279040K, 0% used [0x00000007a0000000,0x00000007a0000000,0x00000007b1080000)
  from space 20992K, 77% used [0x00000007b1080000,0x00000007b204ff18,0x00000007b2500000)
  to   space 22016K, 0% used [0x00000007b9700000,0x00000007b9700000,0x00000007bac80000)
 ParOldGen       total 167424K, used 28893K [0x0000000760000000, 0x000000076a380000, 0x00000007a0000000)
  object space 167424K, 17% used [0x0000000760000000,0x0000000761c37610,0x000000076a380000)
 Metaspace       used 57198K, capacity 58928K, committed 59028K, reserved 1099776K
  class space    used 7689K, capacity 8079K, committed 8124K, reserved 1048576K
Event: 9.213 GC heap after
Heap after GC invocations=10 (full 3):
 PSYoungGen      total 300032K, used 0K [0x00000007a0000000, 0x00000007bac80000, 0x00000007c0000000)
  eden space 279040K, 0% used [0x00000007a0000000,0x00000007a0000000,0x00000007b1080000)
  from space 20992K, 0% used [0x00000007b1080000,0x00000007b1080000,0x00000007b2500000)
  to   space 22016K, 0% used [0x00000007b9700000,0x00000007b9700000,0x00000007bac80000)
 ParOldGen       total 249344K, used 30962K [0x0000000760000000, 0x000000076f380000, 0x00000007a0000000)
  object space 249344K, 12% used [0x0000000760000000,0x0000000761e3c938,0x000000076f380000)
 Metaspace       used 57187K, capacity 58886K, committed 59028K, reserved 1099776K
  class space    used 7686K, capacity 8072K, committed 8124K, reserved 1048576K
}
Event: 11.358 GC heap before
{Heap before GC invocations=11 (full 3):
 PSYoungGen      total 300032K, used 279040K [0x00000007a0000000, 0x00000007bac80000, 0x00000007c0000000)
  eden space 279040K, 100% used [0x00000007a0000000,0x00000007b1080000,0x00000007b1080000)
  from space 20992K, 0% used [0x00000007b1080000,0x00000007b1080000,0x00000007b2500000)
  to   space 22016K, 0% used [0x00000007b9700000,0x00000007b9700000,0x00000007bac80000)
 ParOldGen       total 249344K, used 30962K [0x0000000760000000, 0x000000076f380000, 0x00000007a0000000)
  object space 249344K, 12% used [0x0000000760000000,0x0000000761e3c938,0x000000076f380000)
 Metaspace       used 60769K, capacity 62648K, committed 62868K, reserved 1103872K
  class space    used 8138K, capacity 8561K, committed 8636K, reserved 1048576K
Event: 11.364 GC heap after
Heap after GC invocations=11 (full 3):
 PSYoungGen      total 359936K, used 3008K [0x00000007a0000000, 0x00000007b9a00000, 0x00000007c0000000)
  eden space 356864K, 0% used [0x00000007a0000000,0x00000007a0000000,0x00000007b5c80000)
  from space 3072K, 97% used [0x00000007b9700000,0x00000007b99f01d0,0x00000007b9a00000)
  to   space 22528K, 0% used [0x00000007b6e00000,0x00000007b6e00000,0x00000007b8400000)
 ParOldGen       total 249344K, used 30970K [0x0000000760000000, 0x000000076f380000, 0x00000007a0000000)
  object space 249344K, 12% used [0x0000000760000000,0x0000000761e3e938,0x000000076f380000)
 Metaspace       used 60769K, capacity 62648K, committed 62868K, reserved 1103872K
  class space    used 8138K, capacity 8561K, committed 8636K, reserved 1048576K
}
Event: 15.217 GC heap before
{Heap before GC invocations=12 (full 3):
 PSYoungGen      total 359936K, used 359872K [0x00000007a0000000, 0x00000007b9a00000, 0x00000007c0000000)
  eden space 356864K, 100% used [0x00000007a0000000,0x00000007b5c80000,0x00000007b5c80000)
  from space 3072K, 97% used [0x00000007b9700000,0x00000007b99f01d0,0x00000007b9a00000)
  to   space 22528K, 0% used [0x00000007b6e00000,0x00000007b6e00000,0x00000007b8400000)
 ParOldGen       total 249344K, used 30970K [0x0000000760000000, 0x000000076f380000, 0x00000007a0000000)
  object space 249344K, 12% used [0x0000000760000000,0x0000000761e3e938,0x000000076f380000)
 Metaspace       used 73616K, capacity 78448K, committed 78740K, reserved 1118208K
  class space    used 9933K, capacity 10817K, committed 10940K, reserved 1048576K
Event: 15.247 GC heap after
Heap after GC invocations=12 (full 3):
 PSYoungGen      total 397312K, used 22513K [0x00000007a0000000, 0x00000007bcc80000, 0x00000007c0000000)
  eden space 374784K, 0% used [0x00000007a0000000,0x00000007a0000000,0x00000007b6e00000)
  from space 22528K, 99% used [0x00000007b6e00000,0x00000007b83fc448,0x00000007b8400000)
  to   space 28672K, 0% used [0x00000007bb080000,0x00000007bb080000,0x00000007bcc80000)
 ParOldGen       total 249344K, used 37611K [0x0000000760000000, 0x000000076f380000, 0x00000007a0000000)
  object space 249344K, 15% used [0x0000000760000000,0x00000007624bade0,0x000000076f380000)
 Metaspace       used 73616K, capacity 78448K, committed 78740K, reserved 1118208K
  class space    used 9933K, capacity 10817K, committed 10940K, reserved 1048576K
}
Event: 16.435 GC heap before
{Heap before GC invocations=13 (full 3):
 PSYoungGen      total 397312K, used 397128K [0x00000007a0000000, 0x00000007bcc80000, 0x00000007c0000000)
  eden space 374784K, 99% used [0x00000007a0000000,0x00000007b6dd5f48,0x00000007b6e00000)
  from space 22528K, 99% used [0x00000007b6e00000,0x00000007b83fc448,0x00000007b8400000)
  to   space 28672K, 0% used [0x00000007bb080000,0x00000007bb080000,0x00000007bcc80000)
 ParOldGen       total 249344K, used 37611K [0x0000000760000000, 0x000000076f380000, 0x00000007a0000000)
  object space 249344K, 15% used [0x0000000760000000,0x00000007624bade0,0x000000076f380000)
 Metaspace       used 75373K, capacity 80596K, committed 80788K, reserved 1118208K
  class space    used 10181K, capacity 11105K, committed 11196K, reserved 1048576K
Event: 16.448 GC heap after
Heap after GC invocations=13 (full 3):
 PSYoungGen      total 443904K, used 15513K [0x00000007a0000000, 0x00000007be100000, 0x00000007c0000000)
  eden space 415232K, 0% used [0x00000007a0000000,0x00000007a0000000,0x00000007b9580000)
  from space 28672K, 54% used [0x00000007bb080000,0x00000007bbfa6708,0x00000007bcc80000)
  to   space 27648K, 0% used [0x00000007b9580000,0x00000007b9580000,0x00000007bb080000)
 ParOldGen       total 249344K, used 37619K [0x0000000760000000, 0x000000076f380000, 0x00000007a0000000)
  object space 249344K, 15% used [0x0000000760000000,0x00000007624bcde0,0x000000076f380000)
 Metaspace       used 75373K, capacity 80596K, committed 80788K, reserved 1118208K
  class space    used 10181K, capacity 11105K, committed 11196K, reserved 1048576K
}
Event: 1719.834 GC heap before
{Heap before GC invocations=14 (full 3):
 PSYoungGen      total 443904K, used 430701K [0x00000007a0000000, 0x00000007be100000, 0x00000007c0000000)
  eden space 415232K, 99% used [0x00000007a0000000,0x00000007b9575038,0x00000007b9580000)
  from space 28672K, 54% used [0x00000007bb080000,0x00000007bbfa6708,0x00000007bcc80000)
  to   space 27648K, 0% used [0x00000007b9580000,0x00000007b9580000,0x00000007bb080000)
 ParOldGen       total 249344K, used 37619K [0x0000000760000000, 0x000000076f380000, 0x00000007a0000000)
  object space 249344K, 15% used [0x0000000760000000,0x00000007624bcde0,0x000000076f380000)
 Metaspace       used 80729K, capacity 86412K, committed 86548K, reserved 1124352K
  class space    used 10713K, capacity 11729K, committed 11836K, reserved 1048576K
Event: 1719.857 GC heap after
Heap after GC invocations=14 (full 3):
 PSYoungGen      total 424448K, used 22257K [0x00000007a0000000, 0x00000007bc280000, 0x00000007c0000000)
  eden space 401920K, 0% used [0x00000007a0000000,0x00000007a0000000,0x00000007b8880000)
  from space 22528K, 98% used [0x00000007b9580000,0x00000007bab3c4c8,0x00000007bab80000)
  to   space 23552K, 0% used [0x00000007bab80000,0x00000007bab80000,0x00000007bc280000)
 ParOldGen       total 249344K, used 37635K [0x0000000760000000, 0x000000076f380000, 0x00000007a0000000)
  object space 249344K, 15% used [0x0000000760000000,0x00000007624c0de0,0x000000076f380000)
 Metaspace       used 80729K, capacity 86412K, committed 86548K, reserved 1124352K
  class space    used 10713K, capacity 11729K, committed 11836K, reserved 1048576K
}

Deoptimization events (10 events):
Event: 1719.707 Thread 0x00007fdc3e3ed000 Uncommon trap: reason=class_check action=maybe_recompile pc=0x00000001090920d0 method=java.lang.StringCoding.decode(Ljava/nio/charset/Charset;[BII)[C @ 1
Event: 1719.775 Thread 0x00007fdc3e3ed000 Uncommon trap: reason=speculate_class_check action=maybe_recompile pc=0x000000010a137158 method=java.lang.StringCoding.encode(Ljava/nio/charset/Charset;[CII)[B @ 99
Event: 1719.777 Thread 0x00007fdc3e3ed000 Uncommon trap: reason=speculate_class_check action=maybe_recompile pc=0x000000010a137158 method=java.lang.StringCoding.encode(Ljava/nio/charset/Charset;[CII)[B @ 99
Event: 1720.005 Thread 0x00007fdc3e3ed000 Uncommon trap: reason=class_check action=maybe_recompile pc=0x00000001090920d0 method=java.lang.StringCoding.decode(Ljava/nio/charset/Charset;[BII)[C @ 1
Event: 1720.009 Thread 0x00007fdc3e3ed000 Uncommon trap: reason=class_check action=maybe_recompile pc=0x00000001089ba450 method=java.lang.StringCoding.decode(Ljava/nio/charset/Charset;[BII)[C @ 1
Event: 2161.741 Thread 0x00007fdc37f8d000 Uncommon trap: reason=bimorphic action=maybe_recompile pc=0x000000010927a894 method=java.util.stream.StreamOpFlag.fromCharacteristics(Ljava/util/Spliterator;)I @ 14
Event: 2162.949 Thread 0x00007fdc3be2a800 Uncommon trap: reason=class_check action=maybe_recompile pc=0x0000000109571ee8 method=java.util.Collections$SetFromMap.add(Ljava/lang/Object;)Z @ 8
Event: 2162.949 Thread 0x00007fdc3be2a800 Uncommon trap: reason=speculate_class_check action=maybe_recompile pc=0x000000010809b33c method=java.nio.charset.CharsetDecoder.reset()Ljava/nio/charset/CharsetDecoder; @ 1
Event: 2163.165 Thread 0x00007fdc3be2a800 Uncommon trap: reason=speculate_class_check action=maybe_recompile pc=0x000000010809b33c method=java.nio.charset.CharsetDecoder.reset()Ljava/nio/charset/CharsetDecoder; @ 1
Event: 2651.645 Thread 0x00007fdc3e3ca000 Uncommon trap: reason=bimorphic action=maybe_recompile pc=0x000000010927a894 method=java.util.stream.StreamOpFlag.fromCharacteristics(Ljava/util/Spliterator;)I @ 14

Classes redefined (0 events):
No events

Internal exceptions (10 events):
Event: 2651.566 Thread 0x00007fdc3e3ca000 Exception <a 'sun/nio/fs/UnixException'> (0x00000007b096aaf0) thrown at [/Volumes/android/AOSP-openjdk-git/jdk8u/hotspot/src/share/vm/prims/jni.cpp, line 709]
Event: 2651.566 Thread 0x00007fdc3e3ca000 Exception <a 'sun/nio/fs/UnixException'> (0x00000007b096bfa8) thrown at [/Volumes/android/AOSP-openjdk-git/jdk8u/hotspot/src/share/vm/prims/jni.cpp, line 709]
Event: 2651.566 Thread 0x00007fdc3e3ca000 Exception <a 'sun/nio/fs/UnixException'> (0x00000007b096deb8) thrown at [/Volumes/android/AOSP-openjdk-git/jdk8u/hotspot/src/share/vm/prims/jni.cpp, line 709]
Event: 2651.566 Thread 0x00007fdc3e3ca000 Exception <a 'sun/nio/fs/UnixException'> (0x00000007b096f3e8) thrown at [/Volumes/android/AOSP-openjdk-git/jdk8u/hotspot/src/share/vm/prims/jni.cpp, line 709]
Event: 2651.566 Thread 0x00007fdc3e3ca000 Exception <a 'sun/nio/fs/UnixException'> (0x00000007b0971700) thrown at [/Volumes/android/AOSP-openjdk-git/jdk8u/hotspot/src/share/vm/prims/jni.cpp, line 709]
Event: 2651.566 Thread 0x00007fdc3e3ca000 Exception <a 'sun/nio/fs/UnixException'> (0x00000007b0972d20) thrown at [/Volumes/android/AOSP-openjdk-git/jdk8u/hotspot/src/share/vm/prims/jni.cpp, line 709]
Event: 2651.567 Thread 0x00007fdc3e3ca000 Exception <a 'sun/nio/fs/UnixException'> (0x00000007b0976d08) thrown at [/Volumes/android/AOSP-openjdk-git/jdk8u/hotspot/src/share/vm/prims/jni.cpp, line 709]
Event: 2651.567 Thread 0x00007fdc3e3ca000 Exception <a 'sun/nio/fs/UnixException'> (0x00000007b09782e8) thrown at [/Volumes/android/AOSP-openjdk-git/jdk8u/hotspot/src/share/vm/prims/jni.cpp, line 709]
Event: 2651.567 Thread 0x00007fdc3e3ca000 Exception <a 'sun/nio/fs/UnixException'> (0x00000007b097be78) thrown at [/Volumes/android/AOSP-openjdk-git/jdk8u/hotspot/src/share/vm/prims/jni.cpp, line 709]
Event: 2651.567 Thread 0x00007fdc3e3ca000 Exception <a 'sun/nio/fs/UnixException'> (0x00000007b097d238) thrown at [/Volumes/android/AOSP-openjdk-git/jdk8u/hotspot/src/share/vm/prims/jni.cpp, line 709]

Events (10 events):
Event: 2652.172 loading class com/android/builder/model/BaseBuildOutput
Event: 2652.172 loading class com/android/builder/model/BaseBuildOutput done
Event: 2652.172 loading class com/android/build/OutputFile
Event: 2652.172 loading class com/android/build/OutputFile done
Event: 2652.172 loading class com/android/build/VariantOutput
Event: 2652.172 loading class com/android/build/VariantOutput done
Event: 2652.173 loading class com/android/build/FilterData
Event: 2652.173 loading class com/android/build/FilterData done
Event: 2652.173 loading class com/android/builder/model/TestVariantBuildOutput
Event: 2652.173 loading class com/android/builder/model/TestVariantBuildOutput done


Dynamic libraries:
0x00000000053a4000 	/System/Library/Frameworks/Cocoa.framework/Versions/A/Cocoa
0x00000000053a4000 	/System/Library/Frameworks/Security.framework/Versions/A/Security
0x00000000053a4000 	/System/Library/Frameworks/ApplicationServices.framework/Versions/A/ApplicationServices
0x00000000053a4000 	/usr/lib/libz.1.dylib
0x00000000053a4000 	/usr/lib/libSystem.B.dylib
0x00000000053a4000 	/System/Library/Frameworks/CoreFoundation.framework/Versions/A/CoreFoundation
0x00000000053a4000 	/System/Library/Frameworks/Foundation.framework/Versions/C/Foundation
0x00000000053a4000 	/usr/lib/libobjc.A.dylib
0x00000000053a4000 	/System/Library/Frameworks/AppKit.framework/Versions/C/AppKit
0x00000000053a4000 	/System/Library/Frameworks/CoreData.framework/Versions/A/CoreData
0x00000000053a4000 	/System/Library/PrivateFrameworks/RemoteViewServices.framework/Versions/A/RemoteViewServices
0x00000000053a4000 	/System/Library/PrivateFrameworks/UIFoundation.framework/Versions/A/UIFoundation
0x00000000053a4000 	/System/Library/PrivateFrameworks/DFRFoundation.framework/Versions/A/DFRFoundation
0x00000000053a4000 	/System/Library/Frameworks/Metal.framework/Versions/A/Metal
0x00000000053a4000 	/System/Library/PrivateFrameworks/DesktopServicesPriv.framework/Versions/A/DesktopServicesPriv
0x00000000053a4000 	/usr/lib/libenergytrace.dylib
0x00000000053a4000 	/System/Library/PrivateFrameworks/SkyLight.framework/Versions/A/SkyLight
0x00000000053a4000 	/System/Library/Frameworks/CoreGraphics.framework/Versions/A/CoreGraphics
0x00000000053a4000 	/usr/lib/libScreenReader.dylib
0x00000000053a4000 	/System/Library/Frameworks/Accelerate.framework/Versions/A/Accelerate
0x00000000053a4000 	/System/Library/Frameworks/IOSurface.framework/Versions/A/IOSurface
0x00000000053a4000 	/System/Library/Frameworks/AudioToolbox.framework/Versions/A/AudioToolbox
0x00000000053a4000 	/System/Library/Frameworks/AudioUnit.framework/Versions/A/AudioUnit
0x00000000053a4000 	/System/Library/PrivateFrameworks/DataDetectorsCore.framework/Versions/A/DataDetectorsCore
0x00000000053a4000 	/System/Library/Frameworks/Carbon.framework/Versions/A/Frameworks/HIToolbox.framework/Versions/A/HIToolbox
0x00000000053a4000 	/usr/lib/libicucore.A.dylib
0x00000000053a4000 	/System/Library/Frameworks/QuartzCore.framework/Versions/A/QuartzCore
0x00000000053a4000 	/System/Library/Frameworks/Carbon.framework/Versions/A/Frameworks/SpeechRecognition.framework/Versions/A/SpeechRecognition
0x00000000053a4000 	/usr/lib/libauto.dylib
0x00000000053a4000 	/usr/lib/libxml2.2.dylib
0x00000000053a4000 	/System/Library/PrivateFrameworks/CoreUI.framework/Versions/A/CoreUI
0x00000000053a4000 	/System/Library/Frameworks/CoreAudio.framework/Versions/A/CoreAudio
0x00000000053a4000 	/System/Library/Frameworks/DiskArbitration.framework/Versions/A/DiskArbitration
0x00000000053a4000 	/usr/lib/liblangid.dylib
0x00000000053a4000 	/System/Library/PrivateFrameworks/MultitouchSupport.framework/Versions/A/MultitouchSupport
0x00000000053a4000 	/System/Library/Frameworks/IOKit.framework/Versions/A/IOKit
0x00000000053a4000 	/usr/lib/libDiagnosticMessagesClient.dylib
0x00000000053a4000 	/System/Library/Frameworks/CoreServices.framework/Versions/A/CoreServices
0x00000000053a4000 	/System/Library/PrivateFrameworks/PerformanceAnalysis.framework/Versions/A/PerformanceAnalysis
0x00000000053a4000 	/System/Library/Frameworks/OpenGL.framework/Versions/A/OpenGL
0x00000000053a4000 	/System/Library/Frameworks/ColorSync.framework/Versions/A/ColorSync
0x00000000053a4000 	/System/Library/Frameworks/CoreImage.framework/Versions/A/CoreImage
0x00000000053a4000 	/System/Library/Frameworks/CoreText.framework/Versions/A/CoreText
0x00000000053a4000 	/System/Library/Frameworks/ImageIO.framework/Versions/A/ImageIO
0x00000000053a4000 	/System/Library/PrivateFrameworks/Backup.framework/Versions/A/Backup
0x00000000053a4000 	/usr/lib/libarchive.2.dylib
0x00000000053a4000 	/System/Library/Frameworks/CFNetwork.framework/Versions/A/CFNetwork
0x00000000053a4000 	/System/Library/Frameworks/SystemConfiguration.framework/Versions/A/SystemConfiguration
0x00000000053a4000 	/usr/lib/libCRFSuite.dylib
0x00000000053a4000 	/usr/lib/libc++.1.dylib
0x00000000053a4000 	/usr/lib/libc++abi.dylib
0x00000000053a4000 	/usr/lib/system/libcache.dylib
0x00000000053a4000 	/usr/lib/system/libcommonCrypto.dylib
0x00000000053a4000 	/usr/lib/system/libcompiler_rt.dylib
0x00000000053a4000 	/usr/lib/system/libcopyfile.dylib
0x00000000053a4000 	/usr/lib/system/libcorecrypto.dylib
0x00000000053a4000 	/usr/lib/system/libdispatch.dylib
0x00000000053a4000 	/usr/lib/system/libdyld.dylib
0x00000000053a4000 	/usr/lib/system/libkeymgr.dylib
0x00000000053a4000 	/usr/lib/system/liblaunch.dylib
0x00000000053a4000 	/usr/lib/system/libmacho.dylib
0x00000000053a4000 	/usr/lib/system/libquarantine.dylib
0x00000000053a4000 	/usr/lib/system/libremovefile.dylib
0x00000000053a4000 	/usr/lib/system/libsystem_asl.dylib
0x00000000053a4000 	/usr/lib/system/libsystem_blocks.dylib
0x00000000053a4000 	/usr/lib/system/libsystem_c.dylib
0x00000000053a4000 	/usr/lib/system/libsystem_configuration.dylib
0x00000000053a4000 	/usr/lib/system/libsystem_coreservices.dylib
0x00000000053a4000 	/usr/lib/system/libsystem_darwin.dylib
0x00000000053a4000 	/usr/lib/system/libsystem_dnssd.dylib
0x00000000053a4000 	/usr/lib/system/libsystem_info.dylib
0x00000000053a4000 	/usr/lib/system/libsystem_m.dylib
0x00000000053a4000 	/usr/lib/system/libsystem_malloc.dylib
0x00000000053a4000 	/usr/lib/system/libsystem_network.dylib
0x00000000053a4000 	/usr/lib/system/libsystem_networkextension.dylib
0x00000000053a4000 	/usr/lib/system/libsystem_notify.dylib
0x00000000053a4000 	/usr/lib/system/libsystem_sandbox.dylib
0x00000000053a4000 	/usr/lib/system/libsystem_secinit.dylib
0x00000000053a4000 	/usr/lib/system/libsystem_kernel.dylib
0x00000000053a4000 	/usr/lib/system/libsystem_platform.dylib
0x00000000053a4000 	/usr/lib/system/libsystem_pthread.dylib
0x00000000053a4000 	/usr/lib/system/libsystem_symptoms.dylib
0x00000000053a4000 	/usr/lib/system/libsystem_trace.dylib
0x00000000053a4000 	/usr/lib/system/libunwind.dylib
0x00000000053a4000 	/usr/lib/system/libxpc.dylib
0x00000000053a4000 	/usr/lib/closure/libclosured.dylib
0x00000000053a4000 	/usr/lib/libbsm.0.dylib
0x00000000053a4000 	/usr/lib/system/libkxld.dylib
0x00000000053a4000 	/usr/lib/libOpenScriptingUtil.dylib
0x00000000053a4000 	/usr/lib/libcoretls.dylib
0x00000000053a4000 	/usr/lib/libcoretls_cfhelpers.dylib
0x00000000053a4000 	/usr/lib/libpam.2.dylib
0x00000000053a4000 	/usr/lib/libsqlite3.dylib
0x00000000053a4000 	/usr/lib/libxar.1.dylib
0x00000000053a4000 	/usr/lib/libbz2.1.0.dylib
0x00000000053a4000 	/usr/lib/liblzma.5.dylib
0x00000000053a4000 	/usr/lib/libnetwork.dylib
0x00000000053a4000 	/usr/lib/libapple_nghttp2.dylib
0x00000000053a4000 	/usr/lib/libpcap.A.dylib
0x00000000053a4000 	/usr/lib/libboringssl.dylib
0x00000000053a4000 	/usr/lib/libusrtcp.dylib
0x00000000053a4000 	/usr/lib/libapple_crypto.dylib
0x00000000053a4000 	/System/Library/Frameworks/CoreServices.framework/Versions/A/Frameworks/FSEvents.framework/Versions/A/FSEvents
0x00000000053a4000 	/System/Library/Frameworks/CoreServices.framework/Versions/A/Frameworks/CarbonCore.framework/Versions/A/CarbonCore
0x00000000053a4000 	/System/Library/Frameworks/CoreServices.framework/Versions/A/Frameworks/Metadata.framework/Versions/A/Metadata
0x00000000053a4000 	/System/Library/Frameworks/CoreServices.framework/Versions/A/Frameworks/OSServices.framework/Versions/A/OSServices
0x00000000053a4000 	/System/Library/Frameworks/CoreServices.framework/Versions/A/Frameworks/SearchKit.framework/Versions/A/SearchKit
0x00000000053a4000 	/System/Library/Frameworks/CoreServices.framework/Versions/A/Frameworks/AE.framework/Versions/A/AE
0x00000000053a4000 	/System/Library/Frameworks/CoreServices.framework/Versions/A/Frameworks/LaunchServices.framework/Versions/A/LaunchServices
0x00000000053a4000 	/System/Library/Frameworks/CoreServices.framework/Versions/A/Frameworks/DictionaryServices.framework/Versions/A/DictionaryServices
0x00000000053a4000 	/System/Library/Frameworks/CoreServices.framework/Versions/A/Frameworks/SharedFileList.framework/Versions/A/SharedFileList
0x00000000053a4000 	/System/Library/Frameworks/NetFS.framework/Versions/A/NetFS
0x00000000053a4000 	/System/Library/PrivateFrameworks/NetAuth.framework/Versions/A/NetAuth
0x00000000053a4000 	/System/Library/PrivateFrameworks/login.framework/Versions/A/Frameworks/loginsupport.framework/Versions/A/loginsupport
0x00000000053a4000 	/System/Library/PrivateFrameworks/TCC.framework/Versions/A/TCC
0x00000000053a4000 	/usr/lib/libmecabra.dylib
0x00000000053a4000 	/System/Library/Frameworks/ApplicationServices.framework/Versions/A/Frameworks/ATS.framework/Versions/A/ATS
0x00000000053a4000 	/System/Library/Frameworks/ApplicationServices.framework/Versions/A/Frameworks/ColorSyncLegacy.framework/Versions/A/ColorSyncLegacy
0x00000000053a4000 	/System/Library/Frameworks/ApplicationServices.framework/Versions/A/Frameworks/HIServices.framework/Versions/A/HIServices
0x00000000053a4000 	/System/Library/Frameworks/ApplicationServices.framework/Versions/A/Frameworks/LangAnalysis.framework/Versions/A/LangAnalysis
0x00000000053a4000 	/System/Library/Frameworks/ApplicationServices.framework/Versions/A/Frameworks/PrintCore.framework/Versions/A/PrintCore
0x00000000053a4000 	/System/Library/Frameworks/ApplicationServices.framework/Versions/A/Frameworks/QD.framework/Versions/A/QD
0x00000000053a4000 	/System/Library/Frameworks/ApplicationServices.framework/Versions/A/Frameworks/SpeechSynthesis.framework/Versions/A/SpeechSynthesis
0x00000000053a4000 	/System/Library/Frameworks/CoreDisplay.framework/Versions/A/CoreDisplay
0x00000000053a4000 	/System/Library/Frameworks/Accelerate.framework/Versions/A/Frameworks/vImage.framework/Versions/A/vImage
0x00000000053a4000 	/System/Library/Frameworks/Accelerate.framework/Versions/A/Frameworks/vecLib.framework/Versions/A/vecLib
0x00000000053a4000 	/System/Library/Frameworks/Accelerate.framework/Versions/A/Frameworks/vecLib.framework/Versions/A/libvDSP.dylib
0x00000000053a4000 	/System/Library/Frameworks/Accelerate.framework/Versions/A/Frameworks/vecLib.framework/Versions/A/libBNNS.dylib
0x00000000053a4000 	/System/Library/Frameworks/Accelerate.framework/Versions/A/Frameworks/vecLib.framework/Versions/A/libQuadrature.dylib
0x00000000053a4000 	/System/Library/Frameworks/Accelerate.framework/Versions/A/Frameworks/vecLib.framework/Versions/A/libvMisc.dylib
0x00000000053a4000 	/System/Library/Frameworks/Accelerate.framework/Versions/A/Frameworks/vecLib.framework/Versions/A/libLAPACK.dylib
0x00000000053a4000 	/System/Library/Frameworks/Accelerate.framework/Versions/A/Frameworks/vecLib.framework/Versions/A/libBLAS.dylib
0x00000000053a4000 	/System/Library/Frameworks/Accelerate.framework/Versions/A/Frameworks/vecLib.framework/Versions/A/libLinearAlgebra.dylib
0x00000000053a4000 	/System/Library/Frameworks/Accelerate.framework/Versions/A/Frameworks/vecLib.framework/Versions/A/libSparse.dylib
0x00000000053a4000 	/System/Library/Frameworks/Accelerate.framework/Versions/A/Frameworks/vecLib.framework/Versions/A/libSparseBLAS.dylib
0x00000000053a4000 	/System/Library/PrivateFrameworks/IOAccelerator.framework/Versions/A/IOAccelerator
0x00000000053a4000 	/System/Library/PrivateFrameworks/IOPresentment.framework/Versions/A/IOPresentment
0x00000000053a4000 	/System/Library/PrivateFrameworks/DSExternalDisplay.framework/Versions/A/DSExternalDisplay
0x00000000053a4000 	/System/Library/Frameworks/OpenGL.framework/Versions/A/Libraries/libCoreFSCache.dylib
0x00000000053a4000 	/System/Library/Frameworks/CoreVideo.framework/Versions/A/CoreVideo
0x00000000053a4000 	/System/Library/PrivateFrameworks/GraphVisualizer.framework/Versions/A/GraphVisualizer
0x00000000053a4000 	/System/Library/Frameworks/MetalPerformanceShaders.framework/Versions/A/MetalPerformanceShaders
0x00000000053a4000 	/usr/lib/libFosl_dynamic.dylib
0x00000000053a4000 	/System/Library/PrivateFrameworks/FaceCore.framework/Versions/A/FaceCore
0x00000000053a4000 	/System/Library/Frameworks/OpenCL.framework/Versions/A/OpenCL
0x00000000053a4000 	/usr/lib/libcompression.dylib
0x00000000053a4000 	/System/Library/Frameworks/ApplicationServices.framework/Versions/A/Frameworks/ATS.framework/Versions/A/Resources/libFontParser.dylib
0x00000000053a4000 	/System/Library/Frameworks/ApplicationServices.framework/Versions/A/Frameworks/ATS.framework/Versions/A/Resources/libFontRegistry.dylib
0x00000000053a4000 	/System/Library/Frameworks/ImageIO.framework/Versions/A/Resources/libJPEG.dylib
0x00000000053a4000 	/System/Library/Frameworks/ImageIO.framework/Versions/A/Resources/libTIFF.dylib
0x00000000053a4000 	/System/Library/Frameworks/ImageIO.framework/Versions/A/Resources/libPng.dylib
0x00000000053a4000 	/System/Library/Frameworks/ImageIO.framework/Versions/A/Resources/libGIF.dylib
0x00000000053a4000 	/System/Library/Frameworks/ImageIO.framework/Versions/A/Resources/libJP2.dylib
0x00000000053a4000 	/System/Library/Frameworks/ImageIO.framework/Versions/A/Resources/libRadiance.dylib
0x00000000053a4000 	/System/Library/PrivateFrameworks/AppleJPEG.framework/Versions/A/AppleJPEG
0x00000000053a4000 	/System/Library/PrivateFrameworks/MetalTools.framework/Versions/A/MetalTools
0x00000000053a4000 	/System/Library/Frameworks/MetalPerformanceShaders.framework/Frameworks/MPSCore.framework/Versions/A/MPSCore
0x00000000053a4000 	/System/Library/Frameworks/MetalPerformanceShaders.framework/Frameworks/MPSImage.framework/Versions/A/MPSImage
0x00000000053a4000 	/System/Library/Frameworks/MetalPerformanceShaders.framework/Frameworks/MPSMatrix.framework/Versions/A/MPSMatrix
0x00000000053a4000 	/System/Library/Frameworks/MetalPerformanceShaders.framework/Frameworks/MPSNeuralNetwork.framework/Versions/A/MPSNeuralNetwork
0x00000000053a4000 	/System/Library/Frameworks/OpenGL.framework/Versions/A/Libraries/libGLU.dylib
0x00000000053a4000 	/System/Library/Frameworks/OpenGL.framework/Versions/A/Libraries/libGFXShared.dylib
0x00000000053a4000 	/System/Library/Frameworks/OpenGL.framework/Versions/A/Libraries/libGL.dylib
0x00000000053a4000 	/System/Library/Frameworks/OpenGL.framework/Versions/A/Libraries/libGLImage.dylib
0x00000000053a4000 	/System/Library/Frameworks/OpenGL.framework/Versions/A/Libraries/libCVMSPluginSupport.dylib
0x00000000053a4000 	/System/Library/Frameworks/OpenGL.framework/Versions/A/Libraries/libCoreVMClient.dylib
0x00000000053a4000 	/usr/lib/libcups.2.dylib
0x00000000053a4000 	/System/Library/Frameworks/Kerberos.framework/Versions/A/Kerberos
0x00000000053a4000 	/System/Library/Frameworks/GSS.framework/Versions/A/GSS
0x00000000053a4000 	/usr/lib/libresolv.9.dylib
0x00000000053a4000 	/usr/lib/libiconv.2.dylib
0x00000000053a4000 	/System/Library/PrivateFrameworks/Heimdal.framework/Versions/A/Heimdal
0x00000000053a4000 	/usr/lib/libheimdal-asn1.dylib
0x00000000053a4000 	/System/Library/Frameworks/OpenDirectory.framework/Versions/A/OpenDirectory
0x00000000053a4000 	/System/Library/PrivateFrameworks/CommonAuth.framework/Versions/A/CommonAuth
0x00000000053a4000 	/System/Library/Frameworks/OpenDirectory.framework/Versions/A/Frameworks/CFOpenDirectory.framework/Versions/A/CFOpenDirectory
0x00000000053a4000 	/System/Library/Frameworks/SecurityFoundation.framework/Versions/A/SecurityFoundation
0x00000000053a4000 	/System/Library/PrivateFrameworks/APFS.framework/Versions/A/APFS
0x00000000053a4000 	/usr/lib/libutil.dylib
0x00000000053a4000 	/System/Library/PrivateFrameworks/AppleSauce.framework/Versions/A/AppleSauce
0x00000000053a4000 	/System/Library/PrivateFrameworks/LinguisticData.framework/Versions/A/LinguisticData
0x00000000053a4000 	/usr/lib/libmarisa.dylib
0x00000000053a4000 	/System/Library/PrivateFrameworks/Lexicon.framework/Versions/A/Lexicon
0x00000000053a4000 	/usr/lib/libChineseTokenizer.dylib
0x00000000053a4000 	/usr/lib/libcmph.dylib
0x00000000053a4000 	/System/Library/PrivateFrameworks/LanguageModeling.framework/Versions/A/LanguageModeling
0x00000000053a4000 	/System/Library/PrivateFrameworks/CoreEmoji.framework/Versions/A/CoreEmoji
0x00000000053a4000 	/System/Library/Frameworks/ServiceManagement.framework/Versions/A/ServiceManagement
0x00000000053a4000 	/System/Library/PrivateFrameworks/BackgroundTaskManagement.framework/Versions/A/BackgroundTaskManagement
0x00000000053a4000 	/usr/lib/libxslt.1.dylib
0x00000000053a4000 	/System/Library/Frameworks/Carbon.framework/Versions/A/Frameworks/Ink.framework/Versions/A/Ink
0x00000000053a4000 	/System/Library/PrivateFrameworks/TextureIO.framework/Versions/A/TextureIO
0x00000000053a4000 	/usr/lib/libate.dylib
0x00000000053a4000 	/System/Library/PrivateFrameworks/CrashReporterSupport.framework/Versions/A/CrashReporterSupport
0x00000000053a4000 	/System/Library/PrivateFrameworks/Sharing.framework/Versions/A/Sharing
0x00000000053a4000 	/System/Library/PrivateFrameworks/IconServices.framework/Versions/A/IconServices
0x00000000053a4000 	/System/Library/PrivateFrameworks/ProtocolBuffer.framework/Versions/A/ProtocolBuffer
0x00000000053a4000 	/System/Library/PrivateFrameworks/Apple80211.framework/Versions/A/Apple80211
0x00000000053a4000 	/System/Library/Frameworks/CoreWLAN.framework/Versions/A/CoreWLAN
0x00000000053a4000 	/System/Library/PrivateFrameworks/CoreUtils.framework/Versions/A/CoreUtils
0x00000000053a4000 	/System/Library/Frameworks/IOBluetooth.framework/Versions/A/IOBluetooth
0x00000000053a4000 	/System/Library/PrivateFrameworks/CoreWiFi.framework/Versions/A/CoreWiFi
0x00000000053a4000 	/System/Library/Frameworks/CoreBluetooth.framework/Versions/A/CoreBluetooth
0x00000000053a4000 	/System/Library/PrivateFrameworks/SignpostNotification.framework/Versions/A/SignpostNotification
0x00000000053a4000 	/System/Library/PrivateFrameworks/DebugSymbols.framework/Versions/A/DebugSymbols
0x00000000053a4000 	/System/Library/PrivateFrameworks/CoreSymbolication.framework/Versions/A/CoreSymbolication
0x00000000053a4000 	/System/Library/PrivateFrameworks/Symbolication.framework/Versions/A/Symbolication
0x00000000053a4000 	/System/Library/PrivateFrameworks/AppleFSCompression.framework/Versions/A/AppleFSCompression
0x00000000053a4000 	/System/Library/PrivateFrameworks/SpeechRecognitionCore.framework/Versions/A/SpeechRecognitionCore
0x0000000106200000 	/Applications/Android Studio.app/Contents/jre/jdk/Contents/Home/jre/lib/server/libjvm.dylib
0x00000000053a4000 	/usr/lib/libstdc++.6.0.9.dylib
0x000000010519d000 	/Applications/Android Studio.app/Contents/jre/jdk/Contents/Home/jre/lib/libverify.dylib
0x00000001051a9000 	/Applications/Android Studio.app/Contents/jre/jdk/Contents/Home/jre/lib/libjava.dylib
0x00000001051e7000 	/Applications/Android Studio.app/Contents/jre/jdk/Contents/Home/jre/lib/libzip.dylib
0x000000011c5b6000 	/Applications/Android Studio.app/Contents/jre/jdk/Contents/Home/jre/lib/libnet.dylib
0x000000011c615000 	/Applications/Android Studio.app/Contents/jre/jdk/Contents/Home/jre/lib/libnio.dylib
0x000000011c879000 	/Users/annascott/.gradle/native/25/osx-amd64/libnative-platform.dylib
0x000000011cc00000 	/Applications/Android Studio.app/Contents/jre/jdk/Contents/Home/jre/lib/libmanagement.dylib
0x0000000120a88000 	/Applications/Android Studio.app/Contents/jre/jdk/Contents/Home/jre/lib/libawt.dylib
0x0000000121869000 	/Applications/Android Studio.app/Contents/jre/jdk/Contents/Home/jre/lib/./libmlib_image.dylib
0x00000000053a4000 	/System/Library/Frameworks/JavaVM.framework/Versions/A/Frameworks/JavaNativeFoundation.framework/Versions/A/JavaNativeFoundation
0x00000000053a4000 	/System/Library/Frameworks/JavaVM.framework/Versions/A/Frameworks/JavaRuntimeSupport.framework/Versions/A/JavaRuntimeSupport
0x00000000053a4000 	/System/Library/Frameworks/JavaVM.framework/Versions/A/JavaVM
0x00000000053a4000 	/System/Library/PrivateFrameworks/JavaLaunching.framework/Versions/A/JavaLaunching
0x00000000053a4000 	/System/Library/Frameworks/Carbon.framework/Versions/A/Carbon
0x00000000053a4000 	/System/Library/Frameworks/Carbon.framework/Versions/A/Frameworks/CommonPanels.framework/Versions/A/CommonPanels
0x00000000053a4000 	/System/Library/Frameworks/Carbon.framework/Versions/A/Frameworks/Help.framework/Versions/A/Help
0x00000000053a4000 	/System/Library/Frameworks/Carbon.framework/Versions/A/Frameworks/ImageCapture.framework/Versions/A/ImageCapture
0x00000000053a4000 	/System/Library/Frameworks/Carbon.framework/Versions/A/Frameworks/OpenScripting.framework/Versions/A/OpenScripting
0x00000000053a4000 	/System/Library/Frameworks/Carbon.framework/Versions/A/Frameworks/Print.framework/Versions/A/Print
0x00000000053a4000 	/System/Library/Frameworks/Carbon.framework/Versions/A/Frameworks/SecurityHI.framework/Versions/A/SecurityHI
0x0000000121928000 	/Applications/Android Studio.app/Contents/jre/jdk/Contents/Home/jre/lib/libawt_lwawt.dylib
0x000000011dcee000 	/Applications/Android Studio.app/Contents/jre/jdk/Contents/Home/jre/lib/./libosxapp.dylib
0x00000000053a4000 	/System/Library/Frameworks/ExceptionHandling.framework/Versions/A/ExceptionHandling

VM Arguments:
jvm_args: -Xmx1536m -Dfile.encoding=UTF-8 -Duser.country=US -Duser.language=en -Duser.variant 
java_command: org.gradle.launcher.daemon.bootstrap.GradleDaemon 4.4
java_class_path (initial): /Users/annascott/.gradle/wrapper/dists/gradle-4.4-all/9br9xq1tocpiv8o6njlyu5op1/gradle-4.4/lib/gradle-launcher-4.4.jar
Launcher Type: SUN_STANDARD

Environment Variables:
PATH=/usr/local/bin:/usr/bin:/bin:/usr/sbin:/sbin
SHELL=/bin/bash

Signal Handlers:
SIGSEGV: [libjvm.dylib+0x53f567], sa_mask[0]=11111111011111110111111111111111, sa_flags=SA_ONSTACK|SA_RESTART|SA_SIGINFO
SIGBUS: [libjvm.dylib+0x53f567], sa_mask[0]=11111111011111110111111111111111, sa_flags=SA_RESTART|SA_SIGINFO
SIGFPE: [libjvm.dylib+0x437adf], sa_mask[0]=11111111011111110111111111111111, sa_flags=SA_RESTART|SA_SIGINFO
SIGPIPE: [libjvm.dylib+0x437adf], sa_mask[0]=11111111011111110111111111111111, sa_flags=SA_RESTART|SA_SIGINFO
SIGXFSZ: [libjvm.dylib+0x437adf], sa_mask[0]=11111111011111110111111111111111, sa_flags=SA_RESTART|SA_SIGINFO
SIGILL: [libjvm.dylib+0x437adf], sa_mask[0]=11111111011111110111111111111111, sa_flags=SA_RESTART|SA_SIGINFO
SIGUSR1: SIG_DFL, sa_mask[0]=00000000000000000000000000000000, sa_flags=none
SIGUSR2: [libjvm.dylib+0x438404], sa_mask[0]=00100000000000000000000000000000, sa_flags=SA_RESTART|SA_SIGINFO
SIGHUP: [libjvm.dylib+0x4365f9], sa_mask[0]=11111111011111110111111111111111, sa_flags=SA_RESTART|SA_SIGINFO
SIGINT: [libjvm.dylib+0x4365f9], sa_mask[0]=11111111011111110111111111111111, sa_flags=SA_RESTART|SA_SIGINFO
SIGTERM: [libjvm.dylib+0x4365f9], sa_mask[0]=11111111011111110111111111111111, sa_flags=SA_RESTART|SA_SIGINFO
SIGQUIT: [libjvm.dylib+0x4365f9], sa_mask[0]=11111111011111110111111111111111, sa_flags=SA_RESTART|SA_SIGINFO


---------------  S Y S T E M  ---------------

OS:Bsduname:Darwin 17.3.0 Darwin Kernel Version 17.3.0: Thu Nov  9 18:09:22 PST 2017; root:xnu-4570.31.3~1/RELEASE_X86_64 x86_64
rlimit: STACK 8192k, CORE 0k, NPROC 1418, NOFILE 10240, AS infinity
load average:2.15 1.80 1.84

CPU:total 8 (initial active 8) (4 cores per cpu, 2 threads per core) family 6 model 94 stepping 3, cmov, cx8, fxsr, mmx, sse, sse2, sse3, ssse3, sse4.1, sse4.2, popcnt, avx, avx2, aes, clmul, erms, rtm, 3dnowpref, lzcnt, ht, tsc, tscinvbit, bmi1, bmi2, adx

Memory: 4k page, physical 16777216k(4028812k free)

/proc/meminfo:


vm_info: OpenJDK 64-Bit Server VM (25.152-b01) for bsd-amd64 JRE (1.8.0_152-release-1024-b01), built by "builder" with gcc 4.2.1 Compatible Apple LLVM 8.1.0 (clang-802.0.42)

time: Sun May 27 22:17:45 2018
elapsed time: 2652 seconds (0d 0h 44m 12s)

