#
# A fatal error has been detected by the Java Runtime Environment:
#
#  SIGSEGV (0xb) at pc=0x0000000103b11813, pid=567, tid=0x0000000000004403
#
# JRE version: OpenJDK Runtime Environment (8.0_152-b01) (build 1.8.0_152-release-1024-b01)
# Java VM: OpenJDK 64-Bit Server VM (25.152-b01 mixed mode bsd-amd64 compressed oops)
# Problematic frame:
# V  [libjvm.dylib+0x511813]  Type::meet_helper(Type const*, bool) const+0xd
#
# Failed to write core dump. Core dumps have been disabled. To enable core dumping, try "ulimit -c unlimited" before starting Java again
#
# If you would like to submit a bug report, please visit:
#   http://bugreport.java.com/bugreport/crash.jsp
#

---------------  T H R E A D  ---------------

Current thread (0x00007fdfd2817800):  JavaThread "C2 CompilerThread0" daemon [_thread_in_native, id=17411, stack(0x000070000dc85000,0x000070000dd85000)]

siginfo: si_signo: 11 (SIGSEGV), si_code: 0 (unknown), si_addr: 0x0000000000000000

Registers:
RAX=0x0000000103e0d620, RBX=0x80007fdfd4467eb8, RCX=0x00007fdfd5106e10, RDX=0x0000000000000000
RSP=0x000070000dd83140, RBP=0x000070000dd83150, RSI=0x00007fdfd2840400, RDI=0x80007fdfd4467eb8
R8 =0x0000000000000000, R9 =0x0000000000000010, R10=0x0000000000000002, R11=0x00000000000000d0
R12=0x000070000dd834a0, R13=0x00007fdfd3100950, R14=0x00007fdfd2840400, R15=0x0000000000000000
RIP=0x0000000103b11813, EFLAGS=0x0000000000010246, ERR=0x0000000000000000
  TRAPNO=0x000000000000000d

Top of Stack: (sp=0x000070000dd83140)
0x000070000dd83140:   00007fdfd2840400 00007fdfd3100950
0x000070000dd83150:   000070000dd83190 0000000103acea4b
0x000070000dd83160:   0000000103da9530 00007fdfd3100950
0x000070000dd83170:   00007fdfd3100950 00007fdfd3100950
0x000070000dd83180:   000070000dd834a0 000070000dd84078
0x000070000dd83190:   000070000dd831c0 0000000103a61522
0x000070000dd831a0:   0000000000000004 00007fdfd3100950
0x000070000dd831b0:   000070000dd83320 000070000dd84078
0x000070000dd831c0:   000070000dd83220 0000000103a56d68
0x000070000dd831d0:   00007fdfd30ffbe0 0000000103b6b733
0x000070000dd831e0:   00007fdfd510c048 0000000103a614f6
0x000070000dd831f0:   000070000dd834a0 000070000dd83320
0x000070000dd83200:   0000000103b6b733 0000000000000000
0x000070000dd83210:   000070000dd83418 0000000000000000
0x000070000dd83220:   000070000dd83260 0000000103a4e814
0x000070000dd83230:   0000000000100000 00007fdfd446ecd8
0x000070000dd83240:   0000000000000007 00000000000002d8
0x000070000dd83250:   00007fdfd446ecd8 00007fdfd446ea00
0x000070000dd83260:   000070000dd832c0 0000000103a4de06
0x000070000dd83270:   000070000dd832a0 000000010386a053
0x000070000dd83280:   000070000dd84001 000070000dd83320
0x000070000dd83290:   000170000dd83320 0000000000000000
0x000070000dd832a0:   00007fdfd446ea00 00007fdfd446ea00
0x000070000dd832b0:   00007fdfd65b1260 0000000000000000
0x000070000dd832c0:   000070000dd83310 0000000103a4cba3
0x000070000dd832d0:   0000000000000001 0000000000000000
0x000070000dd832e0:   000070000dd83320 000070000dd84078
0x000070000dd832f0:   000070000dd84210 000070000dd84168
0x000070000dd83300:   00007fdfd4605950 00007fdfd446e9e0
0x000070000dd83310:   000070000dd83490 000000010373bf92
0x000070000dd83320:   0000000103de0778 0000000000000001
0x000070000dd83330:   000070000dd84078 000070000dd84af8 

Instructions: (pc=0x0000000103b11813)
0x0000000103b117f3:   5d c3 90 55 48 89 e5 31 c0 5d c3 55 48 89 e5 31
0x0000000103b11803:   c0 5d c3 55 48 89 e5 41 56 53 49 89 f6 48 89 fb
0x0000000103b11813:   8b 43 10 48 85 db 74 3f 83 f8 06 75 3a 4d 85 f6
0x0000000103b11823:   74 35 41 83 7e 10 06 75 2e 48 8b 7b 18 49 8b 76 

Register to memory mapping:

RAX=0x0000000103e0d620: _ZN7TypeInt4ZEROE+0 in /Applications/Android Studio.app/Contents/jre/jdk/Contents/Home/jre/lib/server/libjvm.dylib at 0x0000000103600000
RBX=0x80007fdfd4467eb8 is an unknown value
RCX=0x00007fdfd5106e10 is an unknown value
RDX=0x0000000000000000 is an unknown value
RSP=0x000070000dd83140 is pointing into the stack for thread: 0x00007fdfd2817800
RBP=0x000070000dd83150 is pointing into the stack for thread: 0x00007fdfd2817800
RSI=0x00007fdfd2840400 is an unknown value
RDI=0x80007fdfd4467eb8 is an unknown value
R8 =0x0000000000000000 is an unknown value
R9 =0x0000000000000010 is an unknown value
R10=0x0000000000000002 is an unknown value
R11=0x00000000000000d0 is an unknown value
R12=0x000070000dd834a0 is pointing into the stack for thread: 0x00007fdfd2817800
R13=0x00007fdfd3100950 is an unknown value
R14=0x00007fdfd2840400 is an unknown value
R15=0x0000000000000000 is an unknown value


Stack: [0x000070000dc85000,0x000070000dd85000],  sp=0x000070000dd83140,  free space=1016k
Native frames: (J=compiled Java code, j=interpreted, Vv=VM code, C=native code)
V  [libjvm.dylib+0x511813]  Type::meet_helper(Type const*, bool) const+0xd
V  [libjvm.dylib+0x4cea4b]  CmpINode::Ideal(PhaseGVN*, bool)+0x3f
V  [libjvm.dylib+0x461522]  PhaseGVN::transform_no_reclaim(Node*)+0x22
V  [libjvm.dylib+0x456d68]  Parse::do_one_bytecode()+0x2f60
V  [libjvm.dylib+0x44e814]  Parse::do_one_block()+0xf8
V  [libjvm.dylib+0x44de06]  Parse::do_all_blocks()+0x274
V  [libjvm.dylib+0x44cba3]  Parse::Parse(JVMState*, ciMethod*, float)+0x5c3
V  [libjvm.dylib+0x13bf92]  ParseGenerator::generate(JVMState*)+0x78
V  [libjvm.dylib+0x1950e3]  Compile::Compile(ciEnv*, C2Compiler*, ciMethod*, int, bool, bool, bool)+0x755
V  [libjvm.dylib+0x13b9da]  C2Compiler::compile_method(ciEnv*, ciMethod*, int)+0xa4
V  [libjvm.dylib+0x1a067a]  CompileBroker::invoke_compiler_on_method(CompileTask*)+0x564
V  [libjvm.dylib+0x19fc78]  CompileBroker::compiler_thread_loop()+0x270
V  [libjvm.dylib+0x505e88]  JavaThread::thread_main_inner()+0x82
V  [libjvm.dylib+0x505d4d]  JavaThread::run()+0x199
V  [libjvm.dylib+0x435709]  java_start(Thread*)+0xfa
C  [libsystem_pthread.dylib+0x36c1]  _pthread_body+0x154
C  [libsystem_pthread.dylib+0x356d]  _pthread_body+0x0
C  [libsystem_pthread.dylib+0x2c5d]  thread_start+0xd
C  0x0000000000000000


Current CompileTask:
C2:   6893 5137       4       org.objectweb.asm.Frame::execute (2252 bytes)


---------------  P R O C E S S  ---------------

Java Threads: ( => current thread )
  0x00007fdfd1c49800 JavaThread "Memory manager" [_thread_blocked, id=37635, stack(0x000070000f6d3000,0x000070000f7d3000)]
  0x00007fdfd65c1800 JavaThread "build operations Thread 8" [_thread_blocked, id=38147, stack(0x000070000f5d0000,0x000070000f6d0000)]
  0x00007fdfd55df000 JavaThread "build operations Thread 7" [_thread_blocked, id=38659, stack(0x000070000f4cd000,0x000070000f5cd000)]
  0x00007fdfd26ee800 JavaThread "build operations Thread 6" [_thread_blocked, id=26115, stack(0x000070000f3ca000,0x000070000f4ca000)]
  0x00007fdfd26ed800 JavaThread "build operations Thread 5" [_thread_blocked, id=25603, stack(0x000070000f2c7000,0x000070000f3c7000)]
  0x00007fdfd26f3800 JavaThread "build operations Thread 4" [_thread_blocked, id=38915, stack(0x000070000f1c4000,0x000070000f2c4000)]
  0x00007fdfd26f2800 JavaThread "build operations Thread 3" [_thread_blocked, id=24835, stack(0x000070000f0c1000,0x000070000f1c1000)]
  0x00007fdfd65c0800 JavaThread "build operations Thread 2" [_thread_blocked, id=39171, stack(0x000070000efbe000,0x000070000f0be000)]
  0x00007fdfd65c3000 JavaThread "build operations" [_thread_blocked, id=24323, stack(0x000070000eebb000,0x000070000efbb000)]
  0x00007fdfd78d7000 JavaThread "Cache worker for Artifact transforms cache (/Users/annascott/.gradle/caches/transforms-1)" [_thread_blocked, id=39939, stack(0x000070000edb8000,0x000070000eeb8000)]
  0x00007fdfd2af5000 JavaThread "Cache worker for file hash cache (/Users/annascott/Downloads/MusicforWellbeing/.gradle/4.4/fileHashes)" [_thread_blocked, id=40451, stack(0x000070000ecb5000,0x000070000edb5000)]
  0x00007fdfd2b05000 JavaThread "File lock request listener" [_thread_in_native, id=23811, stack(0x000070000ebb2000,0x000070000ecb2000)]
  0x00007fdfd1bfb000 JavaThread "Cache worker for file hash cache (/Users/annascott/.gradle/caches/4.4/fileHashes)" [_thread_blocked, id=40707, stack(0x000070000eaaf000,0x000070000ebaf000)]
  0x00007fdfd29a4000 JavaThread "Stdin handler" [_thread_blocked, id=23043, stack(0x000070000e9ac000,0x000070000eaac000)]
  0x00007fdfd4205800 JavaThread "Asynchronous log dispatcher for DefaultDaemonConnection: socket connection from /127.0.0.1:50102 to /127.0.0.1:50103" [_thread_blocked, id=22787, stack(0x000070000e8a9000,0x000070000e9a9000)]
  0x00007fdfd1bf9800 JavaThread "Daemon worker" [_thread_in_Java, id=22531, stack(0x000070000e7a6000,0x000070000e8a6000)]
  0x00007fdfd1bf7800 JavaThread "Cancel handler" [_thread_blocked, id=41731, stack(0x000070000e6a3000,0x000070000e7a3000)]
  0x00007fdfd1bf5800 JavaThread "Handler for socket connection from /127.0.0.1:50102 to /127.0.0.1:50103" [_thread_in_native, id=42243, stack(0x000070000e5a0000,0x000070000e6a0000)]
  0x00007fdfd1bf2800 JavaThread "Daemon" [_thread_blocked, id=22275, stack(0x000070000e49d000,0x000070000e59d000)]
  0x00007fdfd2204000 JavaThread "Daemon periodic checks" [_thread_blocked, id=43011, stack(0x000070000e39a000,0x000070000e49a000)]
  0x00007fdfd1bf1000 JavaThread "Incoming local TCP Connector on port 50102" [_thread_in_native, id=22019, stack(0x000070000e297000,0x000070000e397000)]
  0x00007fdfd300b000 JavaThread "Service Thread" daemon [_thread_blocked, id=16131, stack(0x000070000e091000,0x000070000e191000)]
  0x00007fdfd300f000 JavaThread "C1 CompilerThread3" daemon [_thread_in_native, id=15107, stack(0x000070000df8e000,0x000070000e08e000)]
  0x00007fdfd2016800 JavaThread "C2 CompilerThread2" daemon [_thread_in_native, id=16387, stack(0x000070000de8b000,0x000070000df8b000)]
  0x00007fdfd2015800 JavaThread "C2 CompilerThread1" daemon [_thread_in_native, id=16899, stack(0x000070000dd88000,0x000070000de88000)]
=>0x00007fdfd2817800 JavaThread "C2 CompilerThread0" daemon [_thread_in_native, id=17411, stack(0x000070000dc85000,0x000070000dd85000)]
  0x00007fdfd2026800 JavaThread "Signal Dispatcher" daemon [_thread_blocked, id=14347, stack(0x000070000db82000,0x000070000dc82000)]
  0x00007fdfd3009800 JavaThread "Finalizer" daemon [_thread_blocked, id=13059, stack(0x000070000da7f000,0x000070000db7f000)]
  0x00007fdfd5802000 JavaThread "Reference Handler" daemon [_thread_blocked, id=19971, stack(0x000070000d97c000,0x000070000da7c000)]
  0x00007fdfd3000800 JavaThread "main" [_thread_blocked, id=9987, stack(0x000070000cf5e000,0x000070000d05e000)]

Other Threads:
  0x00007fdfd1815000 VMThread [stack: 0x000070000d879000,0x000070000d979000] [id=20483]
  0x00007fdfd3010000 WatcherThread [stack: 0x000070000e194000,0x000070000e294000] [id=15875]

VM state:not at safepoint (normal execution)

VM Mutex/Monitor currently owned by a thread: None

Heap:
 PSYoungGen      total 156672K, used 94407K [0x00000007a0000000, 0x00000007acc00000, 0x00000007c0000000)
  eden space 143360K, 56% used [0x00000007a0000000,0x00000007a4f32078,0x00000007a8c00000)
  from space 13312K, 99% used [0x00000007a9b00000,0x00000007aa7ffb98,0x00000007aa800000)
  to   space 15360K, 0% used [0x00000007a8c00000,0x00000007a8c00000,0x00000007a9b00000)
 ParOldGen       total 175616K, used 19717K [0x0000000760000000, 0x000000076ab80000, 0x00000007a0000000)
  object space 175616K, 11% used [0x0000000760000000,0x00000007613414e0,0x000000076ab80000)
 Metaspace       used 50688K, capacity 52280K, committed 52440K, reserved 1093632K
  class space    used 6980K, capacity 7369K, committed 7424K, reserved 1048576K

Card table byte_map: [0x0000000104468000,0x0000000104769000] byte_map_base: 0x0000000100968000

Marking Bits: (ParMarkBitMap*) 0x0000000103df81c8
 Begin Bits: [0x0000000104969000, 0x0000000106169000)
 End Bits:   [0x0000000106169000, 0x0000000107969000)

Polling page: 0x00000001025c0000

CodeCache: size=245760Kb used=17015Kb max_used=17015Kb free=228744Kb
 bounds [0x0000000110254000, 0x0000000111304000, 0x000000011f254000]
 total_blobs=5836 nmethods=5091 adapters=658
 compilation: enabled

Compilation events (10 events):
Event: 6.863 Thread 0x00007fdfd300f000 nmethod 5132 0x00000001112f6b10 code [0x00000001112f6c60, 0x00000001112f6d70]
Event: 6.863 Thread 0x00007fdfd300f000 5133       1       com.google.common.cache.CacheBuilder$3::read (2 bytes)
Event: 6.863 Thread 0x00007fdfd300f000 nmethod 5133 0x00000001112ed010 code [0x00000001112ed160, 0x00000001112ed270]
Event: 6.874 Thread 0x00007fdfd2817800 5134       4       java.util.Arrays$ArrayList::indexOf (62 bytes)
Event: 6.876 Thread 0x00007fdfd300f000 5136       3       org.objectweb.asm.Frame::set (65 bytes)
Event: 6.876 Thread 0x00007fdfd300f000 nmethod 5136 0x00000001112ef250 code [0x00000001112ef3e0, 0x00000001112ef8c8]
Event: 6.877 Thread 0x00007fdfd2817800 nmethod 5134 0x00000001112eec90 code [0x00000001112eede0, 0x00000001112ef118]
Event: 6.877 Thread 0x00007fdfd2817800 5135       4       org.objectweb.asm.Type::getArgumentsAndReturnSizes (151 bytes)
Event: 6.884 Thread 0x00007fdfd2817800 nmethod 5135 0x00000001112f9310 code [0x00000001112f94a0, 0x00000001112f9938]
Event: 6.884 Thread 0x00007fdfd2817800 5137       4       org.objectweb.asm.Frame::execute (2252 bytes)

GC Heap History (10 events):
Event: 2.371 GC heap before
{Heap before GC invocations=4 (full 1):
 PSYoungGen      total 76288K, used 8969K [0x00000007a0000000, 0x00000007a9500000, 0x00000007c0000000)
  eden space 65536K, 0% used [0x00000007a0000000,0x00000007a0000000,0x00000007a4000000)
  from space 10752K, 83% used [0x00000007a4000000,0x00000007a48c25b0,0x00000007a4a80000)
  to   space 10752K, 0% used [0x00000007a8a80000,0x00000007a8a80000,0x00000007a9500000)
 ParOldGen       total 175104K, used 32K [0x0000000760000000, 0x000000076ab00000, 0x00000007a0000000)
  object space 175104K, 0% used [0x0000000760000000,0x0000000760008000,0x000000076ab00000)
 Metaspace       used 20734K, capacity 21102K, committed 21248K, reserved 1067008K
  class space    used 2920K, capacity 3069K, committed 3072K, reserved 1048576K
Event: 2.401 GC heap after
Heap after GC invocations=4 (full 1):
 PSYoungGen      total 76288K, used 0K [0x00000007a0000000, 0x00000007a9500000, 0x00000007c0000000)
  eden space 65536K, 0% used [0x00000007a0000000,0x00000007a0000000,0x00000007a4000000)
  from space 10752K, 0% used [0x00000007a4000000,0x00000007a4000000,0x00000007a4a80000)
  to   space 10752K, 0% used [0x00000007a8a80000,0x00000007a8a80000,0x00000007a9500000)
 ParOldGen       total 106496K, used 8656K [0x0000000760000000, 0x0000000766800000, 0x00000007a0000000)
  object space 106496K, 8% used [0x0000000760000000,0x0000000760874138,0x0000000766800000)
 Metaspace       used 20734K, capacity 21102K, committed 21248K, reserved 1067008K
  class space    used 2920K, capacity 3069K, committed 3072K, reserved 1048576K
}
Event: 3.235 GC heap before
{Heap before GC invocations=5 (full 1):
 PSYoungGen      total 76288K, used 65536K [0x00000007a0000000, 0x00000007a9500000, 0x00000007c0000000)
  eden space 65536K, 100% used [0x00000007a0000000,0x00000007a4000000,0x00000007a4000000)
  from space 10752K, 0% used [0x00000007a4000000,0x00000007a4000000,0x00000007a4a80000)
  to   space 10752K, 0% used [0x00000007a8a80000,0x00000007a8a80000,0x00000007a9500000)
 ParOldGen       total 106496K, used 8656K [0x0000000760000000, 0x0000000766800000, 0x00000007a0000000)
  object space 106496K, 8% used [0x0000000760000000,0x0000000760874138,0x0000000766800000)
 Metaspace       used 26259K, capacity 26798K, committed 27136K, reserved 1073152K
  class space    used 3642K, capacity 3828K, committed 3840K, reserved 1048576K
Event: 3.244 GC heap after
Heap after GC invocations=5 (full 1):
 PSYoungGen      total 105472K, used 6902K [0x00000007a0000000, 0x00000007a9180000, 0x00000007c0000000)
  eden space 98304K, 0% used [0x00000007a0000000,0x00000007a0000000,0x00000007a6000000)
  from space 7168K, 96% used [0x00000007a8a80000,0x00000007a913da70,0x00000007a9180000)
  to   space 10752K, 0% used [0x00000007a7c80000,0x00000007a7c80000,0x00000007a8700000)
 ParOldGen       total 106496K, used 8664K [0x0000000760000000, 0x0000000766800000, 0x00000007a0000000)
  object space 106496K, 8% used [0x0000000760000000,0x0000000760876138,0x0000000766800000)
 Metaspace       used 26259K, capacity 26798K, committed 27136K, reserved 1073152K
  class space    used 3642K, capacity 3828K, committed 3840K, reserved 1048576K
}
Event: 4.386 GC heap before
{Heap before GC invocations=6 (full 1):
 PSYoungGen      total 105472K, used 95588K [0x00000007a0000000, 0x00000007a9180000, 0x00000007c0000000)
  eden space 98304K, 90% used [0x00000007a0000000,0x00000007a569b988,0x00000007a6000000)
  from space 7168K, 96% used [0x00000007a8a80000,0x00000007a913da70,0x00000007a9180000)
  to   space 10752K, 0% used [0x00000007a7c80000,0x00000007a7c80000,0x00000007a8700000)
 ParOldGen       total 106496K, used 8664K [0x0000000760000000, 0x0000000766800000, 0x00000007a0000000)
  object space 106496K, 8% used [0x0000000760000000,0x0000000760876138,0x0000000766800000)
 Metaspace       used 34659K, capacity 35200K, committed 35416K, reserved 1079296K
  class space    used 4775K, capacity 4970K, committed 4992K, reserved 1048576K
Event: 4.396 GC heap after
Heap after GC invocations=6 (full 1):
 PSYoungGen      total 138240K, used 10721K [0x00000007a0000000, 0x00000007aa800000, 0x00000007c0000000)
  eden space 127488K, 0% used [0x00000007a0000000,0x00000007a0000000,0x00000007a7c80000)
  from space 10752K, 99% used [0x00000007a7c80000,0x00000007a86f84d0,0x00000007a8700000)
  to   space 13312K, 0% used [0x00000007a9b00000,0x00000007a9b00000,0x00000007aa800000)
 ParOldGen       total 106496K, used 10574K [0x0000000760000000, 0x0000000766800000, 0x00000007a0000000)
  object space 106496K, 9% used [0x0000000760000000,0x0000000760a53988,0x0000000766800000)
 Metaspace       used 34659K, capacity 35200K, committed 35416K, reserved 1079296K
  class space    used 4775K, capacity 4970K, committed 4992K, reserved 1048576K
}
Event: 4.396 GC heap before
{Heap before GC invocations=7 (full 2):
 PSYoungGen      total 138240K, used 10721K [0x00000007a0000000, 0x00000007aa800000, 0x00000007c0000000)
  eden space 127488K, 0% used [0x00000007a0000000,0x00000007a0000000,0x00000007a7c80000)
  from space 10752K, 99% used [0x00000007a7c80000,0x00000007a86f84d0,0x00000007a8700000)
  to   space 13312K, 0% used [0x00000007a9b00000,0x00000007a9b00000,0x00000007aa800000)
 ParOldGen       total 106496K, used 10574K [0x0000000760000000, 0x0000000766800000, 0x00000007a0000000)
  object space 106496K, 9% used [0x0000000760000000,0x0000000760a53988,0x0000000766800000)
 Metaspace       used 34659K, capacity 35200K, committed 35416K, reserved 1079296K
  class space    used 4775K, capacity 4970K, committed 4992K, reserved 1048576K
Event: 4.435 GC heap after
Heap after GC invocations=7 (full 2):
 PSYoungGen      total 138240K, used 0K [0x00000007a0000000, 0x00000007aa800000, 0x00000007c0000000)
  eden space 127488K, 0% used [0x00000007a0000000,0x00000007a0000000,0x00000007a7c80000)
  from space 10752K, 0% used [0x00000007a7c80000,0x00000007a7c80000,0x00000007a8700000)
  to   space 13312K, 0% used [0x00000007a9b00000,0x00000007a9b00000,0x00000007aa800000)
 ParOldGen       total 175616K, used 19167K [0x0000000760000000, 0x000000076ab80000, 0x00000007a0000000)
  object space 175616K, 10% used [0x0000000760000000,0x00000007612b7cf8,0x000000076ab80000)
 Metaspace       used 34659K, capacity 35200K, committed 35416K, reserved 1079296K
  class space    used 4775K, capacity 4970K, committed 4992K, reserved 1048576K
}
Event: 5.797 GC heap before
{Heap before GC invocations=8 (full 2):
 PSYoungGen      total 138240K, used 127488K [0x00000007a0000000, 0x00000007aa800000, 0x00000007c0000000)
  eden space 127488K, 100% used [0x00000007a0000000,0x00000007a7c80000,0x00000007a7c80000)
  from space 10752K, 0% used [0x00000007a7c80000,0x00000007a7c80000,0x00000007a8700000)
  to   space 13312K, 0% used [0x00000007a9b00000,0x00000007a9b00000,0x00000007aa800000)
 ParOldGen       total 175616K, used 19167K [0x0000000760000000, 0x000000076ab80000, 0x00000007a0000000)
  object space 175616K, 10% used [0x0000000760000000,0x00000007612b7cf8,0x000000076ab80000)
 Metaspace       used 42628K, capacity 43512K, committed 43864K, reserved 1087488K
  class space    used 5900K, capacity 6175K, committed 6272K, reserved 1048576K
Event: 5.808 GC heap after
Heap after GC invocations=8 (full 2):
 PSYoungGen      total 156672K, used 13310K [0x00000007a0000000, 0x00000007acc00000, 0x00000007c0000000)
  eden space 143360K, 0% used [0x00000007a0000000,0x00000007a0000000,0x00000007a8c00000)
  from space 13312K, 99% used [0x00000007a9b00000,0x00000007aa7ffb98,0x00000007aa800000)
  to   space 15360K, 0% used [0x00000007a8c00000,0x00000007a8c00000,0x00000007a9b00000)
 ParOldGen       total 175616K, used 19717K [0x0000000760000000, 0x000000076ab80000, 0x00000007a0000000)
  object space 175616K, 11% used [0x0000000760000000,0x00000007613414e0,0x000000076ab80000)
 Metaspace       used 42628K, capacity 43512K, committed 43864K, reserved 1087488K
  class space    used 5900K, capacity 6175K, committed 6272K, reserved 1048576K
}

Deoptimization events (10 events):
Event: 6.007 Thread 0x00007fdfd1bf9800 Uncommon trap: reason=unstable_if action=reinterpret pc=0x0000000110f39a3c method=java.util.regex.Pattern$BmpCharProperty.match(Ljava/util/regex/Matcher;ILjava/lang/CharSequence;)Z @ 34
Event: 6.007 Thread 0x00007fdfd1bf9800 Uncommon trap: reason=unstable_if action=reinterpret pc=0x0000000110a33c04 method=java.util.regex.Pattern$BmpCharProperty.match(Ljava/util/regex/Matcher;ILjava/lang/CharSequence;)Z @ 34
Event: 6.359 Thread 0x00007fdfd1bf9800 Uncommon trap: reason=unstable_if action=reinterpret pc=0x0000000110a25490 method=org.objectweb.asm.ByteVector.putUTF8(Ljava/lang/String;)Lorg/objectweb/asm/ByteVector; @ 91
Event: 6.391 Thread 0x00007fdfd1bf9800 Uncommon trap: reason=unstable_if action=reinterpret pc=0x000000011052171c method=java.lang.String.lastIndexOf([CII[CIII)I @ 118
Event: 6.395 Thread 0x00007fdfd1bf9800 Uncommon trap: reason=unstable_if action=reinterpret pc=0x000000011094078c method=org.objectweb.asm.ByteVector.putUTF8(Ljava/lang/String;)Lorg/objectweb/asm/ByteVector; @ 91
Event: 6.523 Thread 0x00007fdfd1bf9800 Uncommon trap: reason=unstable_if action=reinterpret pc=0x000000011107eb10 method=java.util.regex.Pattern$GroupTail.match(Ljava/util/regex/Matcher;ILjava/lang/CharSequence;)Z @ 73
Event: 6.744 Thread 0x00007fdfd1bf9800 Uncommon trap: reason=unstable_if action=reinterpret pc=0x00000001109e7e74 method=org.objectweb.asm.Type.getArgumentsAndReturnSizes(Ljava/lang/String;)I @ 47
Event: 6.744 Thread 0x00007fdfd1bf9800 Uncommon trap: reason=unstable_if action=reinterpret pc=0x0000000110c10f88 method=org.objectweb.asm.Type.getArgumentsAndReturnSizes(Ljava/lang/String;)I @ 47
Event: 6.774 Thread 0x00007fdfd1bf9800 Uncommon trap: reason=unstable_if action=reinterpret pc=0x00000001111c901c method=java.util.TreeMap.put(Ljava/lang/Object;Ljava/lang/Object;)Ljava/lang/Object; @ 163
Event: 6.779 Thread 0x00007fdfd1bf9800 Uncommon trap: reason=unstable_if action=reinterpret pc=0x000000011127d054 method=org.gradle.api.internal.project.taskfactory.DefaultTaskClassInfoStore.createTaskAction(Ljava/lang/Class;Ljava/lang/reflect/Method;Ljava/util/Map;)Lorg/gradle/api/internal/pr

Classes redefined (0 events):
No events

Internal exceptions (10 events):
Event: 6.168 Thread 0x00007fdfd1bf9800 Exception <a 'sun/nio/fs/UnixException'> (0x00000007a18366c8) thrown at [/Volumes/android/AOSP-openjdk-git/jdk8u/hotspot/src/share/vm/prims/jni.cpp, line 709]
Event: 6.168 Thread 0x00007fdfd1bf9800 Exception <a 'sun/nio/fs/UnixException'> (0x00000007a1837c28) thrown at [/Volumes/android/AOSP-openjdk-git/jdk8u/hotspot/src/share/vm/prims/jni.cpp, line 709]
Event: 6.180 Thread 0x00007fdfd1bf9800 Exception <a 'java/lang/NoSuchMethodError': java.lang.Object.lambda$comparing$77a9974f$1(Ljava/util/function/Function;Ljava/lang/Object;Ljava/lang/Object;)I> (0x00000007a18bef70) thrown at [/Volumes/android/AOSP-openjdk-git/jdk8u/hotspot/src/share/vm/inte
Event: 6.180 Thread 0x00007fdfd1bf9800 Exception <a 'java/lang/NoSuchMethodError': java.lang.Object.lambda$thenComparing$36697e65$1(Ljava/util/Comparator;Ljava/lang/Object;Ljava/lang/Object;)I> (0x00000007a18ca5f0) thrown at [/Volumes/android/AOSP-openjdk-git/jdk8u/hotspot/src/share/vm/interpr
Event: 6.206 Thread 0x00007fdfd1bf9800 Exception <a 'java/lang/NoSuchMethodError': java.lang.Object.lambda$maxBy$1(Ljava/util/Comparator;Ljava/lang/Object;Ljava/lang/Object;)Ljava/lang/Object;> (0x00000007a1a1ca10) thrown at [/Volumes/android/AOSP-openjdk-git/jdk8u/hotspot/src/share/vm/interpr
Event: 6.302 Thread 0x00007fdfd1bf9800 Exception <a 'java/lang/ClassNotFoundException': org/gradle/api/plugins/BasePluginConventionBeanInfo> (0x00000007a2070690) thrown at [/Volumes/android/AOSP-openjdk-git/jdk8u/hotspot/src/share/vm/classfile/systemDictionary.cpp, line 210]
Event: 6.302 Thread 0x00007fdfd1bf9800 Exception <a 'java/lang/ClassNotFoundException': org/gradle/api/plugins/BasePluginConventionCustomizer> (0x00000007a2093230) thrown at [/Volumes/android/AOSP-openjdk-git/jdk8u/hotspot/src/share/vm/classfile/systemDictionary.cpp, line 210]
Event: 6.674 Thread 0x00007fdfd1bf9800 Exception <a 'java/lang/NoSuchMethodError': java.lang.Object.lambda$static$0(Ljava/util/Set;Ljava/util/Set;)Z> (0x00000007a3b11548) thrown at [/Volumes/android/AOSP-openjdk-git/jdk8u/hotspot/src/share/vm/interpreter/linkResolver.cpp, line 584]
Event: 6.676 Thread 0x00007fdfd1bf9800 Exception <a 'java/lang/NoSuchMethodError': java.lang.Object.lambda$static$1(Ljava/util/Set;Ljava/util/Set;)Z> (0x00000007a3b140e8) thrown at [/Volumes/android/AOSP-openjdk-git/jdk8u/hotspot/src/share/vm/interpreter/linkResolver.cpp, line 584]
Event: 6.677 Thread 0x00007fdfd1bf9800 Exception <a 'java/lang/NoSuchMethodError': java.lang.Object.lambda$static$2(Ljava/util/Set;Ljava/util/Set;)Z> (0x00000007a3b16858) thrown at [/Volumes/android/AOSP-openjdk-git/jdk8u/hotspot/src/share/vm/interpreter/linkResolver.cpp, line 584]

Events (10 events):
Event: 6.880 loading class com/android/build/gradle/internal/api/BaseVariantOutputImpl
Event: 6.880 loading class com/android/build/gradle/internal/api/BaseVariantOutputImpl done
Event: 6.882 loading class com/android/build/gradle/internal/variant/BaseVariantData
Event: 6.882 loading class com/android/build/gradle/internal/variant/BaseVariantData done
Event: 6.882 loading class com/android/ide/common/build/ApkData
Event: 6.882 loading class com/android/ide/common/build/ApkData done
Event: 6.882 loading class com/android/build/gradle/internal/variant/BaseVariantData
Event: 6.882 loading class com/android/build/gradle/internal/variant/BaseVariantData done
Event: 6.885 loading class groovy/runtime/metaclass/com/android/build/gradle/internal/api/ApkVariantOutputImpl_DecoratedMetaClass
Event: 6.885 loading class groovy/runtime/metaclass/com/android/build/gradle/internal/api/ApkVariantOutputImpl_DecoratedMetaClass done


Dynamic libraries:
0x000000002d96e000 	/System/Library/Frameworks/Cocoa.framework/Versions/A/Cocoa
0x000000002d96e000 	/System/Library/Frameworks/Security.framework/Versions/A/Security
0x000000002d96e000 	/System/Library/Frameworks/ApplicationServices.framework/Versions/A/ApplicationServices
0x000000002d96e000 	/usr/lib/libz.1.dylib
0x000000002d96e000 	/usr/lib/libSystem.B.dylib
0x000000002d96e000 	/System/Library/Frameworks/CoreFoundation.framework/Versions/A/CoreFoundation
0x000000002d96e000 	/System/Library/Frameworks/Foundation.framework/Versions/C/Foundation
0x000000002d96e000 	/usr/lib/libobjc.A.dylib
0x000000002d96e000 	/System/Library/Frameworks/AppKit.framework/Versions/C/AppKit
0x000000002d96e000 	/System/Library/Frameworks/CoreData.framework/Versions/A/CoreData
0x000000002d96e000 	/System/Library/PrivateFrameworks/RemoteViewServices.framework/Versions/A/RemoteViewServices
0x000000002d96e000 	/System/Library/PrivateFrameworks/UIFoundation.framework/Versions/A/UIFoundation
0x000000002d96e000 	/System/Library/PrivateFrameworks/DFRFoundation.framework/Versions/A/DFRFoundation
0x000000002d96e000 	/System/Library/Frameworks/Metal.framework/Versions/A/Metal
0x000000002d96e000 	/System/Library/PrivateFrameworks/DesktopServicesPriv.framework/Versions/A/DesktopServicesPriv
0x000000002d96e000 	/usr/lib/libenergytrace.dylib
0x000000002d96e000 	/System/Library/PrivateFrameworks/SkyLight.framework/Versions/A/SkyLight
0x000000002d96e000 	/System/Library/Frameworks/CoreGraphics.framework/Versions/A/CoreGraphics
0x000000002d96e000 	/usr/lib/libScreenReader.dylib
0x000000002d96e000 	/System/Library/Frameworks/Accelerate.framework/Versions/A/Accelerate
0x000000002d96e000 	/System/Library/Frameworks/IOSurface.framework/Versions/A/IOSurface
0x000000002d96e000 	/System/Library/Frameworks/AudioToolbox.framework/Versions/A/AudioToolbox
0x000000002d96e000 	/System/Library/Frameworks/AudioUnit.framework/Versions/A/AudioUnit
0x000000002d96e000 	/System/Library/PrivateFrameworks/DataDetectorsCore.framework/Versions/A/DataDetectorsCore
0x000000002d96e000 	/System/Library/Frameworks/Carbon.framework/Versions/A/Frameworks/HIToolbox.framework/Versions/A/HIToolbox
0x000000002d96e000 	/usr/lib/libicucore.A.dylib
0x000000002d96e000 	/System/Library/Frameworks/QuartzCore.framework/Versions/A/QuartzCore
0x000000002d96e000 	/System/Library/Frameworks/Carbon.framework/Versions/A/Frameworks/SpeechRecognition.framework/Versions/A/SpeechRecognition
0x000000002d96e000 	/usr/lib/libauto.dylib
0x000000002d96e000 	/usr/lib/libxml2.2.dylib
0x000000002d96e000 	/System/Library/PrivateFrameworks/CoreUI.framework/Versions/A/CoreUI
0x000000002d96e000 	/System/Library/Frameworks/CoreAudio.framework/Versions/A/CoreAudio
0x000000002d96e000 	/System/Library/Frameworks/DiskArbitration.framework/Versions/A/DiskArbitration
0x000000002d96e000 	/usr/lib/liblangid.dylib
0x000000002d96e000 	/System/Library/PrivateFrameworks/MultitouchSupport.framework/Versions/A/MultitouchSupport
0x000000002d96e000 	/System/Library/Frameworks/IOKit.framework/Versions/A/IOKit
0x000000002d96e000 	/usr/lib/libDiagnosticMessagesClient.dylib
0x000000002d96e000 	/System/Library/Frameworks/CoreServices.framework/Versions/A/CoreServices
0x000000002d96e000 	/System/Library/PrivateFrameworks/PerformanceAnalysis.framework/Versions/A/PerformanceAnalysis
0x000000002d96e000 	/System/Library/Frameworks/OpenGL.framework/Versions/A/OpenGL
0x000000002d96e000 	/System/Library/Frameworks/ColorSync.framework/Versions/A/ColorSync
0x000000002d96e000 	/System/Library/Frameworks/CoreImage.framework/Versions/A/CoreImage
0x000000002d96e000 	/System/Library/Frameworks/CoreText.framework/Versions/A/CoreText
0x000000002d96e000 	/System/Library/Frameworks/ImageIO.framework/Versions/A/ImageIO
0x000000002d96e000 	/System/Library/PrivateFrameworks/Backup.framework/Versions/A/Backup
0x000000002d96e000 	/usr/lib/libarchive.2.dylib
0x000000002d96e000 	/System/Library/Frameworks/CFNetwork.framework/Versions/A/CFNetwork
0x000000002d96e000 	/System/Library/Frameworks/SystemConfiguration.framework/Versions/A/SystemConfiguration
0x000000002d96e000 	/usr/lib/libCRFSuite.dylib
0x000000002d96e000 	/usr/lib/libc++.1.dylib
0x000000002d96e000 	/usr/lib/libc++abi.dylib
0x000000002d96e000 	/usr/lib/system/libcache.dylib
0x000000002d96e000 	/usr/lib/system/libcommonCrypto.dylib
0x000000002d96e000 	/usr/lib/system/libcompiler_rt.dylib
0x000000002d96e000 	/usr/lib/system/libcopyfile.dylib
0x000000002d96e000 	/usr/lib/system/libcorecrypto.dylib
0x000000002d96e000 	/usr/lib/system/libdispatch.dylib
0x000000002d96e000 	/usr/lib/system/libdyld.dylib
0x000000002d96e000 	/usr/lib/system/libkeymgr.dylib
0x000000002d96e000 	/usr/lib/system/liblaunch.dylib
0x000000002d96e000 	/usr/lib/system/libmacho.dylib
0x000000002d96e000 	/usr/lib/system/libquarantine.dylib
0x000000002d96e000 	/usr/lib/system/libremovefile.dylib
0x000000002d96e000 	/usr/lib/system/libsystem_asl.dylib
0x000000002d96e000 	/usr/lib/system/libsystem_blocks.dylib
0x000000002d96e000 	/usr/lib/system/libsystem_c.dylib
0x000000002d96e000 	/usr/lib/system/libsystem_configuration.dylib
0x000000002d96e000 	/usr/lib/system/libsystem_coreservices.dylib
0x000000002d96e000 	/usr/lib/system/libsystem_darwin.dylib
0x000000002d96e000 	/usr/lib/system/libsystem_dnssd.dylib
0x000000002d96e000 	/usr/lib/system/libsystem_info.dylib
0x000000002d96e000 	/usr/lib/system/libsystem_m.dylib
0x000000002d96e000 	/usr/lib/system/libsystem_malloc.dylib
0x000000002d96e000 	/usr/lib/system/libsystem_network.dylib
0x000000002d96e000 	/usr/lib/system/libsystem_networkextension.dylib
0x000000002d96e000 	/usr/lib/system/libsystem_notify.dylib
0x000000002d96e000 	/usr/lib/system/libsystem_sandbox.dylib
0x000000002d96e000 	/usr/lib/system/libsystem_secinit.dylib
0x000000002d96e000 	/usr/lib/system/libsystem_kernel.dylib
0x000000002d96e000 	/usr/lib/system/libsystem_platform.dylib
0x000000002d96e000 	/usr/lib/system/libsystem_pthread.dylib
0x000000002d96e000 	/usr/lib/system/libsystem_symptoms.dylib
0x000000002d96e000 	/usr/lib/system/libsystem_trace.dylib
0x000000002d96e000 	/usr/lib/system/libunwind.dylib
0x000000002d96e000 	/usr/lib/system/libxpc.dylib
0x000000002d96e000 	/usr/lib/closure/libclosured.dylib
0x000000002d96e000 	/usr/lib/libbsm.0.dylib
0x000000002d96e000 	/usr/lib/system/libkxld.dylib
0x000000002d96e000 	/usr/lib/libOpenScriptingUtil.dylib
0x000000002d96e000 	/usr/lib/libcoretls.dylib
0x000000002d96e000 	/usr/lib/libcoretls_cfhelpers.dylib
0x000000002d96e000 	/usr/lib/libpam.2.dylib
0x000000002d96e000 	/usr/lib/libsqlite3.dylib
0x000000002d96e000 	/usr/lib/libxar.1.dylib
0x000000002d96e000 	/usr/lib/libbz2.1.0.dylib
0x000000002d96e000 	/usr/lib/liblzma.5.dylib
0x000000002d96e000 	/usr/lib/libnetwork.dylib
0x000000002d96e000 	/usr/lib/libapple_nghttp2.dylib
0x000000002d96e000 	/usr/lib/libpcap.A.dylib
0x000000002d96e000 	/usr/lib/libboringssl.dylib
0x000000002d96e000 	/usr/lib/libusrtcp.dylib
0x000000002d96e000 	/usr/lib/libapple_crypto.dylib
0x000000002d96e000 	/System/Library/Frameworks/CoreServices.framework/Versions/A/Frameworks/FSEvents.framework/Versions/A/FSEvents
0x000000002d96e000 	/System/Library/Frameworks/CoreServices.framework/Versions/A/Frameworks/CarbonCore.framework/Versions/A/CarbonCore
0x000000002d96e000 	/System/Library/Frameworks/CoreServices.framework/Versions/A/Frameworks/Metadata.framework/Versions/A/Metadata
0x000000002d96e000 	/System/Library/Frameworks/CoreServices.framework/Versions/A/Frameworks/OSServices.framework/Versions/A/OSServices
0x000000002d96e000 	/System/Library/Frameworks/CoreServices.framework/Versions/A/Frameworks/SearchKit.framework/Versions/A/SearchKit
0x000000002d96e000 	/System/Library/Frameworks/CoreServices.framework/Versions/A/Frameworks/AE.framework/Versions/A/AE
0x000000002d96e000 	/System/Library/Frameworks/CoreServices.framework/Versions/A/Frameworks/LaunchServices.framework/Versions/A/LaunchServices
0x000000002d96e000 	/System/Library/Frameworks/CoreServices.framework/Versions/A/Frameworks/DictionaryServices.framework/Versions/A/DictionaryServices
0x000000002d96e000 	/System/Library/Frameworks/CoreServices.framework/Versions/A/Frameworks/SharedFileList.framework/Versions/A/SharedFileList
0x000000002d96e000 	/System/Library/Frameworks/NetFS.framework/Versions/A/NetFS
0x000000002d96e000 	/System/Library/PrivateFrameworks/NetAuth.framework/Versions/A/NetAuth
0x000000002d96e000 	/System/Library/PrivateFrameworks/login.framework/Versions/A/Frameworks/loginsupport.framework/Versions/A/loginsupport
0x000000002d96e000 	/System/Library/PrivateFrameworks/TCC.framework/Versions/A/TCC
0x000000002d96e000 	/usr/lib/libmecabra.dylib
0x000000002d96e000 	/System/Library/Frameworks/ApplicationServices.framework/Versions/A/Frameworks/ATS.framework/Versions/A/ATS
0x000000002d96e000 	/System/Library/Frameworks/ApplicationServices.framework/Versions/A/Frameworks/ColorSyncLegacy.framework/Versions/A/ColorSyncLegacy
0x000000002d96e000 	/System/Library/Frameworks/ApplicationServices.framework/Versions/A/Frameworks/HIServices.framework/Versions/A/HIServices
0x000000002d96e000 	/System/Library/Frameworks/ApplicationServices.framework/Versions/A/Frameworks/LangAnalysis.framework/Versions/A/LangAnalysis
0x000000002d96e000 	/System/Library/Frameworks/ApplicationServices.framework/Versions/A/Frameworks/PrintCore.framework/Versions/A/PrintCore
0x000000002d96e000 	/System/Library/Frameworks/ApplicationServices.framework/Versions/A/Frameworks/QD.framework/Versions/A/QD
0x000000002d96e000 	/System/Library/Frameworks/ApplicationServices.framework/Versions/A/Frameworks/SpeechSynthesis.framework/Versions/A/SpeechSynthesis
0x000000002d96e000 	/System/Library/Frameworks/CoreDisplay.framework/Versions/A/CoreDisplay
0x000000002d96e000 	/System/Library/Frameworks/Accelerate.framework/Versions/A/Frameworks/vImage.framework/Versions/A/vImage
0x000000002d96e000 	/System/Library/Frameworks/Accelerate.framework/Versions/A/Frameworks/vecLib.framework/Versions/A/vecLib
0x000000002d96e000 	/System/Library/Frameworks/Accelerate.framework/Versions/A/Frameworks/vecLib.framework/Versions/A/libvDSP.dylib
0x000000002d96e000 	/System/Library/Frameworks/Accelerate.framework/Versions/A/Frameworks/vecLib.framework/Versions/A/libBNNS.dylib
0x000000002d96e000 	/System/Library/Frameworks/Accelerate.framework/Versions/A/Frameworks/vecLib.framework/Versions/A/libQuadrature.dylib
0x000000002d96e000 	/System/Library/Frameworks/Accelerate.framework/Versions/A/Frameworks/vecLib.framework/Versions/A/libvMisc.dylib
0x000000002d96e000 	/System/Library/Frameworks/Accelerate.framework/Versions/A/Frameworks/vecLib.framework/Versions/A/libLAPACK.dylib
0x000000002d96e000 	/System/Library/Frameworks/Accelerate.framework/Versions/A/Frameworks/vecLib.framework/Versions/A/libBLAS.dylib
0x000000002d96e000 	/System/Library/Frameworks/Accelerate.framework/Versions/A/Frameworks/vecLib.framework/Versions/A/libLinearAlgebra.dylib
0x000000002d96e000 	/System/Library/Frameworks/Accelerate.framework/Versions/A/Frameworks/vecLib.framework/Versions/A/libSparse.dylib
0x000000002d96e000 	/System/Library/Frameworks/Accelerate.framework/Versions/A/Frameworks/vecLib.framework/Versions/A/libSparseBLAS.dylib
0x000000002d96e000 	/System/Library/PrivateFrameworks/IOAccelerator.framework/Versions/A/IOAccelerator
0x000000002d96e000 	/System/Library/PrivateFrameworks/IOPresentment.framework/Versions/A/IOPresentment
0x000000002d96e000 	/System/Library/PrivateFrameworks/DSExternalDisplay.framework/Versions/A/DSExternalDisplay
0x000000002d96e000 	/System/Library/Frameworks/OpenGL.framework/Versions/A/Libraries/libCoreFSCache.dylib
0x000000002d96e000 	/System/Library/Frameworks/CoreVideo.framework/Versions/A/CoreVideo
0x000000002d96e000 	/System/Library/PrivateFrameworks/GraphVisualizer.framework/Versions/A/GraphVisualizer
0x000000002d96e000 	/System/Library/Frameworks/MetalPerformanceShaders.framework/Versions/A/MetalPerformanceShaders
0x000000002d96e000 	/usr/lib/libFosl_dynamic.dylib
0x000000002d96e000 	/System/Library/PrivateFrameworks/FaceCore.framework/Versions/A/FaceCore
0x000000002d96e000 	/System/Library/Frameworks/OpenCL.framework/Versions/A/OpenCL
0x000000002d96e000 	/usr/lib/libcompression.dylib
0x000000002d96e000 	/System/Library/Frameworks/ApplicationServices.framework/Versions/A/Frameworks/ATS.framework/Versions/A/Resources/libFontParser.dylib
0x000000002d96e000 	/System/Library/Frameworks/ApplicationServices.framework/Versions/A/Frameworks/ATS.framework/Versions/A/Resources/libFontRegistry.dylib
0x000000002d96e000 	/System/Library/Frameworks/ImageIO.framework/Versions/A/Resources/libJPEG.dylib
0x000000002d96e000 	/System/Library/Frameworks/ImageIO.framework/Versions/A/Resources/libTIFF.dylib
0x000000002d96e000 	/System/Library/Frameworks/ImageIO.framework/Versions/A/Resources/libPng.dylib
0x000000002d96e000 	/System/Library/Frameworks/ImageIO.framework/Versions/A/Resources/libGIF.dylib
0x000000002d96e000 	/System/Library/Frameworks/ImageIO.framework/Versions/A/Resources/libJP2.dylib
0x000000002d96e000 	/System/Library/Frameworks/ImageIO.framework/Versions/A/Resources/libRadiance.dylib
0x000000002d96e000 	/System/Library/PrivateFrameworks/AppleJPEG.framework/Versions/A/AppleJPEG
0x000000002d96e000 	/System/Library/PrivateFrameworks/MetalTools.framework/Versions/A/MetalTools
0x000000002d96e000 	/System/Library/Frameworks/MetalPerformanceShaders.framework/Frameworks/MPSCore.framework/Versions/A/MPSCore
0x000000002d96e000 	/System/Library/Frameworks/MetalPerformanceShaders.framework/Frameworks/MPSImage.framework/Versions/A/MPSImage
0x000000002d96e000 	/System/Library/Frameworks/MetalPerformanceShaders.framework/Frameworks/MPSMatrix.framework/Versions/A/MPSMatrix
0x000000002d96e000 	/System/Library/Frameworks/MetalPerformanceShaders.framework/Frameworks/MPSNeuralNetwork.framework/Versions/A/MPSNeuralNetwork
0x000000002d96e000 	/System/Library/Frameworks/OpenGL.framework/Versions/A/Libraries/libGLU.dylib
0x000000002d96e000 	/System/Library/Frameworks/OpenGL.framework/Versions/A/Libraries/libGFXShared.dylib
0x000000002d96e000 	/System/Library/Frameworks/OpenGL.framework/Versions/A/Libraries/libGL.dylib
0x000000002d96e000 	/System/Library/Frameworks/OpenGL.framework/Versions/A/Libraries/libGLImage.dylib
0x000000002d96e000 	/System/Library/Frameworks/OpenGL.framework/Versions/A/Libraries/libCVMSPluginSupport.dylib
0x000000002d96e000 	/System/Library/Frameworks/OpenGL.framework/Versions/A/Libraries/libCoreVMClient.dylib
0x000000002d96e000 	/usr/lib/libcups.2.dylib
0x000000002d96e000 	/System/Library/Frameworks/Kerberos.framework/Versions/A/Kerberos
0x000000002d96e000 	/System/Library/Frameworks/GSS.framework/Versions/A/GSS
0x000000002d96e000 	/usr/lib/libresolv.9.dylib
0x000000002d96e000 	/usr/lib/libiconv.2.dylib
0x000000002d96e000 	/System/Library/PrivateFrameworks/Heimdal.framework/Versions/A/Heimdal
0x000000002d96e000 	/usr/lib/libheimdal-asn1.dylib
0x000000002d96e000 	/System/Library/Frameworks/OpenDirectory.framework/Versions/A/OpenDirectory
0x000000002d96e000 	/System/Library/PrivateFrameworks/CommonAuth.framework/Versions/A/CommonAuth
0x000000002d96e000 	/System/Library/Frameworks/OpenDirectory.framework/Versions/A/Frameworks/CFOpenDirectory.framework/Versions/A/CFOpenDirectory
0x000000002d96e000 	/System/Library/Frameworks/SecurityFoundation.framework/Versions/A/SecurityFoundation
0x000000002d96e000 	/System/Library/PrivateFrameworks/APFS.framework/Versions/A/APFS
0x000000002d96e000 	/usr/lib/libutil.dylib
0x000000002d96e000 	/System/Library/PrivateFrameworks/AppleSauce.framework/Versions/A/AppleSauce
0x000000002d96e000 	/System/Library/PrivateFrameworks/LinguisticData.framework/Versions/A/LinguisticData
0x000000002d96e000 	/usr/lib/libmarisa.dylib
0x000000002d96e000 	/System/Library/PrivateFrameworks/Lexicon.framework/Versions/A/Lexicon
0x000000002d96e000 	/usr/lib/libChineseTokenizer.dylib
0x000000002d96e000 	/usr/lib/libcmph.dylib
0x000000002d96e000 	/System/Library/PrivateFrameworks/LanguageModeling.framework/Versions/A/LanguageModeling
0x000000002d96e000 	/System/Library/PrivateFrameworks/CoreEmoji.framework/Versions/A/CoreEmoji
0x000000002d96e000 	/System/Library/Frameworks/ServiceManagement.framework/Versions/A/ServiceManagement
0x000000002d96e000 	/System/Library/PrivateFrameworks/BackgroundTaskManagement.framework/Versions/A/BackgroundTaskManagement
0x000000002d96e000 	/usr/lib/libxslt.1.dylib
0x000000002d96e000 	/System/Library/Frameworks/Carbon.framework/Versions/A/Frameworks/Ink.framework/Versions/A/Ink
0x000000002d96e000 	/System/Library/PrivateFrameworks/TextureIO.framework/Versions/A/TextureIO
0x000000002d96e000 	/usr/lib/libate.dylib
0x000000002d96e000 	/System/Library/PrivateFrameworks/CrashReporterSupport.framework/Versions/A/CrashReporterSupport
0x000000002d96e000 	/System/Library/PrivateFrameworks/Sharing.framework/Versions/A/Sharing
0x000000002d96e000 	/System/Library/PrivateFrameworks/IconServices.framework/Versions/A/IconServices
0x000000002d96e000 	/System/Library/PrivateFrameworks/ProtocolBuffer.framework/Versions/A/ProtocolBuffer
0x000000002d96e000 	/System/Library/PrivateFrameworks/Apple80211.framework/Versions/A/Apple80211
0x000000002d96e000 	/System/Library/Frameworks/CoreWLAN.framework/Versions/A/CoreWLAN
0x000000002d96e000 	/System/Library/PrivateFrameworks/CoreUtils.framework/Versions/A/CoreUtils
0x000000002d96e000 	/System/Library/Frameworks/IOBluetooth.framework/Versions/A/IOBluetooth
0x000000002d96e000 	/System/Library/PrivateFrameworks/CoreWiFi.framework/Versions/A/CoreWiFi
0x000000002d96e000 	/System/Library/Frameworks/CoreBluetooth.framework/Versions/A/CoreBluetooth
0x000000002d96e000 	/System/Library/PrivateFrameworks/SignpostNotification.framework/Versions/A/SignpostNotification
0x000000002d96e000 	/System/Library/PrivateFrameworks/DebugSymbols.framework/Versions/A/DebugSymbols
0x000000002d96e000 	/System/Library/PrivateFrameworks/CoreSymbolication.framework/Versions/A/CoreSymbolication
0x000000002d96e000 	/System/Library/PrivateFrameworks/Symbolication.framework/Versions/A/Symbolication
0x000000002d96e000 	/System/Library/PrivateFrameworks/AppleFSCompression.framework/Versions/A/AppleFSCompression
0x000000002d96e000 	/System/Library/PrivateFrameworks/SpeechRecognitionCore.framework/Versions/A/SpeechRecognitionCore
0x0000000103600000 	/Applications/Android Studio.app/Contents/jre/jdk/Contents/Home/jre/lib/server/libjvm.dylib
0x000000002d96e000 	/usr/lib/libstdc++.6.0.9.dylib
0x0000000102580000 	/Applications/Android Studio.app/Contents/jre/jdk/Contents/Home/jre/lib/libverify.dylib
0x000000010258c000 	/Applications/Android Studio.app/Contents/jre/jdk/Contents/Home/jre/lib/libjava.dylib
0x00000001025ca000 	/Applications/Android Studio.app/Contents/jre/jdk/Contents/Home/jre/lib/libzip.dylib
0x000000010ab10000 	/Applications/Android Studio.app/Contents/jre/jdk/Contents/Home/jre/lib/libnet.dylib
0x000000010ab27000 	/Applications/Android Studio.app/Contents/jre/jdk/Contents/Home/jre/lib/libnio.dylib
0x000000010ab37000 	/Users/annascott/.gradle/native/25/osx-amd64/libnative-platform.dylib
0x000000010af3e000 	/Applications/Android Studio.app/Contents/jre/jdk/Contents/Home/jre/lib/libmanagement.dylib

VM Arguments:
jvm_args: -Xmx1536m -Dfile.encoding=UTF-8 -Duser.country=US -Duser.language=en -Duser.variant 
java_command: org.gradle.launcher.daemon.bootstrap.GradleDaemon 4.4
java_class_path (initial): /Users/annascott/.gradle/wrapper/dists/gradle-4.4-all/9br9xq1tocpiv8o6njlyu5op1/gradle-4.4/lib/gradle-launcher-4.4.jar
Launcher Type: SUN_STANDARD

Environment Variables:
PATH=/usr/local/bin:/usr/bin:/bin:/usr/sbin:/sbin
SHELL=/bin/bash

Signal Handlers:
SIGSEGV: [libjvm.dylib+0x53f567], sa_mask[0]=11111111011111110111111111111111, sa_flags=SA_ONSTACK|SA_RESTART|SA_SIGINFO
SIGBUS: [libjvm.dylib+0x53f567], sa_mask[0]=11111111011111110111111111111111, sa_flags=SA_RESTART|SA_SIGINFO
SIGFPE: [libjvm.dylib+0x437adf], sa_mask[0]=11111111011111110111111111111111, sa_flags=SA_RESTART|SA_SIGINFO
SIGPIPE: [libjvm.dylib+0x437adf], sa_mask[0]=11111111011111110111111111111111, sa_flags=SA_RESTART|SA_SIGINFO
SIGXFSZ: [libjvm.dylib+0x437adf], sa_mask[0]=11111111011111110111111111111111, sa_flags=SA_RESTART|SA_SIGINFO
SIGILL: [libjvm.dylib+0x437adf], sa_mask[0]=11111111011111110111111111111111, sa_flags=SA_RESTART|SA_SIGINFO
SIGUSR1: SIG_DFL, sa_mask[0]=00000000000000000000000000000000, sa_flags=none
SIGUSR2: [libjvm.dylib+0x438404], sa_mask[0]=00100000000000000000000000000000, sa_flags=SA_RESTART|SA_SIGINFO
SIGHUP: [libjvm.dylib+0x4365f9], sa_mask[0]=11111111011111110111111111111111, sa_flags=SA_RESTART|SA_SIGINFO
SIGINT: [libjvm.dylib+0x4365f9], sa_mask[0]=11111111011111110111111111111111, sa_flags=SA_RESTART|SA_SIGINFO
SIGTERM: [libjvm.dylib+0x4365f9], sa_mask[0]=11111111011111110111111111111111, sa_flags=SA_RESTART|SA_SIGINFO
SIGQUIT: [libjvm.dylib+0x4365f9], sa_mask[0]=11111111011111110111111111111111, sa_flags=SA_RESTART|SA_SIGINFO


---------------  S Y S T E M  ---------------

OS:Bsduname:Darwin 17.3.0 Darwin Kernel Version 17.3.0: Thu Nov  9 18:09:22 PST 2017; root:xnu-4570.31.3~1/RELEASE_X86_64 x86_64
rlimit: STACK 8192k, CORE 0k, NPROC 1418, NOFILE 10240, AS infinity
load average:2.93 2.11 1.71

CPU:total 8 (initial active 8) (4 cores per cpu, 2 threads per core) family 6 model 94 stepping 3, cmov, cx8, fxsr, mmx, sse, sse2, sse3, ssse3, sse4.1, sse4.2, popcnt, avx, avx2, aes, clmul, erms, rtm, 3dnowpref, lzcnt, ht, tsc, tscinvbit, bmi1, bmi2, adx

Memory: 4k page, physical 16777216k(1785352k free)

/proc/meminfo:


vm_info: OpenJDK 64-Bit Server VM (25.152-b01) for bsd-amd64 JRE (1.8.0_152-release-1024-b01), built by "builder" with gcc 4.2.1 Compatible Apple LLVM 8.1.0 (clang-802.0.42)

time: Mon May 28 14:12:58 2018
elapsed time: 6 seconds (0d 0h 0m 6s)

