#
# A fatal error has been detected by the Java Runtime Environment:
#
#  SIGSEGV (0xb) at pc=0x00000001093941aa, pid=603, tid=0x0000000000004203
#
# JRE version: OpenJDK Runtime Environment (8.0_152-b01) (build 1.8.0_152-release-1024-b01)
# Java VM: OpenJDK 64-Bit Server VM (25.152-b01 mixed mode bsd-amd64 compressed oops)
# Problematic frame:
# V  [libjvm.dylib+0x1941aa]  Compile::remove_useless_nodes(Unique_Node_List&)+0x5c
#
# Failed to write core dump. Core dumps have been disabled. To enable core dumping, try "ulimit -c unlimited" before starting Java again
#
# If you would like to submit a bug report, please visit:
#   http://bugreport.java.com/bugreport/crash.jsp
#

---------------  T H R E A D  ---------------

Current thread (0x00007fb857014800):  JavaThread "C2 CompilerThread1" daemon [_thread_in_native, id=16899, stack(0x000070000d7a0000,0x000070000d8a0000)]

siginfo: si_signo: 11 (SIGSEGV), si_code: 0 (unknown), si_addr: 0x0000000000000000

Registers:
RAX=0x0000000000000001, RBX=0x00007fb856a08c10, RCX=0x80007fb85971d900, RDX=0x0000000000000000
RSP=0x000070000d89e410, RBP=0x000070000d89e440, RSI=0x0000000000000000, RDI=0x00007fb85971d948
R8 =0x0000000000000002, R9 =0x00007fb85a974210, R10=0x00007fb85a970210, R11=0x0000000000000008
R12=0x000000000000030c, R13=0x00007fb85971d8b8, R14=0x000070000d89f078, R15=0x000070000d89ee88
RIP=0x00000001093941aa, EFLAGS=0x0000000000010246, ERR=0x0000000000000000
  TRAPNO=0x000000000000000d

Top of Stack: (sp=0x000070000d89e410)
0x000070000d89e410:   0000000000000181 000070000d89ee78
0x000070000d89e420:   0000000000000000 000070000d89eea8
0x000070000d89e430:   000070000d89e4a0 000070000d89ee88
0x000070000d89e440:   000070000d89e490 0000000109660d19
0x000070000d89e450:   0000000000000000 000070000d89ef90
0x000070000d89e460:   000070000d89e4a0 000070000d89f078
0x000070000d89e470:   000070000d89f210 000070000d89f168
0x000070000d89e480:   000070000d89eed0 0000000000000000
0x000070000d89e490:   000070000d89f050 0000000109395227
0x000070000d89e4a0:   00000001099bafc0 0000000000000005
0x000070000d89e4b0:   000070000d89f078 000070000d89f210
0x000070000d89e4c0:   000070000d89f210 0000000000000004
0x000070000d89e4d0:   00007fb855988b70 0000000000000000
0x000070000d89e4e0:   000070000d89f210 0000700000001000
0x000070000d89e4f0:   00007fb8549d2610 0000000000000000
0x000070000d89e500:   0000000000000000 0000000000000000
0x000070000d89e510:   0000000000000000 0000000000000000
0x000070000d89e520:   0000000000000000 0000000000000000
0x000070000d89e530:   0000000000000000 0000000000000000
0x000070000d89e540:   0000000000000000 0000000000000000
0x000070000d89e550:   0000000000000000 0000000000000000
0x000070000d89e560:   0000000000000000 0000000000000000
0x000070000d89e570:   0000000000000000 0000000000000000
0x000070000d89e580:   0000000000000000 0000000000000000
0x000070000d89e590:   0000000000000000 0000000000000000
0x000070000d89e5a0:   0000000000000000 0000000000000000
0x000070000d89e5b0:   0000000000000000 0000000000000000
0x000070000d89e5c0:   0000000000000000 0000000000000000
0x000070000d89e5d0:   0000000000000000 0000000000000000
0x000070000d89e5e0:   0000000000000000 0000000000000000
0x000070000d89e5f0:   0000000000000000 0000000000000000
0x000070000d89e600:   0000000000000000 0000000000000000 

Instructions: (pc=0x00000001093941aa)
0x000000010939418a:   8d 7d 48 e8 cc 29 2f 00 49 ff c4 45 8b 45 20 45
0x000000010939419a:   85 c0 7e 74 31 d2 89 d6 49 8b 7d 10 48 8b 0c f7
0x00000001093941aa:   8b 49 28 89 cb c1 eb 05 41 3b 5f 30 73 16 80 e1
0x00000001093941ba:   1f b8 01 00 00 00 48 d3 e0 89 d9 49 8b 5f 38 85 

Register to memory mapping:

RAX=0x0000000000000001 is an unknown value
RBX=0x00007fb856a08c10 is an unknown value
RCX=0x80007fb85971d900 is an unknown value
RDX=0x0000000000000000 is an unknown value
RSP=0x000070000d89e410 is pointing into the stack for thread: 0x00007fb857014800
RBP=0x000070000d89e440 is pointing into the stack for thread: 0x00007fb857014800
RSI=0x0000000000000000 is an unknown value
RDI=0x00007fb85971d948 is an unknown value
R8 =0x0000000000000002 is an unknown value
R9 =0x00007fb85a974210 is an unknown value
R10=0x00007fb85a970210 is an unknown value
R11=0x0000000000000008 is an unknown value
R12=0x000000000000030c is an unknown value
R13=0x00007fb85971d8b8 is an unknown value
R14=0x000070000d89f078 is pointing into the stack for thread: 0x00007fb857014800
R15=0x000070000d89ee88 is pointing into the stack for thread: 0x00007fb857014800


Stack: [0x000070000d7a0000,0x000070000d8a0000],  sp=0x000070000d89e410,  free space=1017k
Native frames: (J=compiled Java code, j=interpreted, Vv=VM code, C=native code)
V  [libjvm.dylib+0x1941aa]  Compile::remove_useless_nodes(Unique_Node_List&)+0x5c
V  [libjvm.dylib+0x460d19]  PhaseRemoveUseless::PhaseRemoveUseless(PhaseGVN*, Unique_Node_List*, Phase::PhaseNumber)+0xb3
V  [libjvm.dylib+0x195227]  Compile::Compile(ciEnv*, C2Compiler*, ciMethod*, int, bool, bool, bool)+0x899
V  [libjvm.dylib+0x13b9da]  C2Compiler::compile_method(ciEnv*, ciMethod*, int)+0xa4
V  [libjvm.dylib+0x1a067a]  CompileBroker::invoke_compiler_on_method(CompileTask*)+0x564
V  [libjvm.dylib+0x19fc78]  CompileBroker::compiler_thread_loop()+0x270
V  [libjvm.dylib+0x505e88]  JavaThread::thread_main_inner()+0x82
V  [libjvm.dylib+0x505d4d]  JavaThread::run()+0x199
V  [libjvm.dylib+0x435709]  java_start(Thread*)+0xfa
C  [libsystem_pthread.dylib+0x36c1]  _pthread_body+0x154
C  [libsystem_pthread.dylib+0x356d]  _pthread_body+0x0
C  [libsystem_pthread.dylib+0x2c5d]  thread_start+0xd
C  0x0000000000000000


Current CompileTask:
C2:   1808 1516  s!   4       sun.misc.URLClassPath::getLoader (243 bytes)


---------------  P R O C E S S  ---------------

Java Threads: ( => current thread )
  0x00007fb856479000 JavaThread "Cache worker for file hash cache (/Users/annascott/Downloads/MusicforWellbeing/.gradle/4.4/fileHashes)" [_thread_blocked, id=23555, stack(0x000070000e6cd000,0x000070000e7cd000)]
  0x00007fb857508800 JavaThread "File lock request listener" [_thread_in_native, id=40451, stack(0x000070000e5ca000,0x000070000e6ca000)]
  0x00007fb856473800 JavaThread "Cache worker for file hash cache (/Users/annascott/.gradle/caches/4.4/fileHashes)" [_thread_blocked, id=40963, stack(0x000070000e4c7000,0x000070000e5c7000)]
  0x00007fb8574b6000 JavaThread "Stdin handler" [_thread_blocked, id=23043, stack(0x000070000e3c4000,0x000070000e4c4000)]
  0x00007fb857ac0800 JavaThread "Asynchronous log dispatcher for DefaultDaemonConnection: socket connection from /127.0.0.1:50281 to /127.0.0.1:50282" [_thread_blocked, id=41475, stack(0x000070000e2c1000,0x000070000e3c1000)]
  0x00007fb854654800 JavaThread "Daemon worker" [_thread_in_vm, id=22787, stack(0x000070000e1be000,0x000070000e2be000)]
  0x00007fb85643f000 JavaThread "Cancel handler" [_thread_blocked, id=22531, stack(0x000070000e0bb000,0x000070000e1bb000)]
  0x00007fb856826000 JavaThread "Handler for socket connection from /127.0.0.1:50281 to /127.0.0.1:50282" [_thread_in_native, id=42499, stack(0x000070000dfb8000,0x000070000e0b8000)]
  0x00007fb857a9f000 JavaThread "Daemon" [_thread_blocked, id=22275, stack(0x000070000deb5000,0x000070000dfb5000)]
  0x00007fb8578b2800 JavaThread "Daemon periodic checks" [_thread_blocked, id=43011, stack(0x000070000ddb2000,0x000070000deb2000)]
  0x00007fb857a1b000 JavaThread "Incoming local TCP Connector on port 50281" [_thread_in_native, id=21763, stack(0x000070000dcaf000,0x000070000ddaf000)]
  0x00007fb85401a000 JavaThread "Service Thread" daemon [_thread_blocked, id=15363, stack(0x000070000daa9000,0x000070000dba9000)]
  0x00007fb857016000 JavaThread "C1 CompilerThread3" daemon [_thread_blocked, id=15107, stack(0x000070000d9a6000,0x000070000daa6000)]
  0x00007fb857015800 JavaThread "C2 CompilerThread2" daemon [_thread_in_native, id=14851, stack(0x000070000d8a3000,0x000070000d9a3000)]
=>0x00007fb857014800 JavaThread "C2 CompilerThread1" daemon [_thread_in_native, id=16899, stack(0x000070000d7a0000,0x000070000d8a0000)]
  0x00007fb857013000 JavaThread "C2 CompilerThread0" daemon [_thread_in_native, id=14083, stack(0x000070000d69d000,0x000070000d79d000)]
  0x00007fb85700a000 JavaThread "Signal Dispatcher" daemon [_thread_blocked, id=17419, stack(0x000070000d59a000,0x000070000d69a000)]
  0x00007fb857806000 JavaThread "Finalizer" daemon [_thread_blocked, id=19715, stack(0x000070000d497000,0x000070000d597000)]
  0x00007fb857006800 JavaThread "Reference Handler" daemon [_thread_blocked, id=12547, stack(0x000070000d394000,0x000070000d494000)]
  0x00007fb856000800 JavaThread "main" [_thread_blocked, id=10243, stack(0x000070000c976000,0x000070000ca76000)]

Other Threads:
  0x00007fb854815800 VMThread [stack: 0x000070000d291000,0x000070000d391000] [id=12291]
  0x00007fb85701d800 WatcherThread [stack: 0x000070000dbac000,0x000070000dcac000] [id=15619]

VM state:not at safepoint (normal execution)

VM Mutex/Monitor currently owned by a thread: None

Heap:
 PSYoungGen      total 141824K, used 28836K [0x00000007a0000000, 0x00000007a9500000, 0x00000007c0000000)
  eden space 131072K, 14% used [0x00000007a0000000,0x00000007a11ffd18,0x00000007a8000000)
  from space 10752K, 96% used [0x00000007a8a80000,0x00000007a94a9640,0x00000007a9500000)
  to   space 10752K, 0% used [0x00000007a8000000,0x00000007a8000000,0x00000007a8a80000)
 ParOldGen       total 175104K, used 24K [0x0000000760000000, 0x000000076ab00000, 0x00000007a0000000)
  object space 175104K, 0% used [0x0000000760000000,0x0000000760006000,0x000000076ab00000)
 Metaspace       used 18987K, capacity 19374K, committed 19712K, reserved 1067008K
  class space    used 2675K, capacity 2813K, committed 2816K, reserved 1048576K

Card table byte_map: [0x000000010a07a000,0x000000010a37b000] byte_map_base: 0x000000010657a000

Marking Bits: (ParMarkBitMap*) 0x00000001099f81c8
 Begin Bits: [0x000000010a57b000, 0x000000010bd7b000)
 End Bits:   [0x000000010bd7b000, 0x000000010d57b000)

Polling page: 0x00000001081ff000

CodeCache: size=245760Kb used=4974Kb max_used=4974Kb free=240785Kb
 bounds [0x000000010fda7000, 0x0000000110287000, 0x000000011eda7000]
 total_blobs=1895 nmethods=1526 adapters=283
 compilation: enabled

Compilation events (10 events):
Event: 1.794 Thread 0x00007fb857016000 1529       3       java.util.HashMap$KeySet::iterator (12 bytes)
Event: 1.794 Thread 0x00007fb857016000 nmethod 1529 0x000000011027d610 code [0x000000011027d780, 0x000000011027d9e8]
Event: 1.794 Thread 0x00007fb857016000 1525       3       java.lang.Class::getMethod0 (40 bytes)
Event: 1.795 Thread 0x00007fb857016000 nmethod 1525 0x000000011027d010 code [0x000000011027d1c0, 0x000000011027d4d8]
Event: 1.795 Thread 0x00007fb857016000 1527       3       java.lang.Class::getMethod (64 bytes)
Event: 1.796 Thread 0x00007fb857016000 nmethod 1527 0x0000000110282d90 code [0x0000000110282fe0, 0x0000000110283c88]
Event: 1.796 Thread 0x00007fb857016000 1530       3       org.codehaus.groovy.util.ReferenceManager$1::afterReferenceCreation (57 bytes)
Event: 1.796 Thread 0x00007fb857016000 nmethod 1530 0x000000011027c850 code [0x000000011027c9e0, 0x000000011027ceb8]
Event: 1.796 Thread 0x00007fb857016000 1532       3       org.codehaus.groovy.reflection.CachedClass::getCachedSuperClass (11 bytes)
Event: 1.797 Thread 0x00007fb857016000 nmethod 1532 0x0000000110284210 code [0x0000000110284380, 0x0000000110284688]

GC Heap History (4 events):
Event: 0.866 GC heap before
{Heap before GC invocations=1 (full 0):
 PSYoungGen      total 76288K, used 65536K [0x00000007a0000000, 0x00000007a5500000, 0x00000007c0000000)
  eden space 65536K, 100% used [0x00000007a0000000,0x00000007a4000000,0x00000007a4000000)
  from space 10752K, 0% used [0x00000007a4a80000,0x00000007a4a80000,0x00000007a5500000)
  to   space 10752K, 0% used [0x00000007a4000000,0x00000007a4000000,0x00000007a4a80000)
 ParOldGen       total 175104K, used 0K [0x0000000760000000, 0x000000076ab00000, 0x00000007a0000000)
  object space 175104K, 0% used [0x0000000760000000,0x0000000760000000,0x000000076ab00000)
 Metaspace       used 10655K, capacity 10984K, committed 11136K, reserved 1058816K
  class space    used 1428K, capacity 1550K, committed 1664K, reserved 1048576K
Event: 0.879 GC heap after
Heap after GC invocations=1 (full 0):
 PSYoungGen      total 76288K, used 7829K [0x00000007a0000000, 0x00000007a9500000, 0x00000007c0000000)
  eden space 65536K, 0% used [0x00000007a0000000,0x00000007a0000000,0x00000007a4000000)
  from space 10752K, 72% used [0x00000007a4000000,0x00000007a47a57f0,0x00000007a4a80000)
  to   space 10752K, 0% used [0x00000007a8a80000,0x00000007a8a80000,0x00000007a9500000)
 ParOldGen       total 175104K, used 16K [0x0000000760000000, 0x000000076ab00000, 0x00000007a0000000)
  object space 175104K, 0% used [0x0000000760000000,0x0000000760004000,0x000000076ab00000)
 Metaspace       used 10655K, capacity 10984K, committed 11136K, reserved 1058816K
  class space    used 1428K, capacity 1550K, committed 1664K, reserved 1048576K
}
Event: 1.584 GC heap before
{Heap before GC invocations=2 (full 0):
 PSYoungGen      total 76288K, used 73365K [0x00000007a0000000, 0x00000007a9500000, 0x00000007c0000000)
  eden space 65536K, 100% used [0x00000007a0000000,0x00000007a4000000,0x00000007a4000000)
  from space 10752K, 72% used [0x00000007a4000000,0x00000007a47a57f0,0x00000007a4a80000)
  to   space 10752K, 0% used [0x00000007a8a80000,0x00000007a8a80000,0x00000007a9500000)
 ParOldGen       total 175104K, used 16K [0x0000000760000000, 0x000000076ab00000, 0x00000007a0000000)
  object space 175104K, 0% used [0x0000000760000000,0x0000000760004000,0x000000076ab00000)
 Metaspace       used 16675K, capacity 17068K, committed 17408K, reserved 1064960K
  class space    used 2416K, capacity 2542K, committed 2560K, reserved 1048576K
Event: 1.595 GC heap after
Heap after GC invocations=2 (full 0):
 PSYoungGen      total 141824K, used 10405K [0x00000007a0000000, 0x00000007a9500000, 0x00000007c0000000)
  eden space 131072K, 0% used [0x00000007a0000000,0x00000007a0000000,0x00000007a8000000)
  from space 10752K, 96% used [0x00000007a8a80000,0x00000007a94a9640,0x00000007a9500000)
  to   space 10752K, 0% used [0x00000007a8000000,0x00000007a8000000,0x00000007a8a80000)
 ParOldGen       total 175104K, used 24K [0x0000000760000000, 0x000000076ab00000, 0x00000007a0000000)
  object space 175104K, 0% used [0x0000000760000000,0x0000000760006000,0x000000076ab00000)
 Metaspace       used 16675K, capacity 17068K, committed 17408K, reserved 1064960K
  class space    used 2416K, capacity 2542K, committed 2560K, reserved 1048576K
}

Deoptimization events (10 events):
Event: 1.237 Thread 0x00007fb854654800 Uncommon trap: reason=class_check action=maybe_recompile pc=0x000000011002d1f8 method=java.util.regex.Matcher.match(II)Z @ 86
Event: 1.237 Thread 0x00007fb854654800 Uncommon trap: reason=class_check action=maybe_recompile pc=0x00000001100076a0 method=java.util.regex.Matcher.match(II)Z @ 86
Event: 1.490 Thread 0x00007fb854654800 Uncommon trap: reason=unstable_if action=reinterpret pc=0x000000010feffa6c method=java.net.URI.match(CJJ)Z @ 19
Event: 1.490 Thread 0x00007fb854654800 Uncommon trap: reason=unstable_if action=reinterpret pc=0x00000001100341a0 method=java.net.URI.match(CJJ)Z @ 19
Event: 1.524 Thread 0x00007fb854654800 Uncommon trap: reason=unstable_if action=reinterpret pc=0x000000010ffc1e98 method=java.io.UnixFileSystem.normalize(Ljava/lang/String;)Ljava/lang/String; @ 60
Event: 1.524 Thread 0x00007fb854654800 Uncommon trap: reason=unstable_if action=reinterpret pc=0x0000000110025240 method=java.io.File.getName()Ljava/lang/String; @ 16
Event: 1.605 Thread 0x00007fb854654800 Uncommon trap: reason=bimorphic action=maybe_recompile pc=0x00000001101b016c method=java.lang.ClassLoader.loadClass(Ljava/lang/String;Z)Ljava/lang/Class; @ 38
Event: 1.605 Thread 0x00007fb854654800 Uncommon trap: reason=bimorphic action=maybe_recompile pc=0x00000001101b016c method=java.lang.ClassLoader.loadClass(Ljava/lang/String;Z)Ljava/lang/Class; @ 38
Event: 1.606 Thread 0x00007fb854654800 Uncommon trap: reason=bimorphic action=maybe_recompile pc=0x00000001101b016c method=java.lang.ClassLoader.loadClass(Ljava/lang/String;Z)Ljava/lang/Class; @ 38
Event: 1.606 Thread 0x00007fb854654800 Uncommon trap: reason=bimorphic action=maybe_recompile pc=0x00000001101b016c method=java.lang.ClassLoader.loadClass(Ljava/lang/String;Z)Ljava/lang/Class; @ 38

Classes redefined (0 events):
No events

Internal exceptions (10 events):
Event: 1.538 Thread 0x00007fb854654800 Exception <a 'java/lang/NoSuchMethodError': <clinit>> (0x00000007a3c77798) thrown at [/Volumes/android/AOSP-openjdk-git/jdk8u/hotspot/src/share/vm/prims/jni.cpp, line 1613]
Event: 1.538 Thread 0x00007fb854654800 Exception <a 'java/lang/NoSuchMethodError': <clinit>> (0x00000007a3c7a150) thrown at [/Volumes/android/AOSP-openjdk-git/jdk8u/hotspot/src/share/vm/prims/jni.cpp, line 1613]
Event: 1.539 Thread 0x00007fb854654800 Exception <a 'java/lang/NoSuchMethodError': <clinit>> (0x00000007a3c87740) thrown at [/Volumes/android/AOSP-openjdk-git/jdk8u/hotspot/src/share/vm/prims/jni.cpp, line 1613]
Event: 1.540 Thread 0x00007fb854654800 Exception <a 'java/lang/NoSuchMethodError': <clinit>> (0x00000007a3c92ec0) thrown at [/Volumes/android/AOSP-openjdk-git/jdk8u/hotspot/src/share/vm/prims/jni.cpp, line 1613]
Event: 1.608 Thread 0x00007fb854654800 Exception <a 'java/lang/NoSuchMethodError': <clinit>> (0x00000007a00dcfa0) thrown at [/Volumes/android/AOSP-openjdk-git/jdk8u/hotspot/src/share/vm/prims/jni.cpp, line 1613]
Event: 1.618 Thread 0x00007fb854654800 Exception <a 'java/lang/NoSuchMethodError': <clinit>> (0x00000007a0127318) thrown at [/Volumes/android/AOSP-openjdk-git/jdk8u/hotspot/src/share/vm/prims/jni.cpp, line 1613]
Event: 1.619 Thread 0x00007fb854654800 Exception <a 'java/lang/NoSuchMethodError': <clinit>> (0x00000007a0135018) thrown at [/Volumes/android/AOSP-openjdk-git/jdk8u/hotspot/src/share/vm/prims/jni.cpp, line 1613]
Event: 1.628 Thread 0x00007fb854654800 Exception <a 'java/lang/NoSuchMethodError': <clinit>> (0x00000007a01b5518) thrown at [/Volumes/android/AOSP-openjdk-git/jdk8u/hotspot/src/share/vm/prims/jni.cpp, line 1613]
Event: 1.628 Thread 0x00007fb854654800 Exception <a 'java/lang/NoSuchMethodError': <clinit>> (0x00000007a01b91d8) thrown at [/Volumes/android/AOSP-openjdk-git/jdk8u/hotspot/src/share/vm/prims/jni.cpp, line 1613]
Event: 1.628 Thread 0x00007fb854654800 Exception <a 'java/lang/NoSuchMethodError': <clinit>> (0x00000007a01bace0) thrown at [/Volumes/android/AOSP-openjdk-git/jdk8u/hotspot/src/share/vm/prims/jni.cpp, line 1613]

Events (10 events):
Event: 1.791 loading class org/codehaus/groovy/runtime/RangeInfo
Event: 1.791 loading class org/codehaus/groovy/runtime/RangeInfo done
Event: 1.792 loading class java/lang/Deprecated
Event: 1.792 loading class java/lang/Deprecated done
Event: 1.793 loading class org/codehaus/groovy/runtime/DefaultGroovyStaticMethods
Event: 1.793 loading class org/codehaus/groovy/runtime/DefaultGroovyStaticMethods done
Event: 1.795 loading class java/time/ZoneId
Event: 1.796 loading class java/time/ZoneId done
Event: 1.797 loading class org/codehaus/groovy/runtime/m12n/ExtensionModuleScanner
Event: 1.797 loading class org/codehaus/groovy/runtime/m12n/ExtensionModuleScanner done


Dynamic libraries:
0x000000002d96e000 	/System/Library/Frameworks/Cocoa.framework/Versions/A/Cocoa
0x000000002d96e000 	/System/Library/Frameworks/Security.framework/Versions/A/Security
0x000000002d96e000 	/System/Library/Frameworks/ApplicationServices.framework/Versions/A/ApplicationServices
0x000000002d96e000 	/usr/lib/libz.1.dylib
0x000000002d96e000 	/usr/lib/libSystem.B.dylib
0x000000002d96e000 	/System/Library/Frameworks/CoreFoundation.framework/Versions/A/CoreFoundation
0x000000002d96e000 	/System/Library/Frameworks/Foundation.framework/Versions/C/Foundation
0x000000002d96e000 	/usr/lib/libobjc.A.dylib
0x000000002d96e000 	/System/Library/Frameworks/AppKit.framework/Versions/C/AppKit
0x000000002d96e000 	/System/Library/Frameworks/CoreData.framework/Versions/A/CoreData
0x000000002d96e000 	/System/Library/PrivateFrameworks/RemoteViewServices.framework/Versions/A/RemoteViewServices
0x000000002d96e000 	/System/Library/PrivateFrameworks/UIFoundation.framework/Versions/A/UIFoundation
0x000000002d96e000 	/System/Library/PrivateFrameworks/DFRFoundation.framework/Versions/A/DFRFoundation
0x000000002d96e000 	/System/Library/Frameworks/Metal.framework/Versions/A/Metal
0x000000002d96e000 	/System/Library/PrivateFrameworks/DesktopServicesPriv.framework/Versions/A/DesktopServicesPriv
0x000000002d96e000 	/usr/lib/libenergytrace.dylib
0x000000002d96e000 	/System/Library/PrivateFrameworks/SkyLight.framework/Versions/A/SkyLight
0x000000002d96e000 	/System/Library/Frameworks/CoreGraphics.framework/Versions/A/CoreGraphics
0x000000002d96e000 	/usr/lib/libScreenReader.dylib
0x000000002d96e000 	/System/Library/Frameworks/Accelerate.framework/Versions/A/Accelerate
0x000000002d96e000 	/System/Library/Frameworks/IOSurface.framework/Versions/A/IOSurface
0x000000002d96e000 	/System/Library/Frameworks/AudioToolbox.framework/Versions/A/AudioToolbox
0x000000002d96e000 	/System/Library/Frameworks/AudioUnit.framework/Versions/A/AudioUnit
0x000000002d96e000 	/System/Library/PrivateFrameworks/DataDetectorsCore.framework/Versions/A/DataDetectorsCore
0x000000002d96e000 	/System/Library/Frameworks/Carbon.framework/Versions/A/Frameworks/HIToolbox.framework/Versions/A/HIToolbox
0x000000002d96e000 	/usr/lib/libicucore.A.dylib
0x000000002d96e000 	/System/Library/Frameworks/QuartzCore.framework/Versions/A/QuartzCore
0x000000002d96e000 	/System/Library/Frameworks/Carbon.framework/Versions/A/Frameworks/SpeechRecognition.framework/Versions/A/SpeechRecognition
0x000000002d96e000 	/usr/lib/libauto.dylib
0x000000002d96e000 	/usr/lib/libxml2.2.dylib
0x000000002d96e000 	/System/Library/PrivateFrameworks/CoreUI.framework/Versions/A/CoreUI
0x000000002d96e000 	/System/Library/Frameworks/CoreAudio.framework/Versions/A/CoreAudio
0x000000002d96e000 	/System/Library/Frameworks/DiskArbitration.framework/Versions/A/DiskArbitration
0x000000002d96e000 	/usr/lib/liblangid.dylib
0x000000002d96e000 	/System/Library/PrivateFrameworks/MultitouchSupport.framework/Versions/A/MultitouchSupport
0x000000002d96e000 	/System/Library/Frameworks/IOKit.framework/Versions/A/IOKit
0x000000002d96e000 	/usr/lib/libDiagnosticMessagesClient.dylib
0x000000002d96e000 	/System/Library/Frameworks/CoreServices.framework/Versions/A/CoreServices
0x000000002d96e000 	/System/Library/PrivateFrameworks/PerformanceAnalysis.framework/Versions/A/PerformanceAnalysis
0x000000002d96e000 	/System/Library/Frameworks/OpenGL.framework/Versions/A/OpenGL
0x000000002d96e000 	/System/Library/Frameworks/ColorSync.framework/Versions/A/ColorSync
0x000000002d96e000 	/System/Library/Frameworks/CoreImage.framework/Versions/A/CoreImage
0x000000002d96e000 	/System/Library/Frameworks/CoreText.framework/Versions/A/CoreText
0x000000002d96e000 	/System/Library/Frameworks/ImageIO.framework/Versions/A/ImageIO
0x000000002d96e000 	/System/Library/PrivateFrameworks/Backup.framework/Versions/A/Backup
0x000000002d96e000 	/usr/lib/libarchive.2.dylib
0x000000002d96e000 	/System/Library/Frameworks/CFNetwork.framework/Versions/A/CFNetwork
0x000000002d96e000 	/System/Library/Frameworks/SystemConfiguration.framework/Versions/A/SystemConfiguration
0x000000002d96e000 	/usr/lib/libCRFSuite.dylib
0x000000002d96e000 	/usr/lib/libc++.1.dylib
0x000000002d96e000 	/usr/lib/libc++abi.dylib
0x000000002d96e000 	/usr/lib/system/libcache.dylib
0x000000002d96e000 	/usr/lib/system/libcommonCrypto.dylib
0x000000002d96e000 	/usr/lib/system/libcompiler_rt.dylib
0x000000002d96e000 	/usr/lib/system/libcopyfile.dylib
0x000000002d96e000 	/usr/lib/system/libcorecrypto.dylib
0x000000002d96e000 	/usr/lib/system/libdispatch.dylib
0x000000002d96e000 	/usr/lib/system/libdyld.dylib
0x000000002d96e000 	/usr/lib/system/libkeymgr.dylib
0x000000002d96e000 	/usr/lib/system/liblaunch.dylib
0x000000002d96e000 	/usr/lib/system/libmacho.dylib
0x000000002d96e000 	/usr/lib/system/libquarantine.dylib
0x000000002d96e000 	/usr/lib/system/libremovefile.dylib
0x000000002d96e000 	/usr/lib/system/libsystem_asl.dylib
0x000000002d96e000 	/usr/lib/system/libsystem_blocks.dylib
0x000000002d96e000 	/usr/lib/system/libsystem_c.dylib
0x000000002d96e000 	/usr/lib/system/libsystem_configuration.dylib
0x000000002d96e000 	/usr/lib/system/libsystem_coreservices.dylib
0x000000002d96e000 	/usr/lib/system/libsystem_darwin.dylib
0x000000002d96e000 	/usr/lib/system/libsystem_dnssd.dylib
0x000000002d96e000 	/usr/lib/system/libsystem_info.dylib
0x000000002d96e000 	/usr/lib/system/libsystem_m.dylib
0x000000002d96e000 	/usr/lib/system/libsystem_malloc.dylib
0x000000002d96e000 	/usr/lib/system/libsystem_network.dylib
0x000000002d96e000 	/usr/lib/system/libsystem_networkextension.dylib
0x000000002d96e000 	/usr/lib/system/libsystem_notify.dylib
0x000000002d96e000 	/usr/lib/system/libsystem_sandbox.dylib
0x000000002d96e000 	/usr/lib/system/libsystem_secinit.dylib
0x000000002d96e000 	/usr/lib/system/libsystem_kernel.dylib
0x000000002d96e000 	/usr/lib/system/libsystem_platform.dylib
0x000000002d96e000 	/usr/lib/system/libsystem_pthread.dylib
0x000000002d96e000 	/usr/lib/system/libsystem_symptoms.dylib
0x000000002d96e000 	/usr/lib/system/libsystem_trace.dylib
0x000000002d96e000 	/usr/lib/system/libunwind.dylib
0x000000002d96e000 	/usr/lib/system/libxpc.dylib
0x000000002d96e000 	/usr/lib/closure/libclosured.dylib
0x000000002d96e000 	/usr/lib/libbsm.0.dylib
0x000000002d96e000 	/usr/lib/system/libkxld.dylib
0x000000002d96e000 	/usr/lib/libOpenScriptingUtil.dylib
0x000000002d96e000 	/usr/lib/libcoretls.dylib
0x000000002d96e000 	/usr/lib/libcoretls_cfhelpers.dylib
0x000000002d96e000 	/usr/lib/libpam.2.dylib
0x000000002d96e000 	/usr/lib/libsqlite3.dylib
0x000000002d96e000 	/usr/lib/libxar.1.dylib
0x000000002d96e000 	/usr/lib/libbz2.1.0.dylib
0x000000002d96e000 	/usr/lib/liblzma.5.dylib
0x000000002d96e000 	/usr/lib/libnetwork.dylib
0x000000002d96e000 	/usr/lib/libapple_nghttp2.dylib
0x000000002d96e000 	/usr/lib/libpcap.A.dylib
0x000000002d96e000 	/usr/lib/libboringssl.dylib
0x000000002d96e000 	/usr/lib/libusrtcp.dylib
0x000000002d96e000 	/usr/lib/libapple_crypto.dylib
0x000000002d96e000 	/System/Library/Frameworks/CoreServices.framework/Versions/A/Frameworks/FSEvents.framework/Versions/A/FSEvents
0x000000002d96e000 	/System/Library/Frameworks/CoreServices.framework/Versions/A/Frameworks/CarbonCore.framework/Versions/A/CarbonCore
0x000000002d96e000 	/System/Library/Frameworks/CoreServices.framework/Versions/A/Frameworks/Metadata.framework/Versions/A/Metadata
0x000000002d96e000 	/System/Library/Frameworks/CoreServices.framework/Versions/A/Frameworks/OSServices.framework/Versions/A/OSServices
0x000000002d96e000 	/System/Library/Frameworks/CoreServices.framework/Versions/A/Frameworks/SearchKit.framework/Versions/A/SearchKit
0x000000002d96e000 	/System/Library/Frameworks/CoreServices.framework/Versions/A/Frameworks/AE.framework/Versions/A/AE
0x000000002d96e000 	/System/Library/Frameworks/CoreServices.framework/Versions/A/Frameworks/LaunchServices.framework/Versions/A/LaunchServices
0x000000002d96e000 	/System/Library/Frameworks/CoreServices.framework/Versions/A/Frameworks/DictionaryServices.framework/Versions/A/DictionaryServices
0x000000002d96e000 	/System/Library/Frameworks/CoreServices.framework/Versions/A/Frameworks/SharedFileList.framework/Versions/A/SharedFileList
0x000000002d96e000 	/System/Library/Frameworks/NetFS.framework/Versions/A/NetFS
0x000000002d96e000 	/System/Library/PrivateFrameworks/NetAuth.framework/Versions/A/NetAuth
0x000000002d96e000 	/System/Library/PrivateFrameworks/login.framework/Versions/A/Frameworks/loginsupport.framework/Versions/A/loginsupport
0x000000002d96e000 	/System/Library/PrivateFrameworks/TCC.framework/Versions/A/TCC
0x000000002d96e000 	/usr/lib/libmecabra.dylib
0x000000002d96e000 	/System/Library/Frameworks/ApplicationServices.framework/Versions/A/Frameworks/ATS.framework/Versions/A/ATS
0x000000002d96e000 	/System/Library/Frameworks/ApplicationServices.framework/Versions/A/Frameworks/ColorSyncLegacy.framework/Versions/A/ColorSyncLegacy
0x000000002d96e000 	/System/Library/Frameworks/ApplicationServices.framework/Versions/A/Frameworks/HIServices.framework/Versions/A/HIServices
0x000000002d96e000 	/System/Library/Frameworks/ApplicationServices.framework/Versions/A/Frameworks/LangAnalysis.framework/Versions/A/LangAnalysis
0x000000002d96e000 	/System/Library/Frameworks/ApplicationServices.framework/Versions/A/Frameworks/PrintCore.framework/Versions/A/PrintCore
0x000000002d96e000 	/System/Library/Frameworks/ApplicationServices.framework/Versions/A/Frameworks/QD.framework/Versions/A/QD
0x000000002d96e000 	/System/Library/Frameworks/ApplicationServices.framework/Versions/A/Frameworks/SpeechSynthesis.framework/Versions/A/SpeechSynthesis
0x000000002d96e000 	/System/Library/Frameworks/CoreDisplay.framework/Versions/A/CoreDisplay
0x000000002d96e000 	/System/Library/Frameworks/Accelerate.framework/Versions/A/Frameworks/vImage.framework/Versions/A/vImage
0x000000002d96e000 	/System/Library/Frameworks/Accelerate.framework/Versions/A/Frameworks/vecLib.framework/Versions/A/vecLib
0x000000002d96e000 	/System/Library/Frameworks/Accelerate.framework/Versions/A/Frameworks/vecLib.framework/Versions/A/libvDSP.dylib
0x000000002d96e000 	/System/Library/Frameworks/Accelerate.framework/Versions/A/Frameworks/vecLib.framework/Versions/A/libBNNS.dylib
0x000000002d96e000 	/System/Library/Frameworks/Accelerate.framework/Versions/A/Frameworks/vecLib.framework/Versions/A/libQuadrature.dylib
0x000000002d96e000 	/System/Library/Frameworks/Accelerate.framework/Versions/A/Frameworks/vecLib.framework/Versions/A/libvMisc.dylib
0x000000002d96e000 	/System/Library/Frameworks/Accelerate.framework/Versions/A/Frameworks/vecLib.framework/Versions/A/libLAPACK.dylib
0x000000002d96e000 	/System/Library/Frameworks/Accelerate.framework/Versions/A/Frameworks/vecLib.framework/Versions/A/libBLAS.dylib
0x000000002d96e000 	/System/Library/Frameworks/Accelerate.framework/Versions/A/Frameworks/vecLib.framework/Versions/A/libLinearAlgebra.dylib
0x000000002d96e000 	/System/Library/Frameworks/Accelerate.framework/Versions/A/Frameworks/vecLib.framework/Versions/A/libSparse.dylib
0x000000002d96e000 	/System/Library/Frameworks/Accelerate.framework/Versions/A/Frameworks/vecLib.framework/Versions/A/libSparseBLAS.dylib
0x000000002d96e000 	/System/Library/PrivateFrameworks/IOAccelerator.framework/Versions/A/IOAccelerator
0x000000002d96e000 	/System/Library/PrivateFrameworks/IOPresentment.framework/Versions/A/IOPresentment
0x000000002d96e000 	/System/Library/PrivateFrameworks/DSExternalDisplay.framework/Versions/A/DSExternalDisplay
0x000000002d96e000 	/System/Library/Frameworks/OpenGL.framework/Versions/A/Libraries/libCoreFSCache.dylib
0x000000002d96e000 	/System/Library/Frameworks/CoreVideo.framework/Versions/A/CoreVideo
0x000000002d96e000 	/System/Library/PrivateFrameworks/GraphVisualizer.framework/Versions/A/GraphVisualizer
0x000000002d96e000 	/System/Library/Frameworks/MetalPerformanceShaders.framework/Versions/A/MetalPerformanceShaders
0x000000002d96e000 	/usr/lib/libFosl_dynamic.dylib
0x000000002d96e000 	/System/Library/PrivateFrameworks/FaceCore.framework/Versions/A/FaceCore
0x000000002d96e000 	/System/Library/Frameworks/OpenCL.framework/Versions/A/OpenCL
0x000000002d96e000 	/usr/lib/libcompression.dylib
0x000000002d96e000 	/System/Library/Frameworks/ApplicationServices.framework/Versions/A/Frameworks/ATS.framework/Versions/A/Resources/libFontParser.dylib
0x000000002d96e000 	/System/Library/Frameworks/ApplicationServices.framework/Versions/A/Frameworks/ATS.framework/Versions/A/Resources/libFontRegistry.dylib
0x000000002d96e000 	/System/Library/Frameworks/ImageIO.framework/Versions/A/Resources/libJPEG.dylib
0x000000002d96e000 	/System/Library/Frameworks/ImageIO.framework/Versions/A/Resources/libTIFF.dylib
0x000000002d96e000 	/System/Library/Frameworks/ImageIO.framework/Versions/A/Resources/libPng.dylib
0x000000002d96e000 	/System/Library/Frameworks/ImageIO.framework/Versions/A/Resources/libGIF.dylib
0x000000002d96e000 	/System/Library/Frameworks/ImageIO.framework/Versions/A/Resources/libJP2.dylib
0x000000002d96e000 	/System/Library/Frameworks/ImageIO.framework/Versions/A/Resources/libRadiance.dylib
0x000000002d96e000 	/System/Library/PrivateFrameworks/AppleJPEG.framework/Versions/A/AppleJPEG
0x000000002d96e000 	/System/Library/PrivateFrameworks/MetalTools.framework/Versions/A/MetalTools
0x000000002d96e000 	/System/Library/Frameworks/MetalPerformanceShaders.framework/Frameworks/MPSCore.framework/Versions/A/MPSCore
0x000000002d96e000 	/System/Library/Frameworks/MetalPerformanceShaders.framework/Frameworks/MPSImage.framework/Versions/A/MPSImage
0x000000002d96e000 	/System/Library/Frameworks/MetalPerformanceShaders.framework/Frameworks/MPSMatrix.framework/Versions/A/MPSMatrix
0x000000002d96e000 	/System/Library/Frameworks/MetalPerformanceShaders.framework/Frameworks/MPSNeuralNetwork.framework/Versions/A/MPSNeuralNetwork
0x000000002d96e000 	/System/Library/Frameworks/OpenGL.framework/Versions/A/Libraries/libGLU.dylib
0x000000002d96e000 	/System/Library/Frameworks/OpenGL.framework/Versions/A/Libraries/libGFXShared.dylib
0x000000002d96e000 	/System/Library/Frameworks/OpenGL.framework/Versions/A/Libraries/libGL.dylib
0x000000002d96e000 	/System/Library/Frameworks/OpenGL.framework/Versions/A/Libraries/libGLImage.dylib
0x000000002d96e000 	/System/Library/Frameworks/OpenGL.framework/Versions/A/Libraries/libCVMSPluginSupport.dylib
0x000000002d96e000 	/System/Library/Frameworks/OpenGL.framework/Versions/A/Libraries/libCoreVMClient.dylib
0x000000002d96e000 	/usr/lib/libcups.2.dylib
0x000000002d96e000 	/System/Library/Frameworks/Kerberos.framework/Versions/A/Kerberos
0x000000002d96e000 	/System/Library/Frameworks/GSS.framework/Versions/A/GSS
0x000000002d96e000 	/usr/lib/libresolv.9.dylib
0x000000002d96e000 	/usr/lib/libiconv.2.dylib
0x000000002d96e000 	/System/Library/PrivateFrameworks/Heimdal.framework/Versions/A/Heimdal
0x000000002d96e000 	/usr/lib/libheimdal-asn1.dylib
0x000000002d96e000 	/System/Library/Frameworks/OpenDirectory.framework/Versions/A/OpenDirectory
0x000000002d96e000 	/System/Library/PrivateFrameworks/CommonAuth.framework/Versions/A/CommonAuth
0x000000002d96e000 	/System/Library/Frameworks/OpenDirectory.framework/Versions/A/Frameworks/CFOpenDirectory.framework/Versions/A/CFOpenDirectory
0x000000002d96e000 	/System/Library/Frameworks/SecurityFoundation.framework/Versions/A/SecurityFoundation
0x000000002d96e000 	/System/Library/PrivateFrameworks/APFS.framework/Versions/A/APFS
0x000000002d96e000 	/usr/lib/libutil.dylib
0x000000002d96e000 	/System/Library/PrivateFrameworks/AppleSauce.framework/Versions/A/AppleSauce
0x000000002d96e000 	/System/Library/PrivateFrameworks/LinguisticData.framework/Versions/A/LinguisticData
0x000000002d96e000 	/usr/lib/libmarisa.dylib
0x000000002d96e000 	/System/Library/PrivateFrameworks/Lexicon.framework/Versions/A/Lexicon
0x000000002d96e000 	/usr/lib/libChineseTokenizer.dylib
0x000000002d96e000 	/usr/lib/libcmph.dylib
0x000000002d96e000 	/System/Library/PrivateFrameworks/LanguageModeling.framework/Versions/A/LanguageModeling
0x000000002d96e000 	/System/Library/PrivateFrameworks/CoreEmoji.framework/Versions/A/CoreEmoji
0x000000002d96e000 	/System/Library/Frameworks/ServiceManagement.framework/Versions/A/ServiceManagement
0x000000002d96e000 	/System/Library/PrivateFrameworks/BackgroundTaskManagement.framework/Versions/A/BackgroundTaskManagement
0x000000002d96e000 	/usr/lib/libxslt.1.dylib
0x000000002d96e000 	/System/Library/Frameworks/Carbon.framework/Versions/A/Frameworks/Ink.framework/Versions/A/Ink
0x000000002d96e000 	/System/Library/PrivateFrameworks/TextureIO.framework/Versions/A/TextureIO
0x000000002d96e000 	/usr/lib/libate.dylib
0x000000002d96e000 	/System/Library/PrivateFrameworks/CrashReporterSupport.framework/Versions/A/CrashReporterSupport
0x000000002d96e000 	/System/Library/PrivateFrameworks/Sharing.framework/Versions/A/Sharing
0x000000002d96e000 	/System/Library/PrivateFrameworks/IconServices.framework/Versions/A/IconServices
0x000000002d96e000 	/System/Library/PrivateFrameworks/ProtocolBuffer.framework/Versions/A/ProtocolBuffer
0x000000002d96e000 	/System/Library/PrivateFrameworks/Apple80211.framework/Versions/A/Apple80211
0x000000002d96e000 	/System/Library/Frameworks/CoreWLAN.framework/Versions/A/CoreWLAN
0x000000002d96e000 	/System/Library/PrivateFrameworks/CoreUtils.framework/Versions/A/CoreUtils
0x000000002d96e000 	/System/Library/Frameworks/IOBluetooth.framework/Versions/A/IOBluetooth
0x000000002d96e000 	/System/Library/PrivateFrameworks/CoreWiFi.framework/Versions/A/CoreWiFi
0x000000002d96e000 	/System/Library/Frameworks/CoreBluetooth.framework/Versions/A/CoreBluetooth
0x000000002d96e000 	/System/Library/PrivateFrameworks/SignpostNotification.framework/Versions/A/SignpostNotification
0x000000002d96e000 	/System/Library/PrivateFrameworks/DebugSymbols.framework/Versions/A/DebugSymbols
0x000000002d96e000 	/System/Library/PrivateFrameworks/CoreSymbolication.framework/Versions/A/CoreSymbolication
0x000000002d96e000 	/System/Library/PrivateFrameworks/Symbolication.framework/Versions/A/Symbolication
0x000000002d96e000 	/System/Library/PrivateFrameworks/AppleFSCompression.framework/Versions/A/AppleFSCompression
0x000000002d96e000 	/System/Library/PrivateFrameworks/SpeechRecognitionCore.framework/Versions/A/SpeechRecognitionCore
0x0000000109200000 	/Applications/Android Studio.app/Contents/jre/jdk/Contents/Home/jre/lib/server/libjvm.dylib
0x000000002d96e000 	/usr/lib/libstdc++.6.0.9.dylib
0x00000001081bf000 	/Applications/Android Studio.app/Contents/jre/jdk/Contents/Home/jre/lib/libverify.dylib
0x00000001081cb000 	/Applications/Android Studio.app/Contents/jre/jdk/Contents/Home/jre/lib/libjava.dylib
0x0000000109cb1000 	/Applications/Android Studio.app/Contents/jre/jdk/Contents/Home/jre/lib/libzip.dylib
0x000000011f560000 	/Applications/Android Studio.app/Contents/jre/jdk/Contents/Home/jre/lib/libnet.dylib
0x000000011f638000 	/Applications/Android Studio.app/Contents/jre/jdk/Contents/Home/jre/lib/libnio.dylib
0x000000011f89a000 	/Users/annascott/.gradle/native/25/osx-amd64/libnative-platform.dylib
0x000000011fc22000 	/Applications/Android Studio.app/Contents/jre/jdk/Contents/Home/jre/lib/libmanagement.dylib

VM Arguments:
jvm_args: -Xmx1536m -Dfile.encoding=UTF-8 -Duser.country=US -Duser.language=en -Duser.variant 
java_command: org.gradle.launcher.daemon.bootstrap.GradleDaemon 4.4
java_class_path (initial): /Users/annascott/.gradle/wrapper/dists/gradle-4.4-all/9br9xq1tocpiv8o6njlyu5op1/gradle-4.4/lib/gradle-launcher-4.4.jar
Launcher Type: SUN_STANDARD

Environment Variables:
PATH=/usr/local/bin:/usr/bin:/bin:/usr/sbin:/sbin
SHELL=/bin/bash

Signal Handlers:
SIGSEGV: [libjvm.dylib+0x53f567], sa_mask[0]=11111111011111110111111111111111, sa_flags=SA_ONSTACK|SA_RESTART|SA_SIGINFO
SIGBUS: [libjvm.dylib+0x53f567], sa_mask[0]=11111111011111110111111111111111, sa_flags=SA_RESTART|SA_SIGINFO
SIGFPE: [libjvm.dylib+0x437adf], sa_mask[0]=11111111011111110111111111111111, sa_flags=SA_RESTART|SA_SIGINFO
SIGPIPE: [libjvm.dylib+0x437adf], sa_mask[0]=11111111011111110111111111111111, sa_flags=SA_RESTART|SA_SIGINFO
SIGXFSZ: [libjvm.dylib+0x437adf], sa_mask[0]=11111111011111110111111111111111, sa_flags=SA_RESTART|SA_SIGINFO
SIGILL: [libjvm.dylib+0x437adf], sa_mask[0]=11111111011111110111111111111111, sa_flags=SA_RESTART|SA_SIGINFO
SIGUSR1: SIG_DFL, sa_mask[0]=00000000000000000000000000000000, sa_flags=none
SIGUSR2: [libjvm.dylib+0x438404], sa_mask[0]=00100000000000000000000000000000, sa_flags=SA_RESTART|SA_SIGINFO
SIGHUP: [libjvm.dylib+0x4365f9], sa_mask[0]=11111111011111110111111111111111, sa_flags=SA_RESTART|SA_SIGINFO
SIGINT: [libjvm.dylib+0x4365f9], sa_mask[0]=11111111011111110111111111111111, sa_flags=SA_RESTART|SA_SIGINFO
SIGTERM: [libjvm.dylib+0x4365f9], sa_mask[0]=11111111011111110111111111111111, sa_flags=SA_RESTART|SA_SIGINFO
SIGQUIT: [libjvm.dylib+0x4365f9], sa_mask[0]=11111111011111110111111111111111, sa_flags=SA_RESTART|SA_SIGINFO


---------------  S Y S T E M  ---------------

OS:Bsduname:Darwin 17.3.0 Darwin Kernel Version 17.3.0: Thu Nov  9 18:09:22 PST 2017; root:xnu-4570.31.3~1/RELEASE_X86_64 x86_64
rlimit: STACK 8192k, CORE 0k, NPROC 1418, NOFILE 10240, AS infinity
load average:2.92 2.59 1.98

CPU:total 8 (initial active 8) (4 cores per cpu, 2 threads per core) family 6 model 94 stepping 3, cmov, cx8, fxsr, mmx, sse, sse2, sse3, ssse3, sse4.1, sse4.2, popcnt, avx, avx2, aes, clmul, erms, rtm, 3dnowpref, lzcnt, ht, tsc, tscinvbit, bmi1, bmi2, adx

Memory: 4k page, physical 16777216k(2924572k free)

/proc/meminfo:


vm_info: OpenJDK 64-Bit Server VM (25.152-b01) for bsd-amd64 JRE (1.8.0_152-release-1024-b01), built by "builder" with gcc 4.2.1 Compatible Apple LLVM 8.1.0 (clang-802.0.42)

time: Mon May 28 14:15:53 2018
elapsed time: 1 seconds (0d 0h 0m 1s)

