#
# A fatal error has been detected by the Java Runtime Environment:
#
#  SIGSEGV (0xb) at pc=0x000000011039a22d, pid=524, tid=0x0000000000004103
#
# JRE version: OpenJDK Runtime Environment (8.0_152-b01) (build 1.8.0_152-release-1024-b01)
# Java VM: OpenJDK 64-Bit Server VM (25.152-b01 mixed mode bsd-amd64 compressed oops)
# Problematic frame:
# V  [libjvm.dylib+0x39a22d]
#
# Failed to write core dump. Core dumps have been disabled. To enable core dumping, try "ulimit -c unlimited" before starting Java again
#
# If you would like to submit a bug report, please visit:
#   http://bugreport.java.com/bugreport/crash.jsp
#

---------------  T H R E A D  ---------------

Current thread (0x00007fb33380a000):  JavaThread "C2 CompilerThread2" daemon [_thread_in_native, id=16643, stack(0x000070000bb11000,0x000070000bc11000)]

siginfo: si_signo: 11 (SIGSEGV), si_code: 0 (unknown), si_addr: 0x0000000000000000

Registers:
RAX=0x80007fb3367a3010, RBX=0x000070000bc0d508, RCX=0x000000011747f010, RDX=0x00007fb3320bed18
RSP=0x000070000bc0d190, RBP=0x000070000bc0d1f0, RSI=0x00007fb3320bed18, RDI=0x000070000bc0d508
R8 =0x0000000000000000, R9 =0xffffffff00000000, R10=0x00000001107e1a20, R11=0x0000000000001000
R12=0x0000000000000023, R13=0x000070000bc0d460, R14=0x80007fb3367a3010, R15=0x000070000bc0d490
RIP=0x000000011039a22d, EFLAGS=0x0000000000010216, ERR=0x0000000000000000
  TRAPNO=0x000000000000000d

Top of Stack: (sp=0x000070000bc0d190)
0x000070000bc0d190:   0000000000000000 000070000bc0d490
0x000070000bc0d1a0:   000070000bc0d528 000070000bc0d508
0x000070000bc0d1b0:   000070000bc0d440 00007fb3320bed18
0x000070000bc0d1c0:   0000000000000001 00007fb33567f730
0x000070000bc0d1d0:   00007fb32fe28da0 0000000000000001
0x000070000bc0d1e0:   000070000bc0d508 00007fb3318008b0
0x000070000bc0d1f0:   000070000bc0d4f0 0000000110399a43
0x000070000bc0d200:   00007fb3318008b0 0000000000000004
0x000070000bc0d210:   00007fb335cf9810 0000000100000000
0x000070000bc0d220:   0000000000000000 000000010ee0b000
0x000070000bc0d230:   0000000000020010 0000000000020010
0x000070000bc0d240:   000070000bc0d310 00007fff613583e1
0x000070000bc0d250:   000070000bc10078 00007fb3360e4a90
0x000070000bc0d260:   000070000bc0d440 000000011021cd60
0x000070000bc0d270:   000000010ee0c380 0000000000000000
0x000070000bc0d280:   0000000000000000 0000000000003c00
0x000070000bc0d290:   000070000bc0d200 0000000000011e80
0x000070000bc0d2a0:   000070000bc10078 0000000000000000
0x000070000bc0d2b0:   000000001057b0d9 00000001107deffc
0x000070000bc0d2c0:   0000000000000000 0000000000040010
0x000070000bc0d2d0:   00007fff9a2ba000 0000000000040010
0x000070000bc0d2e0:   000000000bc0d310 00000001107deffc
0x000070000bc0d2f0:   0000000000000000 0000000000020010
0x000070000bc0d300:   00007fff9a2ba000 0000000000020010
0x000070000bc0d310:   000070000bc0d340 00007fff61358201
0x000070000bc0d320:   0000000000020010 00000001107deffc
0x000070000bc0d330:   000070000bc0d3b0 000000000000000c
0x000070000bc0d340:   000070000bc0d360 00007fff6135750b
0x000070000bc0d350:   0000000000000000 00000001107deffc
0x000070000bc0d360:   000070000bc0d3a0 0000000110432926
0x000070000bc0d370:   0000000000000000 0000000000020010
0x000070000bc0d380:   00007fb33525a400 00007fb33525a478 

Instructions: (pc=0x000000011039a22d)
0x000000011039a20d:   39 43 28 4c 89 f2 76 0a 48 8b 4b 30 f6 04 c1 01
0x000000011039a21d:   75 1e 48 89 df 48 89 d6 e8 9e 16 ff ff 49 89 c6
0x000000011039a22d:   49 83 7e 18 00 74 12 48 8b 55 c8 eb 4b 4c 89 f2
0x000000011039a23d:   48 8b 4d d0 e9 f1 00 00 00 48 8b 55 c8 44 8b 62 

Register to memory mapping:

RAX=0x80007fb3367a3010 is an unknown value
RBX=0x000070000bc0d508 is pointing into the stack for thread: 0x00007fb33380a000
RCX=0x000000011747f010 is an unknown value
RDX=0x00007fb3320bed18 is an unknown value
RSP=0x000070000bc0d190 is pointing into the stack for thread: 0x00007fb33380a000
RBP=0x000070000bc0d1f0 is pointing into the stack for thread: 0x00007fb33380a000
RSI=0x00007fb3320bed18 is an unknown value
RDI=0x000070000bc0d508 is pointing into the stack for thread: 0x00007fb33380a000
R8 =0x0000000000000000 is an unknown value
R9 =0xffffffff00000000 is an unknown value
R10=0x00000001107e1a20: _ZL8tc_mutex+0x18 in /Applications/Android Studio.app/Contents/jre/jdk/Contents/Home/jre/lib/server/libjvm.dylib at 0x0000000110000000
R11=0x0000000000001000 is an unknown value
R12=0x0000000000000023 is an unknown value
R13=0x000070000bc0d460 is pointing into the stack for thread: 0x00007fb33380a000
R14=0x80007fb3367a3010 is an unknown value
R15=0x000070000bc0d490 is pointing into the stack for thread: 0x00007fb33380a000


Stack: [0x000070000bb11000,0x000070000bc11000],  sp=0x000070000bc0d190,  free space=1008k
Native frames: (J=compiled Java code, j=interpreted, Vv=VM code, C=native code)
V  [libjvm.dylib+0x39a22d]
V  [libjvm.dylib+0x399a43]
V  [libjvm.dylib+0x196674]
V  [libjvm.dylib+0x1952ec]
V  [libjvm.dylib+0x13b9da]
V  [libjvm.dylib+0x1a067a]
V  [libjvm.dylib+0x19fc78]
V  [libjvm.dylib+0x505e88]
V  [libjvm.dylib+0x505d4d]
V  [libjvm.dylib+0x435709]
C  [libsystem_pthread.dylib+0x36c1]  _pthread_body+0x154
C  [libsystem_pthread.dylib+0x356d]  _pthread_body+0x0
C  [libsystem_pthread.dylib+0x2c5d]  thread_start+0xd
C  0x0000000000000000


Current CompileTask:
C2:   5046 3669       4       sun.reflect.generics.parser.SignatureParser::parseFieldTypeSignature (73 bytes)


---------------  P R O C E S S  ---------------

Java Threads: ( => current thread )
  0x00007fb335429000 JavaThread "Memory manager" [_thread_blocked, id=36611, stack(0x000070000d359000,0x000070000d459000)]
  0x00007fb33548d000 JavaThread "build operations Thread 8" [_thread_blocked, id=36867, stack(0x000070000d256000,0x000070000d356000)]
  0x00007fb33548c800 JavaThread "build operations Thread 7" [_thread_blocked, id=37379, stack(0x000070000d153000,0x000070000d253000)]
  0x00007fb334346000 JavaThread "build operations Thread 6" [_thread_blocked, id=37891, stack(0x000070000d050000,0x000070000d150000)]
  0x00007fb33548b800 JavaThread "build operations Thread 5" [_thread_blocked, id=25091, stack(0x000070000cf4d000,0x000070000d04d000)]
  0x00007fb3347cf800 JavaThread "build operations Thread 4" [_thread_blocked, id=38403, stack(0x000070000ce4a000,0x000070000cf4a000)]
  0x00007fb33548b000 JavaThread "build operations Thread 3" [_thread_blocked, id=24323, stack(0x000070000cd47000,0x000070000ce47000)]
  0x00007fb331452000 JavaThread "build operations Thread 2" [_thread_blocked, id=38659, stack(0x000070000cc44000,0x000070000cd44000)]
  0x00007fb33328e000 JavaThread "build operations" [_thread_blocked, id=38915, stack(0x000070000cb41000,0x000070000cc41000)]
  0x00007fb33393d800 JavaThread "Cache worker for Artifact transforms cache (/Users/annascott/.gradle/caches/transforms-1)" [_thread_blocked, id=23555, stack(0x000070000ca3e000,0x000070000cb3e000)]
  0x00007fb33304d000 JavaThread "Cache worker for file hash cache (/Users/annascott/Downloads/MusicforWellbeing/.gradle/4.4/fileHashes)" [_thread_blocked, id=23299, stack(0x000070000c93b000,0x000070000ca3b000)]
  0x00007fb33064d000 JavaThread "File lock request listener" [_thread_in_native, id=39939, stack(0x000070000c838000,0x000070000c938000)]
  0x00007fb330650800 JavaThread "Cache worker for file hash cache (/Users/annascott/.gradle/caches/4.4/fileHashes)" [_thread_blocked, id=23043, stack(0x000070000c735000,0x000070000c835000)]
  0x00007fb333048000 JavaThread "Stdin handler" [_thread_blocked, id=22787, stack(0x000070000c632000,0x000070000c732000)]
  0x00007fb3313ec000 JavaThread "Asynchronous log dispatcher for DefaultDaemonConnection: socket connection from /127.0.0.1:49390 to /127.0.0.1:49391" [_thread_blocked, id=40963, stack(0x000070000c52f000,0x000070000c62f000)]
  0x00007fb330b37800 JavaThread "Daemon worker" [_thread_in_Java, id=41475, stack(0x000070000c42c000,0x000070000c52c000)]
  0x00007fb3320f9800 JavaThread "Cancel handler" [_thread_blocked, id=41987, stack(0x000070000c329000,0x000070000c429000)]
  0x00007fb33066d800 JavaThread "Handler for socket connection from /127.0.0.1:49390 to /127.0.0.1:49391" [_thread_in_native, id=42499, stack(0x000070000c226000,0x000070000c326000)]
  0x00007fb3342db000 JavaThread "Daemon" [_thread_blocked, id=22531, stack(0x000070000c123000,0x000070000c223000)]
  0x00007fb3320e9000 JavaThread "Daemon periodic checks" [_thread_blocked, id=22019, stack(0x000070000c020000,0x000070000c120000)]
  0x00007fb3313fe000 JavaThread "Incoming local TCP Connector on port 49390" [_thread_in_native, id=43267, stack(0x000070000bf1d000,0x000070000c01d000)]
  0x00007fb330834800 JavaThread "Service Thread" daemon [_thread_blocked, id=17923, stack(0x000070000bd17000,0x000070000be17000)]
  0x00007fb330021800 JavaThread "C1 CompilerThread3" daemon [_thread_blocked, id=18179, stack(0x000070000bc14000,0x000070000bd14000)]
=>0x00007fb33380a000 JavaThread "C2 CompilerThread2" daemon [_thread_in_native, id=16643, stack(0x000070000bb11000,0x000070000bc11000)]
  0x00007fb330020800 JavaThread "C2 CompilerThread1" daemon [_thread_in_native, id=16131, stack(0x000070000ba0e000,0x000070000bb0e000)]
  0x00007fb33104b000 JavaThread "C2 CompilerThread0" daemon [_thread_in_native, id=18435, stack(0x000070000b90b000,0x000070000ba0b000)]
  0x00007fb330833800 JavaThread "Signal Dispatcher" daemon [_thread_blocked, id=15371, stack(0x000070000b808000,0x000070000b908000)]
  0x00007fb330008800 JavaThread "Finalizer" daemon [_thread_blocked, id=13571, stack(0x000070000b682000,0x000070000b782000)]
  0x00007fb33103c000 JavaThread "Reference Handler" daemon [_thread_blocked, id=13059, stack(0x000070000b57f000,0x000070000b67f000)]
  0x00007fb331005800 JavaThread "main" [_thread_blocked, id=5891, stack(0x000070000ab61000,0x000070000ac61000)]

Other Threads:
  0x00007fb330831000 VMThread [stack: 0x000070000b47c000,0x000070000b57c000] [id=12547]
  0x00007fb33002a000 WatcherThread [stack: 0x000070000be1a000,0x000070000bf1a000] [id=17411]

VM state:not at safepoint (normal execution)

VM Mutex/Monitor currently owned by a thread: None

Heap:
 PSYoungGen      total 272896K, used 76885K [0x00000007a0000000, 0x00000007b4300000, 0x00000007c0000000)
  eden space 262144K, 29% used [0x00000007a0000000,0x00000007a4b154e0,0x00000007b0000000)
  from space 10752K, 0% used [0x00000007b0000000,0x00000007b0000000,0x00000007b0a80000)
  to   space 12800K, 0% used [0x00000007b3680000,0x00000007b3680000,0x00000007b4300000)
 ParOldGen       total 161280K, used 16251K [0x0000000760000000, 0x0000000769d80000, 0x00000007a0000000)
  object space 161280K, 10% used [0x0000000760000000,0x0000000760fded10,0x0000000769d80000)
 Metaspace       used 38401K, capacity 39046K, committed 39512K, reserved 1083392K
  class space    used 5249K, capacity 5461K, committed 5504K, reserved 1048576K

Card table byte_map: [0x0000000110e28000,0x0000000111129000] byte_map_base: 0x000000010d328000

Marking Bits: (ParMarkBitMap*) 0x00000001107f81c8
 Begin Bits: [0x0000000111329000, 0x0000000112b29000)
 End Bits:   [0x0000000112b29000, 0x0000000114329000)

Polling page: 0x000000010ee70000

CodeCache: size=245760Kb used=12673Kb max_used=12673Kb free=233086Kb
 bounds [0x000000011cb79000, 0x000000011d7e9000, 0x000000012bb79000]
 total_blobs=4383 nmethods=3681 adapters=616
 compilation: enabled

Compilation events (10 events):
Event: 5.011 Thread 0x00007fb33104b000 nmethod 3686 0x000000011d7d66d0 code [0x000000011d7d6820, 0x000000011d7d68b8]
Event: 5.011 Thread 0x00007fb33104b000 3682       4       org.gradle.internal.reflect.PropertyAccessorType::of (96 bytes)
Event: 5.026 Thread 0x00007fb33104b000 nmethod 3682 0x000000011d7daa50 code [0x000000011d7dabe0, 0x000000011d7db098]
Event: 5.026 Thread 0x00007fb33104b000 3690       4       java.util.HashSet::add (20 bytes)
Event: 5.027 Thread 0x00007fb330021800 3695       3       java.util.regex.Pattern$BmpCharProperty::<init> (5 bytes)
Event: 5.028 Thread 0x00007fb330021800 nmethod 3695 0x000000011d7d6010 code [0x000000011d7d61a0, 0x000000011d7d64f0]
Event: 5.028 Thread 0x00007fb330021800 3696       3       java.util.regex.Pattern$BmpCharProperty::<init> (6 bytes)
Event: 5.028 Thread 0x00007fb330021800 nmethod 3696 0x000000011d7da450 code [0x000000011d7da5e0, 0x000000011d7da8d0]
Event: 5.028 Thread 0x00007fb330021800 3694       3       java.util.regex.Pattern::<init> (90 bytes)
Event: 5.028 Thread 0x00007fb330021800 nmethod 3694 0x000000011d7d7010 code [0x000000011d7d71e0, 0x000000011d7d7a78]

GC Heap History (10 events):
Event: 2.021 GC heap before
{Heap before GC invocations=3 (full 0):
 PSYoungGen      total 141824K, used 33471K [0x00000007a0000000, 0x00000007a9500000, 0x00000007c0000000)
  eden space 131072K, 17% used [0x00000007a0000000,0x00000007a1688a58,0x00000007a8000000)
  from space 10752K, 96% used [0x00000007a8a80000,0x00000007a94a74b8,0x00000007a9500000)
  to   space 10752K, 0% used [0x00000007a8000000,0x00000007a8000000,0x00000007a8a80000)
 ParOldGen       total 175104K, used 24K [0x0000000760000000, 0x000000076ab00000, 0x00000007a0000000)
  object space 175104K, 0% used [0x0000000760000000,0x0000000760006000,0x000000076ab00000)
 Metaspace       used 20749K, capacity 21102K, committed 21248K, reserved 1067008K
  class space    used 2914K, capacity 3069K, committed 3072K, reserved 1048576K
Event: 2.029 GC heap after
Heap after GC invocations=3 (full 0):
 PSYoungGen      total 141824K, used 9037K [0x00000007a0000000, 0x00000007b1500000, 0x00000007c0000000)
  eden space 131072K, 0% used [0x00000007a0000000,0x00000007a0000000,0x00000007a8000000)
  from space 10752K, 84% used [0x00000007a8000000,0x00000007a88d35b0,0x00000007a8a80000)
  to   space 10752K, 0% used [0x00000007b0a80000,0x00000007b0a80000,0x00000007b1500000)
 ParOldGen       total 175104K, used 32K [0x0000000760000000, 0x000000076ab00000, 0x00000007a0000000)
  object space 175104K, 0% used [0x0000000760000000,0x0000000760008000,0x000000076ab00000)
 Metaspace       used 20749K, capacity 21102K, committed 21248K, reserved 1067008K
  class space    used 2914K, capacity 3069K, committed 3072K, reserved 1048576K
}
Event: 2.029 GC heap before
{Heap before GC invocations=4 (full 1):
 PSYoungGen      total 141824K, used 9037K [0x00000007a0000000, 0x00000007b1500000, 0x00000007c0000000)
  eden space 131072K, 0% used [0x00000007a0000000,0x00000007a0000000,0x00000007a8000000)
  from space 10752K, 84% used [0x00000007a8000000,0x00000007a88d35b0,0x00000007a8a80000)
  to   space 10752K, 0% used [0x00000007b0a80000,0x00000007b0a80000,0x00000007b1500000)
 ParOldGen       total 175104K, used 32K [0x0000000760000000, 0x000000076ab00000, 0x00000007a0000000)
  object space 175104K, 0% used [0x0000000760000000,0x0000000760008000,0x000000076ab00000)
 Metaspace       used 20749K, capacity 21102K, committed 21248K, reserved 1067008K
  class space    used 2914K, capacity 3069K, committed 3072K, reserved 1048576K
Event: 2.058 GC heap after
Heap after GC invocations=4 (full 1):
 PSYoungGen      total 141824K, used 0K [0x00000007a0000000, 0x00000007b1500000, 0x00000007c0000000)
  eden space 131072K, 0% used [0x00000007a0000000,0x00000007a0000000,0x00000007a8000000)
  from space 10752K, 0% used [0x00000007a8000000,0x00000007a8000000,0x00000007a8a80000)
  to   space 10752K, 0% used [0x00000007b0a80000,0x00000007b0a80000,0x00000007b1500000)
 ParOldGen       total 103424K, used 8715K [0x0000000760000000, 0x0000000766500000, 0x00000007a0000000)
  object space 103424K, 8% used [0x0000000760000000,0x0000000760882c60,0x0000000766500000)
 Metaspace       used 20749K, capacity 21102K, committed 21248K, reserved 1067008K
  class space    used 2914K, capacity 3069K, committed 3072K, reserved 1048576K
}
Event: 3.736 GC heap before
{Heap before GC invocations=5 (full 1):
 PSYoungGen      total 141824K, used 131072K [0x00000007a0000000, 0x00000007b1500000, 0x00000007c0000000)
  eden space 131072K, 100% used [0x00000007a0000000,0x00000007a8000000,0x00000007a8000000)
  from space 10752K, 0% used [0x00000007a8000000,0x00000007a8000000,0x00000007a8a80000)
  to   space 10752K, 0% used [0x00000007b0a80000,0x00000007b0a80000,0x00000007b1500000)
 ParOldGen       total 103424K, used 8715K [0x0000000760000000, 0x0000000766500000, 0x00000007a0000000)
  object space 103424K, 8% used [0x0000000760000000,0x0000000760882c60,0x0000000766500000)
 Metaspace       used 29505K, capacity 29948K, committed 30208K, reserved 1075200K
  class space    used 4152K, capacity 4321K, committed 4352K, reserved 1048576K
Event: 3.750 GC heap after
Heap after GC invocations=5 (full 1):
 PSYoungGen      total 210944K, used 10720K [0x00000007a0000000, 0x00000007b1500000, 0x00000007c0000000)
  eden space 200192K, 0% used [0x00000007a0000000,0x00000007a0000000,0x00000007ac380000)
  from space 10752K, 99% used [0x00000007b0a80000,0x00000007b14f8180,0x00000007b1500000)
  to   space 10752K, 0% used [0x00000007b0000000,0x00000007b0000000,0x00000007b0a80000)
 ParOldGen       total 103424K, used 10605K [0x0000000760000000, 0x0000000766500000, 0x00000007a0000000)
  object space 103424K, 10% used [0x0000000760000000,0x0000000760a5b540,0x0000000766500000)
 Metaspace       used 29505K, capacity 29948K, committed 30208K, reserved 1075200K
  class space    used 4152K, capacity 4321K, committed 4352K, reserved 1048576K
}
Event: 4.273 GC heap before
{Heap before GC invocations=6 (full 1):
 PSYoungGen      total 210944K, used 40855K [0x00000007a0000000, 0x00000007b1500000, 0x00000007c0000000)
  eden space 200192K, 15% used [0x00000007a0000000,0x00000007a1d6db40,0x00000007ac380000)
  from space 10752K, 99% used [0x00000007b0a80000,0x00000007b14f8180,0x00000007b1500000)
  to   space 10752K, 0% used [0x00000007b0000000,0x00000007b0000000,0x00000007b0a80000)
 ParOldGen       total 103424K, used 10605K [0x0000000760000000, 0x0000000766500000, 0x00000007a0000000)
  object space 103424K, 10% used [0x0000000760000000,0x0000000760a5b540,0x0000000766500000)
 Metaspace       used 34686K, capacity 35264K, committed 35416K, reserved 1079296K
  class space    used 4775K, capacity 4970K, committed 4992K, reserved 1048576K
Event: 4.281 GC heap after
Heap after GC invocations=6 (full 1):
 PSYoungGen      total 272896K, used 9603K [0x00000007a0000000, 0x00000007b4300000, 0x00000007c0000000)
  eden space 262144K, 0% used [0x00000007a0000000,0x00000007a0000000,0x00000007b0000000)
  from space 10752K, 89% used [0x00000007b0000000,0x00000007b0960f70,0x00000007b0a80000)
  to   space 12800K, 0% used [0x00000007b3680000,0x00000007b3680000,0x00000007b4300000)
 ParOldGen       total 103424K, used 10613K [0x0000000760000000, 0x0000000766500000, 0x00000007a0000000)
  object space 103424K, 10% used [0x0000000760000000,0x0000000760a5d540,0x0000000766500000)
 Metaspace       used 34686K, capacity 35264K, committed 35416K, reserved 1079296K
  class space    used 4775K, capacity 4970K, committed 4992K, reserved 1048576K
}
Event: 4.281 GC heap before
{Heap before GC invocations=7 (full 2):
 PSYoungGen      total 272896K, used 9603K [0x00000007a0000000, 0x00000007b4300000, 0x00000007c0000000)
  eden space 262144K, 0% used [0x00000007a0000000,0x00000007a0000000,0x00000007b0000000)
  from space 10752K, 89% used [0x00000007b0000000,0x00000007b0960f70,0x00000007b0a80000)
  to   space 12800K, 0% used [0x00000007b3680000,0x00000007b3680000,0x00000007b4300000)
 ParOldGen       total 103424K, used 10613K [0x0000000760000000, 0x0000000766500000, 0x00000007a0000000)
  object space 103424K, 10% used [0x0000000760000000,0x0000000760a5d540,0x0000000766500000)
 Metaspace       used 34686K, capacity 35264K, committed 35416K, reserved 1079296K
  class space    used 4775K, capacity 4970K, committed 4992K, reserved 1048576K
Event: 4.324 GC heap after
Heap after GC invocations=7 (full 2):
 PSYoungGen      total 272896K, used 0K [0x00000007a0000000, 0x00000007b4300000, 0x00000007c0000000)
  eden space 262144K, 0% used [0x00000007a0000000,0x00000007a0000000,0x00000007b0000000)
  from space 10752K, 0% used [0x00000007b0000000,0x00000007b0000000,0x00000007b0a80000)
  to   space 12800K, 0% used [0x00000007b3680000,0x00000007b3680000,0x00000007b4300000)
 ParOldGen       total 161280K, used 16251K [0x0000000760000000, 0x0000000769d80000, 0x00000007a0000000)
  object space 161280K, 10% used [0x0000000760000000,0x0000000760fded10,0x0000000769d80000)
 Metaspace       used 34686K, capacity 35264K, committed 35416K, reserved 1079296K
  class space    used 4775K, capacity 4970K, committed 4992K, reserved 1048576K
}

Deoptimization events (10 events):
Event: 4.595 Thread 0x00007fb330b37800 Uncommon trap: reason=unstable_if action=reinterpret pc=0x000000011d6c55a0 method=java.lang.reflect.Modifier.toString(I)Ljava/lang/String; @ 123
Event: 4.595 Thread 0x00007fb330b37800 Uncommon trap: reason=unstable_if action=reinterpret pc=0x000000011d698a04 method=java.lang.reflect.Modifier.toString(I)Ljava/lang/String; @ 123
Event: 4.725 Thread 0x00007fb330b37800 Uncommon trap: reason=unstable_if action=reinterpret pc=0x000000011d2b9bc4 method=java.util.jar.Attributes$Name.isDigit(C)Z @ 3
Event: 4.730 Thread 0x00007fb330b37800 Uncommon trap: reason=unstable_if action=reinterpret pc=0x000000011d3bfc68 method=java.lang.ThreadLocal.get()Ljava/lang/Object; @ 11
Event: 4.773 Thread 0x00007fb330b37800 Uncommon trap: reason=unstable_if action=reinterpret pc=0x000000011cf70920 method=java.lang.CharacterDataLatin1.isWhitespace(I)Z @ 14
Event: 4.818 Thread 0x00007fb330b37800 Uncommon trap: reason=unstable_if action=reinterpret pc=0x000000011d5b65e4 method=java.util.jar.JarFile.getInputStream(Ljava/util/zip/ZipEntry;)Ljava/io/InputStream; @ 37
Event: 4.822 Thread 0x00007fb330b37800 Uncommon trap: reason=unstable_if action=reinterpret pc=0x000000011d5bb25c method=java.security.CodeSource.<init>(Ljava/net/URL;[Ljava/security/CodeSigner;)V @ 25
Event: 4.822 Thread 0x00007fb330b37800 Uncommon trap: reason=unstable_if action=reinterpret pc=0x000000011d032a50 method=java.security.CodeSource.getCertificates()[Ljava/security/cert/Certificate; @ 22
Event: 4.823 Thread 0x00007fb330b37800 Uncommon trap: reason=unstable_if action=reinterpret pc=0x000000011d5cd0d0 method=java.security.CodeSource.matchCerts(Ljava/security/CodeSource;Z)Z @ 11
Event: 4.841 Thread 0x00007fb330b37800 Uncommon trap: reason=unstable_if action=reinterpret pc=0x000000011d5aa93c method=java.util.LinkedHashMap.get(Ljava/lang/Object;)Ljava/lang/Object; @ 20

Classes redefined (0 events):
No events

Internal exceptions (10 events):
Event: 3.712 Thread 0x00007fb330b37800 Exception <a 'java/lang/ClassNotFoundException': org/gradle/api/internal/AbstractTaskCustomizer> (0x00000007a7e30010) thrown at [/Volumes/android/AOSP-openjdk-git/jdk8u/hotspot/src/share/vm/classfile/systemDictionary.cpp, line 210]
Event: 3.716 Thread 0x00007fb330b37800 Exception <a 'java/lang/ClassNotFoundException': org/gradle/api/DefaultTaskCustomizer> (0x00000007a7eb8300) thrown at [/Volumes/android/AOSP-openjdk-git/jdk8u/hotspot/src/share/vm/classfile/systemDictionary.cpp, line 210]
Event: 3.717 Thread 0x00007fb330b37800 Exception <a 'java/lang/ClassNotFoundException': org/gradle/api/internal/ConventionTaskCustomizer> (0x00000007a7ef2178) thrown at [/Volumes/android/AOSP-openjdk-git/jdk8u/hotspot/src/share/vm/classfile/systemDictionary.cpp, line 210]
Event: 3.721 Thread 0x00007fb330b37800 Exception <a 'java/lang/ClassNotFoundException': org/gradle/api/tasks/DeleteCustomizer> (0x00000007a7f29e30) thrown at [/Volumes/android/AOSP-openjdk-git/jdk8u/hotspot/src/share/vm/classfile/systemDictionary.cpp, line 210]
Event: 3.724 Thread 0x00007fb330b37800 Exception <a 'java/lang/ClassNotFoundException': org/gradle/api/tasks/Delete_DecoratedCustomizer> (0x00000007a7f6f538) thrown at [/Volumes/android/AOSP-openjdk-git/jdk8u/hotspot/src/share/vm/classfile/systemDictionary.cpp, line 210]
Event: 3.767 Thread 0x00007fb330b37800 Exception <a 'java/lang/ClassNotFoundException': build_8cx5o2s6kjbl2fyie86y5ujs7BeanInfo> (0x00000007a009fee0) thrown at [/Volumes/android/AOSP-openjdk-git/jdk8u/hotspot/src/share/vm/classfile/systemDictionary.cpp, line 210]
Event: 3.767 Thread 0x00007fb330b37800 Exception <a 'java/lang/ClassNotFoundException': build_8cx5o2s6kjbl2fyie86y5ujs7Customizer> (0x00000007a00aab98) thrown at [/Volumes/android/AOSP-openjdk-git/jdk8u/hotspot/src/share/vm/classfile/systemDictionary.cpp, line 210]
Event: 3.771 Thread 0x00007fb330b37800 Exception <a 'java/lang/ClassNotFoundException': org/gradle/api/internal/plugins/DefaultObjectConfigurationActionBeanInfo> (0x00000007a0110820) thrown at [/Volumes/android/AOSP-openjdk-git/jdk8u/hotspot/src/share/vm/classfile/systemDictionary.cpp, line 21
Event: 3.772 Thread 0x00007fb330b37800 Exception <a 'java/lang/ClassNotFoundException': org/gradle/api/internal/plugins/DefaultObjectConfigurationActionCustomizer> (0x00000007a0147338) thrown at [/Volumes/android/AOSP-openjdk-git/jdk8u/hotspot/src/share/vm/classfile/systemDictionary.cpp, line 
Event: 4.730 Thread 0x00007fb330b37800 Implicit null exception at 0x000000011d3bfb8f to 0x000000011d3bfc55

Events (10 events):
Event: 5.017 loading class com/android/build/gradle/internal/api/DefaultAndroidSourceSet
Event: 5.017 loading class com/android/build/gradle/internal/api/DefaultAndroidSourceSet done
Event: 5.019 loading class com/android/build/gradle/api/AndroidSourceDirectorySet
Event: 5.019 loading class com/android/build/gradle/api/AndroidSourceDirectorySet done
Event: 5.020 loading class org/gradle/api/tasks/util/PatternFilterable
Event: 5.020 loading class org/gradle/api/tasks/util/PatternFilterable done
Event: 5.023 loading class com/android/build/gradle/api/AndroidSourceFile
Event: 5.023 loading class com/android/build/gradle/api/AndroidSourceFile done
Event: 5.030 loading class org/gradle/util/GUtil
Event: 5.030 loading class org/gradle/util/GUtil done


Dynamic libraries:
0x0000000011f35000 	/System/Library/Frameworks/Cocoa.framework/Versions/A/Cocoa
0x0000000011f35000 	/System/Library/Frameworks/Security.framework/Versions/A/Security
0x0000000011f35000 	/System/Library/Frameworks/ApplicationServices.framework/Versions/A/ApplicationServices
0x0000000011f35000 	/usr/lib/libz.1.dylib
0x0000000011f35000 	/usr/lib/libSystem.B.dylib
0x0000000011f35000 	/System/Library/Frameworks/CoreFoundation.framework/Versions/A/CoreFoundation
0x0000000011f35000 	/System/Library/Frameworks/Foundation.framework/Versions/C/Foundation
0x0000000011f35000 	/usr/lib/libobjc.A.dylib
0x0000000011f35000 	/System/Library/Frameworks/AppKit.framework/Versions/C/AppKit
0x0000000011f35000 	/System/Library/Frameworks/CoreData.framework/Versions/A/CoreData
0x0000000011f35000 	/System/Library/PrivateFrameworks/RemoteViewServices.framework/Versions/A/RemoteViewServices
0x0000000011f35000 	/System/Library/PrivateFrameworks/UIFoundation.framework/Versions/A/UIFoundation
0x0000000011f35000 	/System/Library/PrivateFrameworks/DFRFoundation.framework/Versions/A/DFRFoundation
0x0000000011f35000 	/System/Library/Frameworks/Metal.framework/Versions/A/Metal
0x0000000011f35000 	/System/Library/PrivateFrameworks/DesktopServicesPriv.framework/Versions/A/DesktopServicesPriv
0x0000000011f35000 	/usr/lib/libenergytrace.dylib
0x0000000011f35000 	/System/Library/PrivateFrameworks/SkyLight.framework/Versions/A/SkyLight
0x0000000011f35000 	/System/Library/Frameworks/CoreGraphics.framework/Versions/A/CoreGraphics
0x0000000011f35000 	/usr/lib/libScreenReader.dylib
0x0000000011f35000 	/System/Library/Frameworks/Accelerate.framework/Versions/A/Accelerate
0x0000000011f35000 	/System/Library/Frameworks/IOSurface.framework/Versions/A/IOSurface
0x0000000011f35000 	/System/Library/Frameworks/AudioToolbox.framework/Versions/A/AudioToolbox
0x0000000011f35000 	/System/Library/Frameworks/AudioUnit.framework/Versions/A/AudioUnit
0x0000000011f35000 	/System/Library/PrivateFrameworks/DataDetectorsCore.framework/Versions/A/DataDetectorsCore
0x0000000011f35000 	/System/Library/Frameworks/Carbon.framework/Versions/A/Frameworks/HIToolbox.framework/Versions/A/HIToolbox
0x0000000011f35000 	/usr/lib/libicucore.A.dylib
0x0000000011f35000 	/System/Library/Frameworks/QuartzCore.framework/Versions/A/QuartzCore
0x0000000011f35000 	/System/Library/Frameworks/Carbon.framework/Versions/A/Frameworks/SpeechRecognition.framework/Versions/A/SpeechRecognition
0x0000000011f35000 	/usr/lib/libauto.dylib
0x0000000011f35000 	/usr/lib/libxml2.2.dylib
0x0000000011f35000 	/System/Library/PrivateFrameworks/CoreUI.framework/Versions/A/CoreUI
0x0000000011f35000 	/System/Library/Frameworks/CoreAudio.framework/Versions/A/CoreAudio
0x0000000011f35000 	/System/Library/Frameworks/DiskArbitration.framework/Versions/A/DiskArbitration
0x0000000011f35000 	/usr/lib/liblangid.dylib
0x0000000011f35000 	/System/Library/PrivateFrameworks/MultitouchSupport.framework/Versions/A/MultitouchSupport
0x0000000011f35000 	/System/Library/Frameworks/IOKit.framework/Versions/A/IOKit
0x0000000011f35000 	/usr/lib/libDiagnosticMessagesClient.dylib
0x0000000011f35000 	/System/Library/Frameworks/CoreServices.framework/Versions/A/CoreServices
0x0000000011f35000 	/System/Library/PrivateFrameworks/PerformanceAnalysis.framework/Versions/A/PerformanceAnalysis
0x0000000011f35000 	/System/Library/Frameworks/OpenGL.framework/Versions/A/OpenGL
0x0000000011f35000 	/System/Library/Frameworks/ColorSync.framework/Versions/A/ColorSync
0x0000000011f35000 	/System/Library/Frameworks/CoreImage.framework/Versions/A/CoreImage
0x0000000011f35000 	/System/Library/Frameworks/CoreText.framework/Versions/A/CoreText
0x0000000011f35000 	/System/Library/Frameworks/ImageIO.framework/Versions/A/ImageIO
0x0000000011f35000 	/System/Library/PrivateFrameworks/Backup.framework/Versions/A/Backup
0x0000000011f35000 	/usr/lib/libarchive.2.dylib
0x0000000011f35000 	/System/Library/Frameworks/CFNetwork.framework/Versions/A/CFNetwork
0x0000000011f35000 	/System/Library/Frameworks/SystemConfiguration.framework/Versions/A/SystemConfiguration
0x0000000011f35000 	/usr/lib/libCRFSuite.dylib
0x0000000011f35000 	/usr/lib/libc++.1.dylib
0x0000000011f35000 	/usr/lib/libc++abi.dylib
0x0000000011f35000 	/usr/lib/system/libcache.dylib
0x0000000011f35000 	/usr/lib/system/libcommonCrypto.dylib
0x0000000011f35000 	/usr/lib/system/libcompiler_rt.dylib
0x0000000011f35000 	/usr/lib/system/libcopyfile.dylib
0x0000000011f35000 	/usr/lib/system/libcorecrypto.dylib
0x0000000011f35000 	/usr/lib/system/libdispatch.dylib
0x0000000011f35000 	/usr/lib/system/libdyld.dylib
0x0000000011f35000 	/usr/lib/system/libkeymgr.dylib
0x0000000011f35000 	/usr/lib/system/liblaunch.dylib
0x0000000011f35000 	/usr/lib/system/libmacho.dylib
0x0000000011f35000 	/usr/lib/system/libquarantine.dylib
0x0000000011f35000 	/usr/lib/system/libremovefile.dylib
0x0000000011f35000 	/usr/lib/system/libsystem_asl.dylib
0x0000000011f35000 	/usr/lib/system/libsystem_blocks.dylib
0x0000000011f35000 	/usr/lib/system/libsystem_c.dylib
0x0000000011f35000 	/usr/lib/system/libsystem_configuration.dylib
0x0000000011f35000 	/usr/lib/system/libsystem_coreservices.dylib
0x0000000011f35000 	/usr/lib/system/libsystem_darwin.dylib
0x0000000011f35000 	/usr/lib/system/libsystem_dnssd.dylib
0x0000000011f35000 	/usr/lib/system/libsystem_info.dylib
0x0000000011f35000 	/usr/lib/system/libsystem_m.dylib
0x0000000011f35000 	/usr/lib/system/libsystem_malloc.dylib
0x0000000011f35000 	/usr/lib/system/libsystem_network.dylib
0x0000000011f35000 	/usr/lib/system/libsystem_networkextension.dylib
0x0000000011f35000 	/usr/lib/system/libsystem_notify.dylib
0x0000000011f35000 	/usr/lib/system/libsystem_sandbox.dylib
0x0000000011f35000 	/usr/lib/system/libsystem_secinit.dylib
0x0000000011f35000 	/usr/lib/system/libsystem_kernel.dylib
0x0000000011f35000 	/usr/lib/system/libsystem_platform.dylib
0x0000000011f35000 	/usr/lib/system/libsystem_pthread.dylib
0x0000000011f35000 	/usr/lib/system/libsystem_symptoms.dylib
0x0000000011f35000 	/usr/lib/system/libsystem_trace.dylib
0x0000000011f35000 	/usr/lib/system/libunwind.dylib
0x0000000011f35000 	/usr/lib/system/libxpc.dylib
0x0000000011f35000 	/usr/lib/closure/libclosured.dylib
0x0000000011f35000 	/usr/lib/libbsm.0.dylib
0x0000000011f35000 	/usr/lib/system/libkxld.dylib
0x0000000011f35000 	/usr/lib/libOpenScriptingUtil.dylib
0x0000000011f35000 	/usr/lib/libcoretls.dylib
0x0000000011f35000 	/usr/lib/libcoretls_cfhelpers.dylib
0x0000000011f35000 	/usr/lib/libpam.2.dylib
0x0000000011f35000 	/usr/lib/libsqlite3.dylib
0x0000000011f35000 	/usr/lib/libxar.1.dylib
0x0000000011f35000 	/usr/lib/libbz2.1.0.dylib
0x0000000011f35000 	/usr/lib/liblzma.5.dylib
0x0000000011f35000 	/usr/lib/libnetwork.dylib
0x0000000011f35000 	/usr/lib/libapple_nghttp2.dylib
0x0000000011f35000 	/usr/lib/libpcap.A.dylib
0x0000000011f35000 	/usr/lib/libboringssl.dylib
0x0000000011f35000 	/usr/lib/libusrtcp.dylib
0x0000000011f35000 	/usr/lib/libapple_crypto.dylib
0x0000000011f35000 	/System/Library/Frameworks/CoreServices.framework/Versions/A/Frameworks/FSEvents.framework/Versions/A/FSEvents
0x0000000011f35000 	/System/Library/Frameworks/CoreServices.framework/Versions/A/Frameworks/CarbonCore.framework/Versions/A/CarbonCore
0x0000000011f35000 	/System/Library/Frameworks/CoreServices.framework/Versions/A/Frameworks/Metadata.framework/Versions/A/Metadata
0x0000000011f35000 	/System/Library/Frameworks/CoreServices.framework/Versions/A/Frameworks/OSServices.framework/Versions/A/OSServices
0x0000000011f35000 	/System/Library/Frameworks/CoreServices.framework/Versions/A/Frameworks/SearchKit.framework/Versions/A/SearchKit
0x0000000011f35000 	/System/Library/Frameworks/CoreServices.framework/Versions/A/Frameworks/AE.framework/Versions/A/AE
0x0000000011f35000 	/System/Library/Frameworks/CoreServices.framework/Versions/A/Frameworks/LaunchServices.framework/Versions/A/LaunchServices
0x0000000011f35000 	/System/Library/Frameworks/CoreServices.framework/Versions/A/Frameworks/DictionaryServices.framework/Versions/A/DictionaryServices
0x0000000011f35000 	/System/Library/Frameworks/CoreServices.framework/Versions/A/Frameworks/SharedFileList.framework/Versions/A/SharedFileList
0x0000000011f35000 	/System/Library/Frameworks/NetFS.framework/Versions/A/NetFS
0x0000000011f35000 	/System/Library/PrivateFrameworks/NetAuth.framework/Versions/A/NetAuth
0x0000000011f35000 	/System/Library/PrivateFrameworks/login.framework/Versions/A/Frameworks/loginsupport.framework/Versions/A/loginsupport
0x0000000011f35000 	/System/Library/PrivateFrameworks/TCC.framework/Versions/A/TCC
0x0000000011f35000 	/usr/lib/libmecabra.dylib
0x0000000011f35000 	/System/Library/Frameworks/ApplicationServices.framework/Versions/A/Frameworks/ATS.framework/Versions/A/ATS
0x0000000011f35000 	/System/Library/Frameworks/ApplicationServices.framework/Versions/A/Frameworks/ColorSyncLegacy.framework/Versions/A/ColorSyncLegacy
0x0000000011f35000 	/System/Library/Frameworks/ApplicationServices.framework/Versions/A/Frameworks/HIServices.framework/Versions/A/HIServices
0x0000000011f35000 	/System/Library/Frameworks/ApplicationServices.framework/Versions/A/Frameworks/LangAnalysis.framework/Versions/A/LangAnalysis
0x0000000011f35000 	/System/Library/Frameworks/ApplicationServices.framework/Versions/A/Frameworks/PrintCore.framework/Versions/A/PrintCore
0x0000000011f35000 	/System/Library/Frameworks/ApplicationServices.framework/Versions/A/Frameworks/QD.framework/Versions/A/QD
0x0000000011f35000 	/System/Library/Frameworks/ApplicationServices.framework/Versions/A/Frameworks/SpeechSynthesis.framework/Versions/A/SpeechSynthesis
0x0000000011f35000 	/System/Library/Frameworks/CoreDisplay.framework/Versions/A/CoreDisplay
0x0000000011f35000 	/System/Library/Frameworks/Accelerate.framework/Versions/A/Frameworks/vImage.framework/Versions/A/vImage
0x0000000011f35000 	/System/Library/Frameworks/Accelerate.framework/Versions/A/Frameworks/vecLib.framework/Versions/A/vecLib
0x0000000011f35000 	/System/Library/Frameworks/Accelerate.framework/Versions/A/Frameworks/vecLib.framework/Versions/A/libvDSP.dylib
0x0000000011f35000 	/System/Library/Frameworks/Accelerate.framework/Versions/A/Frameworks/vecLib.framework/Versions/A/libBNNS.dylib
0x0000000011f35000 	/System/Library/Frameworks/Accelerate.framework/Versions/A/Frameworks/vecLib.framework/Versions/A/libQuadrature.dylib
0x0000000011f35000 	/System/Library/Frameworks/Accelerate.framework/Versions/A/Frameworks/vecLib.framework/Versions/A/libvMisc.dylib
0x0000000011f35000 	/System/Library/Frameworks/Accelerate.framework/Versions/A/Frameworks/vecLib.framework/Versions/A/libLAPACK.dylib
0x0000000011f35000 	/System/Library/Frameworks/Accelerate.framework/Versions/A/Frameworks/vecLib.framework/Versions/A/libBLAS.dylib
0x0000000011f35000 	/System/Library/Frameworks/Accelerate.framework/Versions/A/Frameworks/vecLib.framework/Versions/A/libLinearAlgebra.dylib
0x0000000011f35000 	/System/Library/Frameworks/Accelerate.framework/Versions/A/Frameworks/vecLib.framework/Versions/A/libSparse.dylib
0x0000000011f35000 	/System/Library/Frameworks/Accelerate.framework/Versions/A/Frameworks/vecLib.framework/Versions/A/libSparseBLAS.dylib
0x0000000011f35000 	/System/Library/PrivateFrameworks/IOAccelerator.framework/Versions/A/IOAccelerator
0x0000000011f35000 	/System/Library/PrivateFrameworks/IOPresentment.framework/Versions/A/IOPresentment
0x0000000011f35000 	/System/Library/PrivateFrameworks/DSExternalDisplay.framework/Versions/A/DSExternalDisplay
0x0000000011f35000 	/System/Library/Frameworks/OpenGL.framework/Versions/A/Libraries/libCoreFSCache.dylib
0x0000000011f35000 	/System/Library/Frameworks/CoreVideo.framework/Versions/A/CoreVideo
0x0000000011f35000 	/System/Library/PrivateFrameworks/GraphVisualizer.framework/Versions/A/GraphVisualizer
0x0000000011f35000 	/System/Library/Frameworks/MetalPerformanceShaders.framework/Versions/A/MetalPerformanceShaders
0x0000000011f35000 	/usr/lib/libFosl_dynamic.dylib
0x0000000011f35000 	/System/Library/PrivateFrameworks/FaceCore.framework/Versions/A/FaceCore
0x0000000011f35000 	/System/Library/Frameworks/OpenCL.framework/Versions/A/OpenCL
0x0000000011f35000 	/usr/lib/libcompression.dylib
0x0000000011f35000 	/System/Library/Frameworks/ApplicationServices.framework/Versions/A/Frameworks/ATS.framework/Versions/A/Resources/libFontParser.dylib
0x0000000011f35000 	/System/Library/Frameworks/ApplicationServices.framework/Versions/A/Frameworks/ATS.framework/Versions/A/Resources/libFontRegistry.dylib
0x0000000011f35000 	/System/Library/Frameworks/ImageIO.framework/Versions/A/Resources/libJPEG.dylib
0x0000000011f35000 	/System/Library/Frameworks/ImageIO.framework/Versions/A/Resources/libTIFF.dylib
0x0000000011f35000 	/System/Library/Frameworks/ImageIO.framework/Versions/A/Resources/libPng.dylib
0x0000000011f35000 	/System/Library/Frameworks/ImageIO.framework/Versions/A/Resources/libGIF.dylib
0x0000000011f35000 	/System/Library/Frameworks/ImageIO.framework/Versions/A/Resources/libJP2.dylib
0x0000000011f35000 	/System/Library/Frameworks/ImageIO.framework/Versions/A/Resources/libRadiance.dylib
0x0000000011f35000 	/System/Library/PrivateFrameworks/AppleJPEG.framework/Versions/A/AppleJPEG
0x0000000011f35000 	/System/Library/PrivateFrameworks/MetalTools.framework/Versions/A/MetalTools
0x0000000011f35000 	/System/Library/Frameworks/MetalPerformanceShaders.framework/Frameworks/MPSCore.framework/Versions/A/MPSCore
0x0000000011f35000 	/System/Library/Frameworks/MetalPerformanceShaders.framework/Frameworks/MPSImage.framework/Versions/A/MPSImage
0x0000000011f35000 	/System/Library/Frameworks/MetalPerformanceShaders.framework/Frameworks/MPSMatrix.framework/Versions/A/MPSMatrix
0x0000000011f35000 	/System/Library/Frameworks/MetalPerformanceShaders.framework/Frameworks/MPSNeuralNetwork.framework/Versions/A/MPSNeuralNetwork
0x0000000011f35000 	/System/Library/Frameworks/OpenGL.framework/Versions/A/Libraries/libGLU.dylib
0x0000000011f35000 	/System/Library/Frameworks/OpenGL.framework/Versions/A/Libraries/libGFXShared.dylib
0x0000000011f35000 	/System/Library/Frameworks/OpenGL.framework/Versions/A/Libraries/libGL.dylib
0x0000000011f35000 	/System/Library/Frameworks/OpenGL.framework/Versions/A/Libraries/libGLImage.dylib
0x0000000011f35000 	/System/Library/Frameworks/OpenGL.framework/Versions/A/Libraries/libCVMSPluginSupport.dylib
0x0000000011f35000 	/System/Library/Frameworks/OpenGL.framework/Versions/A/Libraries/libCoreVMClient.dylib
0x0000000011f35000 	/usr/lib/libcups.2.dylib
0x0000000011f35000 	/System/Library/Frameworks/Kerberos.framework/Versions/A/Kerberos
0x0000000011f35000 	/System/Library/Frameworks/GSS.framework/Versions/A/GSS
0x0000000011f35000 	/usr/lib/libresolv.9.dylib
0x0000000011f35000 	/usr/lib/libiconv.2.dylib
0x0000000011f35000 	/System/Library/PrivateFrameworks/Heimdal.framework/Versions/A/Heimdal
0x0000000011f35000 	/usr/lib/libheimdal-asn1.dylib
0x0000000011f35000 	/System/Library/Frameworks/OpenDirectory.framework/Versions/A/OpenDirectory
0x0000000011f35000 	/System/Library/PrivateFrameworks/CommonAuth.framework/Versions/A/CommonAuth
0x0000000011f35000 	/System/Library/Frameworks/OpenDirectory.framework/Versions/A/Frameworks/CFOpenDirectory.framework/Versions/A/CFOpenDirectory
0x0000000011f35000 	/System/Library/Frameworks/SecurityFoundation.framework/Versions/A/SecurityFoundation
0x0000000011f35000 	/System/Library/PrivateFrameworks/APFS.framework/Versions/A/APFS
0x0000000011f35000 	/usr/lib/libutil.dylib
0x0000000011f35000 	/System/Library/PrivateFrameworks/AppleSauce.framework/Versions/A/AppleSauce
0x0000000011f35000 	/System/Library/PrivateFrameworks/LinguisticData.framework/Versions/A/LinguisticData
0x0000000011f35000 	/usr/lib/libmarisa.dylib
0x0000000011f35000 	/System/Library/PrivateFrameworks/Lexicon.framework/Versions/A/Lexicon
0x0000000011f35000 	/usr/lib/libChineseTokenizer.dylib
0x0000000011f35000 	/usr/lib/libcmph.dylib
0x0000000011f35000 	/System/Library/PrivateFrameworks/LanguageModeling.framework/Versions/A/LanguageModeling
0x0000000011f35000 	/System/Library/PrivateFrameworks/CoreEmoji.framework/Versions/A/CoreEmoji
0x0000000011f35000 	/System/Library/Frameworks/ServiceManagement.framework/Versions/A/ServiceManagement
0x0000000011f35000 	/System/Library/PrivateFrameworks/BackgroundTaskManagement.framework/Versions/A/BackgroundTaskManagement
0x0000000011f35000 	/usr/lib/libxslt.1.dylib
0x0000000011f35000 	/System/Library/Frameworks/Carbon.framework/Versions/A/Frameworks/Ink.framework/Versions/A/Ink
0x0000000011f35000 	/System/Library/PrivateFrameworks/TextureIO.framework/Versions/A/TextureIO
0x0000000011f35000 	/usr/lib/libate.dylib
0x0000000011f35000 	/System/Library/PrivateFrameworks/CrashReporterSupport.framework/Versions/A/CrashReporterSupport
0x0000000011f35000 	/System/Library/PrivateFrameworks/Sharing.framework/Versions/A/Sharing
0x0000000011f35000 	/System/Library/PrivateFrameworks/IconServices.framework/Versions/A/IconServices
0x0000000011f35000 	/System/Library/PrivateFrameworks/ProtocolBuffer.framework/Versions/A/ProtocolBuffer
0x0000000011f35000 	/System/Library/PrivateFrameworks/Apple80211.framework/Versions/A/Apple80211
0x0000000011f35000 	/System/Library/Frameworks/CoreWLAN.framework/Versions/A/CoreWLAN
0x0000000011f35000 	/System/Library/PrivateFrameworks/CoreUtils.framework/Versions/A/CoreUtils
0x0000000011f35000 	/System/Library/Frameworks/IOBluetooth.framework/Versions/A/IOBluetooth
0x0000000011f35000 	/System/Library/PrivateFrameworks/CoreWiFi.framework/Versions/A/CoreWiFi
0x0000000011f35000 	/System/Library/Frameworks/CoreBluetooth.framework/Versions/A/CoreBluetooth
0x0000000011f35000 	/System/Library/PrivateFrameworks/SignpostNotification.framework/Versions/A/SignpostNotification
0x0000000011f35000 	/System/Library/PrivateFrameworks/DebugSymbols.framework/Versions/A/DebugSymbols
0x0000000011f35000 	/System/Library/PrivateFrameworks/CoreSymbolication.framework/Versions/A/CoreSymbolication
0x0000000011f35000 	/System/Library/PrivateFrameworks/Symbolication.framework/Versions/A/Symbolication
0x0000000011f35000 	/System/Library/PrivateFrameworks/AppleFSCompression.framework/Versions/A/AppleFSCompression
0x0000000011f35000 	/System/Library/PrivateFrameworks/SpeechRecognitionCore.framework/Versions/A/SpeechRecognitionCore
0x0000000110000000 	/Applications/Android Studio.app/Contents/jre/jdk/Contents/Home/jre/lib/server/libjvm.dylib
0x0000000011f35000 	/usr/lib/libstdc++.6.0.9.dylib
0x000000010ee30000 	/Applications/Android Studio.app/Contents/jre/jdk/Contents/Home/jre/lib/libverify.dylib
0x000000010ee3c000 	/Applications/Android Studio.app/Contents/jre/jdk/Contents/Home/jre/lib/libjava.dylib
0x000000010eeba000 	/Applications/Android Studio.app/Contents/jre/jdk/Contents/Home/jre/lib/libzip.dylib
0x000000011722b000 	/Applications/Android Studio.app/Contents/jre/jdk/Contents/Home/jre/lib/libnet.dylib
0x00000001172cb000 	/Applications/Android Studio.app/Contents/jre/jdk/Contents/Home/jre/lib/libnio.dylib
0x00000001173f5000 	/Users/annascott/.gradle/native/25/osx-amd64/libnative-platform.dylib
0x00000001177fc000 	/Applications/Android Studio.app/Contents/jre/jdk/Contents/Home/jre/lib/libmanagement.dylib

VM Arguments:
jvm_args: -Xmx1536m -Dfile.encoding=UTF-8 -Duser.country=US -Duser.language=en -Duser.variant 
java_command: org.gradle.launcher.daemon.bootstrap.GradleDaemon 4.4
java_class_path (initial): /Users/annascott/.gradle/wrapper/dists/gradle-4.4-all/9br9xq1tocpiv8o6njlyu5op1/gradle-4.4/lib/gradle-launcher-4.4.jar
Launcher Type: SUN_STANDARD

Environment Variables:
PATH=/usr/local/bin:/usr/bin:/bin:/usr/sbin:/sbin
SHELL=/bin/bash

Signal Handlers:
SIGSEGV: [libjvm.dylib+0x53f567], sa_mask[0]=11111111011111110111111111111111, sa_flags=SA_ONSTACK|SA_RESTART|SA_SIGINFO
SIGBUS: [libjvm.dylib+0x53f567], sa_mask[0]=11111111011111110111111111111111, sa_flags=SA_RESTART|SA_SIGINFO
SIGFPE: [libjvm.dylib+0x437adf], sa_mask[0]=11111111011111110111111111111111, sa_flags=SA_RESTART|SA_SIGINFO
SIGPIPE: [libjvm.dylib+0x437adf], sa_mask[0]=11111111011111110111111111111111, sa_flags=SA_RESTART|SA_SIGINFO
SIGXFSZ: [libjvm.dylib+0x437adf], sa_mask[0]=11111111011111110111111111111111, sa_flags=SA_RESTART|SA_SIGINFO
SIGILL: [libjvm.dylib+0x437adf], sa_mask[0]=11111111011111110111111111111111, sa_flags=SA_RESTART|SA_SIGINFO
SIGUSR1: SIG_DFL, sa_mask[0]=00000000000000000000000000000000, sa_flags=none
SIGUSR2: [libjvm.dylib+0x438404], sa_mask[0]=00100000000000000000000000000000, sa_flags=SA_RESTART|SA_SIGINFO
SIGHUP: [libjvm.dylib+0x4365f9], sa_mask[0]=11111111011111110111111111111111, sa_flags=SA_RESTART|SA_SIGINFO
SIGINT: [libjvm.dylib+0x4365f9], sa_mask[0]=11111111011111110111111111111111, sa_flags=SA_RESTART|SA_SIGINFO
SIGTERM: [libjvm.dylib+0x4365f9], sa_mask[0]=11111111011111110111111111111111, sa_flags=SA_RESTART|SA_SIGINFO
SIGQUIT: [libjvm.dylib+0x4365f9], sa_mask[0]=11111111011111110111111111111111, sa_flags=SA_RESTART|SA_SIGINFO


---------------  S Y S T E M  ---------------

OS:Bsduname:Darwin 17.3.0 Darwin Kernel Version 17.3.0: Thu Nov  9 18:09:22 PST 2017; root:xnu-4570.31.3~1/RELEASE_X86_64 x86_64
rlimit: STACK 8192k, CORE 0k, NPROC 1418, NOFILE 10240, AS infinity
load average:1.56 1.47 1.11

CPU:total 8 (initial active 8) (4 cores per cpu, 2 threads per core) family 6 model 94 stepping 3, cmov, cx8, fxsr, mmx, sse, sse2, sse3, ssse3, sse4.1, sse4.2, popcnt, avx, avx2, aes, clmul, erms, rtm, 3dnowpref, lzcnt, ht, tsc, tscinvbit, bmi1, bmi2, adx

Memory: 4k page, physical 16777216k(867220k free)

/proc/meminfo:


vm_info: OpenJDK 64-Bit Server VM (25.152-b01) for bsd-amd64 JRE (1.8.0_152-release-1024-b01), built by "builder" with gcc 4.2.1 Compatible Apple LLVM 8.1.0 (clang-802.0.42)

time: Tue May 29 13:08:24 2018
elapsed time: 5 seconds (0d 0h 0m 5s)

