#
# A fatal error has been detected by the Java Runtime Environment:
#
#  Internal Error (sharedRuntime.cpp:834), pid=538, tid=0x000000000000a103
#  fatal error: exception happened outside interpreter, nmethods and vtable stubs at pc 0x000000010b9fd535
#
# JRE version: OpenJDK Runtime Environment (8.0_152-b01) (build 1.8.0_152-release-1024-b01)
# Java VM: OpenJDK 64-Bit Server VM (25.152-b01 mixed mode bsd-amd64 compressed oops)
# Failed to write core dump. Core dumps have been disabled. To enable core dumping, try "ulimit -c unlimited" before starting Java again
#
# If you would like to submit a bug report, please visit:
#   http://bugreport.java.com/bugreport/crash.jsp
#

---------------  T H R E A D  ---------------

Current thread (0x00007f9a43afa000):  JavaThread "Daemon worker" [_thread_in_Java, id=41219, stack(0x00007000073d0000,0x00007000074d0000)]

Stack: [0x00007000073d0000,0x00007000074d0000],  sp=0x00007000074c5f20,  free space=983k
Native frames: (J=compiled Java code, j=interpreted, Vv=VM code, C=native code)
V  [libjvm.dylib+0x53ea8d]  VMError::report_and_die()+0x3cb
V  [libjvm.dylib+0x1cd762]  report_vm_error(char const*, int, char const*, char const*)+0x54
V  [libjvm.dylib+0x4913a5]  SharedRuntime::continuation_for_implicit_exception(JavaThread*, unsigned char*, SharedRuntime::ImplicitExceptionKind)+0x24b
V  [libjvm.dylib+0x43a48a]  JVM_handle_bsd_signal+0x443
V  [libjvm.dylib+0x437b0c]  signalHandler(int, __siginfo*, void*)+0x2d
C  [libsystem_platform.dylib+0x1f5a]  _sigtramp+0x1a
C  0x0000000000000007
V  [libjvm.dylib+0x2fdb36]  JVM_DoPrivileged+0x558
J 227  java.security.AccessController.doPrivileged(Ljava/security/PrivilegedExceptionAction;Ljava/security/AccessControlContext;)Ljava/lang/Object; (0 bytes) @ 0x000000010bb6ca15 [0x000000010bb6c940+0xd5]
J 1209 C2 java.net.URLClassLoader.findClass(Ljava/lang/String;)Ljava/lang/Class; (47 bytes) @ 0x000000010be0417c [0x000000010be040e0+0x9c]
J 1703 C1 java.lang.ClassLoader.loadClass(Ljava/lang/String;Z)Ljava/lang/Class; (122 bytes) @ 0x000000010bf451d4 [0x000000010bf44880+0x954]
J 283 C1 java.lang.ClassLoader.loadClass(Ljava/lang/String;)Ljava/lang/Class; (7 bytes) @ 0x000000010bb96bc4 [0x000000010bb96ac0+0x104]
v  ~StubRoutines::call_stub
V  [libjvm.dylib+0x2c062b]  JavaCalls::call_helper(JavaValue*, methodHandle*, JavaCallArguments*, Thread*)+0x597
V  [libjvm.dylib+0x2bf754]  JavaCalls::call_virtual(JavaValue*, KlassHandle, Symbol*, Symbol*, JavaCallArguments*, Thread*)+0x13e
V  [libjvm.dylib+0x2bf91b]  JavaCalls::call_virtual(JavaValue*, Handle, KlassHandle, Symbol*, Symbol*, Handle, Thread*)+0x69
V  [libjvm.dylib+0x4de316]  SystemDictionary::load_instance_class(Symbol*, Handle, Thread*)+0x2b6
V  [libjvm.dylib+0x4dd52d]  SystemDictionary::resolve_instance_class_or_null(Symbol*, Handle, Handle, Thread*)+0x42f
V  [libjvm.dylib+0x4dcd67]  SystemDictionary::resolve_or_fail(Symbol*, Handle, Handle, bool, Thread*)+0x1b
V  [libjvm.dylib+0x1c72b8]  ConstantPool::klass_at_impl(constantPoolHandle, int, Thread*)+0x28e
V  [libjvm.dylib+0x1c804e]  ConstantPool::klass_at(int, Thread*)+0x8a
V  [libjvm.dylib+0x2b891d]  InterpreterRuntime::_new(JavaThread*, ConstantPool*, int)+0x2d
j  org.gradle.model.internal.manage.schema.extract.DefaultModelSchemaExtractor.withDefaultStrategies(Ljava/util/List;Lorg/gradle/model/internal/manage/schema/extract/ModelSchemaAspectExtractor;)Lorg/gradle/model/internal/manage/schema/extract/DefaultModelSchemaExtractor;+81
j  org.gradle.internal.service.scopes.GlobalScopeServices.createModelSchemaExtractor(Lorg/gradle/model/internal/manage/schema/extract/ModelSchemaAspectExtractor;Ljava/util/List;)Lorg/gradle/model/internal/manage/schema/extract/ModelSchemaExtractor;+2
v  ~StubRoutines::call_stub
V  [libjvm.dylib+0x2c062b]  JavaCalls::call_helper(JavaValue*, methodHandle*, JavaCallArguments*, Thread*)+0x597
V  [libjvm.dylib+0x47ea27]  Reflection::invoke(instanceKlassHandle, methodHandle, Handle, bool, objArrayHandle, BasicType, objArrayHandle, bool, Thread*)+0x6e9
V  [libjvm.dylib+0x47f487]  Reflection::invoke_method(oopDesc*, Handle, objArrayHandle, Thread*)+0x173
V  [libjvm.dylib+0x307485]  JVM_InvokeMethod+0x1a9
J 1396  sun.reflect.NativeMethodAccessorImpl.invoke0(Ljava/lang/reflect/Method;Ljava/lang/Object;[Ljava/lang/Object;)Ljava/lang/Object; (0 bytes) @ 0x000000010be797ad [0x000000010be796c0+0xed]
J 1395 C1 sun.reflect.NativeMethodAccessorImpl.invoke(Ljava/lang/Object;[Ljava/lang/Object;)Ljava/lang/Object; (104 bytes) @ 0x000000010be789dc [0x000000010be77800+0x11dc]
J 940 C1 sun.reflect.DelegatingMethodAccessorImpl.invoke(Ljava/lang/Object;[Ljava/lang/Object;)Ljava/lang/Object; (10 bytes) @ 0x000000010bd60c4c [0x000000010bd60b40+0x10c]
J 928 C1 java.lang.reflect.Method.invoke(Ljava/lang/Object;[Ljava/lang/Object;)Ljava/lang/Object; (62 bytes) @ 0x000000010bd5ed9c [0x000000010bd5e9a0+0x3fc]
j  org.gradle.internal.reflect.JavaMethod.invoke(Ljava/lang/Object;[Ljava/lang/Object;)Ljava/lang/Object;+6
j  org.gradle.internal.service.ReflectionBasedServiceMethod.invoke(Ljava/lang/Object;[Ljava/lang/Object;)Ljava/lang/Object;+6
j  org.gradle.internal.service.DefaultServiceRegistry$FactoryMethodService.invokeMethod([Ljava/lang/Object;)Ljava/lang/Object;+9
j  org.gradle.internal.service.DefaultServiceRegistry$FactoryService.create()Ljava/lang/Object;+7
J 1309 C1 org.gradle.internal.service.DefaultServiceRegistry$ManagedObjectProvider.getInstance()Ljava/lang/Object; (57 bytes) @ 0x000000010be37f0c [0x000000010be37dc0+0x14c]
J 1308 C1 org.gradle.internal.service.DefaultServiceRegistry$SingletonService.get()Ljava/lang/Object; (5 bytes) @ 0x000000010be37a74 [0x000000010be37980+0xf4]
j  org.gradle.internal.service.DefaultServiceRegistry$FactoryService.assembleParameters()[Ljava/lang/Object;+44
j  org.gradle.internal.service.DefaultServiceRegistry$FactoryService.create()Ljava/lang/Object;+1
J 1309 C1 org.gradle.internal.service.DefaultServiceRegistry$ManagedObjectProvider.getInstance()Ljava/lang/Object; (57 bytes) @ 0x000000010be37f0c [0x000000010be37dc0+0x14c]
J 1308 C1 org.gradle.internal.service.DefaultServiceRegistry$SingletonService.get()Ljava/lang/Object; (5 bytes) @ 0x000000010be37a74 [0x000000010be37980+0xf4]
j  org.gradle.internal.service.DefaultServiceRegistry$FactoryService.assembleParameters()[Ljava/lang/Object;+44
j  org.gradle.internal.service.DefaultServiceRegistry$FactoryService.create()Ljava/lang/Object;+1
J 1309 C1 org.gradle.internal.service.DefaultServiceRegistry$ManagedObjectProvider.getInstance()Ljava/lang/Object; (57 bytes) @ 0x000000010be37f0c [0x000000010be37dc0+0x14c]
J 1308 C1 org.gradle.internal.service.DefaultServiceRegistry$SingletonService.get()Ljava/lang/Object; (5 bytes) @ 0x000000010be37a74 [0x000000010be37980+0xf4]
j  org.gradle.internal.service.DefaultServiceRegistry$DefaultLookupContext$ServicesWithTypeLookup.apply(Lorg/gradle/internal/service/DefaultServiceRegistry$LookupContext;Lorg/gradle/internal/service/DefaultServiceRegistry$Provider;)Lorg/gradle/internal/service/DefaultServiceRegistry$ServiceProvider;+69
j  org.gradle.internal.service.DefaultServiceRegistry$DefaultLookupContext$ServicesWithTypeLookup.apply(Ljava/lang/Object;Ljava/lang/Object;)Ljava/lang/Object;+9
J 1350 C1 org.gradle.internal.service.DefaultServiceRegistry$DefaultLookupContext.getServiceProvider(Ljava/lang/reflect/Type;Lorg/gradle/internal/service/DefaultServiceRegistry$Provider;)Lorg/gradle/internal/service/DefaultServiceRegistry$ServiceProvider; (45 bytes) @ 0x000000010be52b54 [0x000000010be52720+0x434]
J 1234 C1 org.gradle.internal.service.DefaultServiceRegistry$DefaultLookupContext.find(Ljava/lang/reflect/Type;Lorg/gradle/internal/service/DefaultServiceRegistry$Provider;)Lorg/gradle/internal/service/DefaultServiceRegistry$ServiceProvider; (72 bytes) @ 0x000000010be0e55c [0x000000010be0da20+0xb3c]
j  org.gradle.internal.service.DefaultServiceRegistry$FactoryService.bind(Lorg/gradle/internal/service/DefaultServiceRegistry$LookupContext;)V+77
j  org.gradle.internal.service.DefaultServiceRegistry$SingletonService.prepare(Lorg/gradle/internal/service/DefaultServiceRegistry$LookupContext;)Lorg/gradle/internal/service/DefaultServiceRegistry$ServiceProvider;+9
J 1205 C2 org.gradle.internal.service.DefaultServiceRegistry$SingletonService.getService(Lorg/gradle/internal/service/DefaultServiceRegistry$LookupContext;Lorg/gradle/internal/service/DefaultServiceRegistry$TypeSpec;)Lorg/gradle/internal/service/DefaultServiceRegistry$ServiceProvider; (21 bytes) @ 0x000000010bdf3034 [0x000000010bdf2de0+0x254]
J 1213 C1 org.gradle.internal.service.DefaultServiceRegistry$OwnServices.getService(Lorg/gradle/internal/service/DefaultServiceRegistry$LookupContext;Lorg/gradle/internal/service/DefaultServiceRegistry$TypeSpec;)Lorg/gradle/internal/service/DefaultServiceRegistry$ServiceProvider; (302 bytes) @ 0x000000010be056ac [0x000000010be04f20+0x78c]
J 1219 C1 org.gradle.internal.service.DefaultServiceRegistry$CachingProvider.getService(Lorg/gradle/internal/service/DefaultServiceRegistry$LookupContext;Lorg/gradle/internal/service/DefaultServiceRegistry$TypeSpec;)Lorg/gradle/internal/service/DefaultServiceRegistry$ServiceProvider; (52 bytes) @ 0x000000010bdf545c [0x000000010bdf5200+0x25c]
J 1351 C1 org.gradle.internal.service.DefaultServiceRegistry$CompositeProvider.getService(Lorg/gradle/internal/service/DefaultServiceRegistry$LookupContext;Lorg/gradle/internal/service/DefaultServiceRegistry$TypeSpec;)Lorg/gradle/internal/service/DefaultServiceRegistry$ServiceProvider; (71 bytes) @ 0x000000010be5578c [0x000000010be55460+0x32c]
J 1236 C1 org.gradle.internal.service.DefaultServiceRegistry$DefaultLookupContext$4.apply(Ljava/lang/Object;Ljava/lang/Object;)Ljava/lang/Object; (13 bytes) @ 0x000000010be1016c [0x000000010be0fda0+0x3cc]
J 1350 C1 org.gradle.internal.service.DefaultServiceRegistry$DefaultLookupContext.getServiceProvider(Ljava/lang/reflect/Type;Lorg/gradle/internal/service/DefaultServiceRegistry$Provider;)Lorg/gradle/internal/service/DefaultServiceRegistry$ServiceProvider; (45 bytes) @ 0x000000010be52b54 [0x000000010be52720+0x434]
J 1234 C1 org.gradle.internal.service.DefaultServiceRegistry$DefaultLookupContext.find(Ljava/lang/reflect/Type;Lorg/gradle/internal/service/DefaultServiceRegistry$Provider;)Lorg/gradle/internal/service/DefaultServiceRegistry$ServiceProvider; (72 bytes) @ 0x000000010be0e55c [0x000000010be0da20+0xb3c]
j  org.gradle.internal.service.DefaultServiceRegistry.getServiceProvider(Ljava/lang/reflect/Type;)Lorg/gradle/internal/service/DefaultServiceRegistry$ServiceProvider;+29
J 1407 C1 org.gradle.internal.service.DefaultServiceRegistry.doGet(Ljava/lang/reflect/Type;)Ljava/lang/Object; (102 bytes) @ 0x000000010be868cc [0x000000010be858c0+0x100c]
j  org.gradle.internal.service.DefaultServiceRegistry.get(Ljava/lang/reflect/Type;)Ljava/lang/Object;+2
j  org.gradle.internal.service.DefaultServiceRegistry$ParentServices.getService(Lorg/gradle/internal/service/DefaultServiceRegistry$LookupContext;Lorg/gradle/internal/service/DefaultServiceRegistry$TypeSpec;)Lorg/gradle/internal/service/DefaultServiceRegistry$ServiceProvider;+10
J 1219 C1 org.gradle.internal.service.DefaultServiceRegistry$CachingProvider.getService(Lorg/gradle/internal/service/DefaultServiceRegistry$LookupContext;Lorg/gradle/internal/service/DefaultServiceRegistry$TypeSpec;)Lorg/gradle/internal/service/DefaultServiceRegistry$ServiceProvider; (52 bytes) @ 0x000000010bdf545c [0x000000010bdf5200+0x25c]
J 1351 C1 org.gradle.internal.service.DefaultServiceRegistry$CompositeProvider.getService(Lorg/gradle/internal/service/DefaultServiceRegistry$LookupContext;Lorg/gradle/internal/service/DefaultServiceRegistry$TypeSpec;)Lorg/gradle/internal/service/DefaultServiceRegistry$ServiceProvider; (71 bytes) @ 0x000000010be5578c [0x000000010be55460+0x32c]
J 1236 C1 org.gradle.internal.service.DefaultServiceRegistry$DefaultLookupContext$4.apply(Ljava/lang/Object;Ljava/lang/Object;)Ljava/lang/Object; (13 bytes) @ 0x000000010be1016c [0x000000010be0fda0+0x3cc]
J 1350 C1 org.gradle.internal.service.DefaultServiceRegistry$DefaultLookupContext.getServiceProvider(Ljava/lang/reflect/Type;Lorg/gradle/internal/service/DefaultServiceRegistry$Provider;)Lorg/gradle/internal/service/DefaultServiceRegistry$ServiceProvider; (45 bytes) @ 0x000000010be52b54 [0x000000010be52720+0x434]
J 1234 C1 org.gradle.internal.service.DefaultServiceRegistry$DefaultLookupContext.find(Ljava/lang/reflect/Type;Lorg/gradle/internal/service/DefaultServiceRegistry$Provider;)Lorg/gradle/internal/service/DefaultServiceRegistry$ServiceProvider; (72 bytes) @ 0x000000010be0e55c [0x000000010be0da20+0xb3c]
j  org.gradle.internal.service.DefaultServiceRegistry.getServiceProvider(Ljava/lang/reflect/Type;)Lorg/gradle/internal/service/DefaultServiceRegistry$ServiceProvider;+29
J 1407 C1 org.gradle.internal.service.DefaultServiceRegistry.doGet(Ljava/lang/reflect/Type;)Ljava/lang/Object; (102 bytes) @ 0x000000010be868cc [0x000000010be858c0+0x100c]
j  org.gradle.internal.service.DefaultServiceRegistry.get(Ljava/lang/reflect/Type;)Ljava/lang/Object;+2
j  org.gradle.internal.service.DefaultServiceRegistry$ParentServices.getService(Lorg/gradle/internal/service/DefaultServiceRegistry$LookupContext;Lorg/gradle/internal/service/DefaultServiceRegistry$TypeSpec;)Lorg/gradle/internal/service/DefaultServiceRegistry$ServiceProvider;+10
J 1219 C1 org.gradle.internal.service.DefaultServiceRegistry$CachingProvider.getService(Lorg/gradle/internal/service/DefaultServiceRegistry$LookupContext;Lorg/gradle/internal/service/DefaultServiceRegistry$TypeSpec;)Lorg/gradle/internal/service/DefaultServiceRegistry$ServiceProvider; (52 bytes) @ 0x000000010bdf545c [0x000000010bdf5200+0x25c]
J 1351 C1 org.gradle.internal.service.DefaultServiceRegistry$CompositeProvider.getService(Lorg/gradle/internal/service/DefaultServiceRegistry$LookupContext;Lorg/gradle/internal/service/DefaultServiceRegistry$TypeSpec;)Lorg/gradle/internal/service/DefaultServiceRegistry$ServiceProvider; (71 bytes) @ 0x000000010be5578c [0x000000010be55460+0x32c]
J 1236 C1 org.gradle.internal.service.DefaultServiceRegistry$DefaultLookupContext$4.apply(Ljava/lang/Object;Ljava/lang/Object;)Ljava/lang/Object; (13 bytes) @ 0x000000010be1016c [0x000000010be0fda0+0x3cc]
J 1350 C1 org.gradle.internal.service.DefaultServiceRegistry$DefaultLookupContext.getServiceProvider(Ljava/lang/reflect/Type;Lorg/gradle/internal/service/DefaultServiceRegistry$Provider;)Lorg/gradle/internal/service/DefaultServiceRegistry$ServiceProvider; (45 bytes) @ 0x000000010be52b54 [0x000000010be52720+0x434]
J 1234 C1 org.gradle.internal.service.DefaultServiceRegistry$DefaultLookupContext.find(Ljava/lang/reflect/Type;Lorg/gradle/internal/service/DefaultServiceRegistry$Provider;)Lorg/gradle/internal/service/DefaultServiceRegistry$ServiceProvider; (72 bytes) @ 0x000000010be0e55c [0x000000010be0da20+0xb3c]
j  org.gradle.internal.service.DefaultServiceRegistry.getServiceProvider(Ljava/lang/reflect/Type;)Lorg/gradle/internal/service/DefaultServiceRegistry$ServiceProvider;+29
J 1407 C1 org.gradle.internal.service.DefaultServiceRegistry.doGet(Ljava/lang/reflect/Type;)Ljava/lang/Object; (102 bytes) @ 0x000000010be868cc [0x000000010be858c0+0x100c]
j  org.gradle.internal.service.DefaultServiceRegistry.get(Ljava/lang/reflect/Type;)Ljava/lang/Object;+2
j  org.gradle.internal.service.DefaultServiceRegistry$ParentServices.getService(Lorg/gradle/internal/service/DefaultServiceRegistry$LookupContext;Lorg/gradle/internal/service/DefaultServiceRegistry$TypeSpec;)Lorg/gradle/internal/service/DefaultServiceRegistry$ServiceProvider;+10
J 1219 C1 org.gradle.internal.service.DefaultServiceRegistry$CachingProvider.getService(Lorg/gradle/internal/service/DefaultServiceRegistry$LookupContext;Lorg/gradle/internal/service/DefaultServiceRegistry$TypeSpec;)Lorg/gradle/internal/service/DefaultServiceRegistry$ServiceProvider; (52 bytes) @ 0x000000010bdf545c [0x000000010bdf5200+0x25c]
J 1351 C1 org.gradle.internal.service.DefaultServiceRegistry$CompositeProvider.getService(Lorg/gradle/internal/service/DefaultServiceRegistry$LookupContext;Lorg/gradle/internal/service/DefaultServiceRegistry$TypeSpec;)Lorg/gradle/internal/service/DefaultServiceRegistry$ServiceProvider; (71 bytes) @ 0x000000010be5578c [0x000000010be55460+0x32c]
J 1236 C1 org.gradle.internal.service.DefaultServiceRegistry$DefaultLookupContext$4.apply(Ljava/lang/Object;Ljava/lang/Object;)Ljava/lang/Object; (13 bytes) @ 0x000000010be1016c [0x000000010be0fda0+0x3cc]
J 1350 C1 org.gradle.internal.service.DefaultServiceRegistry$DefaultLookupContext.getServiceProvider(Ljava/lang/reflect/Type;Lorg/gradle/internal/service/DefaultServiceRegistry$Provider;)Lorg/gradle/internal/service/DefaultServiceRegistry$ServiceProvider; (45 bytes) @ 0x000000010be52b54 [0x000000010be52720+0x434]
J 1234 C1 org.gradle.internal.service.DefaultServiceRegistry$DefaultLookupContext.find(Ljava/lang/reflect/Type;Lorg/gradle/internal/service/DefaultServiceRegistry$Provider;)Lorg/gradle/internal/service/DefaultServiceRegistry$ServiceProvider; (72 bytes) @ 0x000000010be0e55c [0x000000010be0da20+0xb3c]
j  org.gradle.internal.service.DefaultServiceRegistry.getServiceProvider(Ljava/lang/reflect/Type;)Lorg/gradle/internal/service/DefaultServiceRegistry$ServiceProvider;+29
J 1407 C1 org.gradle.internal.service.DefaultServiceRegistry.doGet(Ljava/lang/reflect/Type;)Ljava/lang/Object; (102 bytes) @ 0x000000010be868cc [0x000000010be858c0+0x100c]
j  org.gradle.internal.service.DefaultServiceRegistry.get(Ljava/lang/reflect/Type;)Ljava/lang/Object;+2
j  org.gradle.internal.service.DefaultServiceRegistry$ParentServices.getService(Lorg/gradle/internal/service/DefaultServiceRegistry$LookupContext;Lorg/gradle/internal/service/DefaultServiceRegistry$TypeSpec;)Lorg/gradle/internal/service/DefaultServiceRegistry$ServiceProvider;+10
J 1219 C1 org.gradle.internal.service.DefaultServiceRegistry$CachingProvider.getService(Lorg/gradle/internal/service/DefaultServiceRegistry$LookupContext;Lorg/gradle/internal/service/DefaultServiceRegistry$TypeSpec;)Lorg/gradle/internal/service/DefaultServiceRegistry$ServiceProvider; (52 bytes) @ 0x000000010bdf545c [0x000000010bdf5200+0x25c]
J 1351 C1 org.gradle.internal.service.DefaultServiceRegistry$CompositeProvider.getService(Lorg/gradle/internal/service/DefaultServiceRegistry$LookupContext;Lorg/gradle/internal/service/DefaultServiceRegistry$TypeSpec;)Lorg/gradle/internal/service/DefaultServiceRegistry$ServiceProvider; (71 bytes) @ 0x000000010be5578c [0x000000010be55460+0x32c]
J 1236 C1 org.gradle.internal.service.DefaultServiceRegistry$DefaultLookupContext$4.apply(Ljava/lang/Object;Ljava/lang/Object;)Ljava/lang/Object; (13 bytes) @ 0x000000010be1016c [0x000000010be0fda0+0x3cc]
J 1350 C1 org.gradle.internal.service.DefaultServiceRegistry$DefaultLookupContext.getServiceProvider(Ljava/lang/reflect/Type;Lorg/gradle/internal/service/DefaultServiceRegistry$Provider;)Lorg/gradle/internal/service/DefaultServiceRegistry$ServiceProvider; (45 bytes) @ 0x000000010be52b54 [0x000000010be52720+0x434]
J 1234 C1 org.gradle.internal.service.DefaultServiceRegistry$DefaultLookupContext.find(Ljava/lang/reflect/Type;Lorg/gradle/internal/service/DefaultServiceRegistry$Provider;)Lorg/gradle/internal/service/DefaultServiceRegistry$ServiceProvider; (72 bytes) @ 0x000000010be0e55c [0x000000010be0da20+0xb3c]
j  org.gradle.internal.service.DefaultServiceRegistry.getServiceProvider(Ljava/lang/reflect/Type;)Lorg/gradle/internal/service/DefaultServiceRegistry$ServiceProvider;+29
J 1407 C1 org.gradle.internal.service.DefaultServiceRegistry.doGet(Ljava/lang/reflect/Type;)Ljava/lang/Object; (102 bytes) @ 0x000000010be868cc [0x000000010be858c0+0x100c]
j  org.gradle.internal.service.DefaultServiceRegistry.get(Ljava/lang/reflect/Type;)Ljava/lang/Object;+2
j  org.gradle.internal.service.DefaultServiceRegistry$ParentServices.getService(Lorg/gradle/internal/service/DefaultServiceRegistry$LookupContext;Lorg/gradle/internal/service/DefaultServiceRegistry$TypeSpec;)Lorg/gradle/internal/service/DefaultServiceRegistry$ServiceProvider;+10
...<more frames>...


---------------  P R O C E S S  ---------------

Java Threads: ( => current thread )
  0x00007f9a43bde800 JavaThread "Cache worker for file hash cache (/Users/annascott/Downloads/MusicforWellbeing/.gradle/4.4/fileHashes)" [_thread_blocked, id=23299, stack(0x00007000078df000,0x00007000079df000)]
  0x00007f9a43b20000 JavaThread "File lock request listener" [_thread_in_native, id=39683, stack(0x00007000077dc000,0x00007000078dc000)]
  0x00007f9a44391000 JavaThread "Cache worker for file hash cache (/Users/annascott/.gradle/caches/4.4/fileHashes)" [_thread_blocked, id=22787, stack(0x00007000076d9000,0x00007000077d9000)]
  0x00007f9a43afa800 JavaThread "Stdin handler" [_thread_blocked, id=40451, stack(0x00007000075d6000,0x00007000076d6000)]
  0x00007f9a44c8e000 JavaThread "Asynchronous log dispatcher for DefaultDaemonConnection: socket connection from /127.0.0.1:49910 to /127.0.0.1:49911" [_thread_blocked, id=22531, stack(0x00007000074d3000,0x00007000075d3000)]
=>0x00007f9a43afa000 JavaThread "Daemon worker" [_thread_in_Java, id=41219, stack(0x00007000073d0000,0x00007000074d0000)]
  0x00007f9a46495800 JavaThread "Cancel handler" [_thread_blocked, id=41475, stack(0x00007000072cd000,0x00007000073cd000)]
  0x00007f9a46495000 JavaThread "Handler for socket connection from /127.0.0.1:49910 to /127.0.0.1:49911" [_thread_in_native, id=41987, stack(0x00007000071ca000,0x00007000072ca000)]
  0x00007f9a46494000 JavaThread "Daemon" [_thread_blocked, id=22019, stack(0x00007000070c7000,0x00007000071c7000)]
  0x00007f9a4438a000 JavaThread "Daemon periodic checks" [_thread_blocked, id=42755, stack(0x0000700006fc4000,0x00007000070c4000)]
  0x00007f9a439ed000 JavaThread "Incoming local TCP Connector on port 49910" [_thread_in_native, id=43267, stack(0x0000700006ec1000,0x0000700006fc1000)]
  0x00007f9a44010000 JavaThread "Service Thread" daemon [_thread_blocked, id=15619, stack(0x0000700006cbb000,0x0000700006dbb000)]
  0x00007f9a47818000 JavaThread "C1 CompilerThread3" daemon [_thread_blocked, id=16387, stack(0x0000700006bb8000,0x0000700006cb8000)]
  0x00007f9a47817000 JavaThread "C2 CompilerThread2" daemon [_thread_blocked, id=15107, stack(0x0000700006ab5000,0x0000700006bb5000)]
  0x00007f9a47816800 JavaThread "C2 CompilerThread1" daemon [_thread_blocked, id=16899, stack(0x00007000069b2000,0x0000700006ab2000)]
  0x00007f9a47805800 JavaThread "C2 CompilerThread0" daemon [_thread_in_native, id=17155, stack(0x00007000068af000,0x00007000069af000)]
  0x00007f9a46054000 JavaThread "Signal Dispatcher" daemon [_thread_blocked, id=17671, stack(0x00007000067ac000,0x00007000068ac000)]
  0x00007f9a4380d800 JavaThread "Finalizer" daemon [_thread_blocked, id=12547, stack(0x00007000066a9000,0x00007000067a9000)]
  0x00007f9a4380a800 JavaThread "Reference Handler" daemon [_thread_blocked, id=19459, stack(0x00007000065a6000,0x00007000066a6000)]
  0x00007f9a46006000 JavaThread "main" [_thread_blocked, id=6147, stack(0x0000700005b88000,0x0000700005c88000)]

Other Threads:
  0x00007f9a46047800 VMThread [stack: 0x00007000064a3000,0x00007000065a3000] [id=19715]
  0x00007f9a44010800 WatcherThread [stack: 0x0000700006dbe000,0x0000700006ebe000] [id=16131]

VM state:not at safepoint (normal execution)

VM Mutex/Monitor currently owned by a thread: None

Heap:
 PSYoungGen      total 141824K, used 22413K [0x00000007a0000000, 0x00000007b1500000, 0x00000007c0000000)
  eden space 131072K, 17% used [0x00000007a0000000,0x00000007a15e34e0,0x00000007a8000000)
  from space 10752K, 0% used [0x00000007a8000000,0x00000007a8000000,0x00000007a8a80000)
  to   space 10752K, 0% used [0x00000007b0a80000,0x00000007b0a80000,0x00000007b1500000)
 ParOldGen       total 106496K, used 8834K [0x0000000760000000, 0x0000000766800000, 0x00000007a0000000)
  object space 106496K, 8% used [0x0000000760000000,0x00000007608a08f0,0x0000000766800000)
 Metaspace       used 22789K, capacity 23262K, committed 23552K, reserved 1069056K
  class space    used 3117K, capacity 3270K, committed 3328K, reserved 1048576K

Card table byte_map: [0x0000000108628000,0x0000000108929000] byte_map_base: 0x0000000104b28000

Marking Bits: (ParMarkBitMap*) 0x0000000107ff81c8
 Begin Bits: [0x000000011a9fd000, 0x000000011c1fd000)
 End Bits:   [0x000000011c1fd000, 0x000000011d9fd000)

Polling page: 0x000000010669a000

CodeCache: size=245760Kb used=6805Kb max_used=6820Kb free=238954Kb
 bounds [0x000000010b9fd000, 0x000000010c0ad000, 0x000000011a9fd000]
 total_blobs=2412 nmethods=1796 adapters=530
 compilation: enabled

Compilation events (10 events):
Event: 2.230 Thread 0x00007f9a47818000 1798       3       org.gradle.internal.service.AbstractServiceMethod::<init> (42 bytes)
Event: 2.231 Thread 0x00007f9a47818000 nmethod 1798 0x000000010c09dfd0 code [0x000000010c09e240, 0x000000010c09f568]
Event: 2.250 Thread 0x00007f9a47817000 nmethod 1797 0x000000010c0a3c90 code [0x000000010c0a3ec0, 0x000000010c0a4e30]
Event: 2.250 Thread 0x00007f9a47817000 1799  s    4       java.lang.StringBuffer::toString (36 bytes)
Event: 2.254 Thread 0x00007f9a47817000 nmethod 1799 0x000000010c0a0950 code [0x000000010c0a0ac0, 0x000000010c0a1058]
Event: 2.254 Thread 0x00007f9a47816800 nmethod 1787 0x000000010c0aa350 code [0x000000010c0aa5c0, 0x000000010c0ab988]
Event: 2.275 Thread 0x00007f9a47818000 1800       3       java.util.HashMap::get (23 bytes)
Event: 2.275 Thread 0x00007f9a47818000 nmethod 1800 0x000000010c0a0250 code [0x000000010c0a03e0, 0x000000010c0a07f8]
Event: 2.278 Thread 0x00007f9a47818000 1801       3       com.google.common.cache.LocalCache::evictsBySize (15 bytes)
Event: 2.279 Thread 0x00007f9a47818000 nmethod 1801 0x000000010c0a38d0 code [0x000000010c0a3a40, 0x000000010c0a3bf0]

GC Heap History (8 events):
Event: 0.879 GC heap before
{Heap before GC invocations=1 (full 0):
 PSYoungGen      total 76288K, used 65536K [0x00000007a0000000, 0x00000007a5500000, 0x00000007c0000000)
  eden space 65536K, 100% used [0x00000007a0000000,0x00000007a4000000,0x00000007a4000000)
  from space 10752K, 0% used [0x00000007a4a80000,0x00000007a4a80000,0x00000007a5500000)
  to   space 10752K, 0% used [0x00000007a4000000,0x00000007a4000000,0x00000007a4a80000)
 ParOldGen       total 175104K, used 0K [0x0000000760000000, 0x000000076ab00000, 0x00000007a0000000)
  object space 175104K, 0% used [0x0000000760000000,0x0000000760000000,0x000000076ab00000)
 Metaspace       used 10531K, capacity 10824K, committed 11008K, reserved 1058816K
  class space    used 1411K, capacity 1518K, committed 1536K, reserved 1048576K
Event: 0.889 GC heap after
Heap after GC invocations=1 (full 0):
 PSYoungGen      total 76288K, used 7691K [0x00000007a0000000, 0x00000007a9500000, 0x00000007c0000000)
  eden space 65536K, 0% used [0x00000007a0000000,0x00000007a0000000,0x00000007a4000000)
  from space 10752K, 71% used [0x00000007a4000000,0x00000007a4782c30,0x00000007a4a80000)
  to   space 10752K, 0% used [0x00000007a8a80000,0x00000007a8a80000,0x00000007a9500000)
 ParOldGen       total 175104K, used 16K [0x0000000760000000, 0x000000076ab00000, 0x00000007a0000000)
  object space 175104K, 0% used [0x0000000760000000,0x0000000760004000,0x000000076ab00000)
 Metaspace       used 10531K, capacity 10824K, committed 11008K, reserved 1058816K
  class space    used 1411K, capacity 1518K, committed 1536K, reserved 1048576K
}
Event: 1.647 GC heap before
{Heap before GC invocations=2 (full 0):
 PSYoungGen      total 76288K, used 73227K [0x00000007a0000000, 0x00000007a9500000, 0x00000007c0000000)
  eden space 65536K, 100% used [0x00000007a0000000,0x00000007a4000000,0x00000007a4000000)
  from space 10752K, 71% used [0x00000007a4000000,0x00000007a4782c30,0x00000007a4a80000)
  to   space 10752K, 0% used [0x00000007a8a80000,0x00000007a8a80000,0x00000007a9500000)
 ParOldGen       total 175104K, used 16K [0x0000000760000000, 0x000000076ab00000, 0x00000007a0000000)
  object space 175104K, 0% used [0x0000000760000000,0x0000000760004000,0x000000076ab00000)
 Metaspace       used 16504K, capacity 16844K, committed 17152K, reserved 1064960K
  class space    used 2393K, capacity 2510K, committed 2560K, reserved 1048576K
Event: 1.657 GC heap after
Heap after GC invocations=2 (full 0):
 PSYoungGen      total 141824K, used 10259K [0x00000007a0000000, 0x00000007a9500000, 0x00000007c0000000)
  eden space 131072K, 0% used [0x00000007a0000000,0x00000007a0000000,0x00000007a8000000)
  from space 10752K, 95% used [0x00000007a8a80000,0x00000007a9484f80,0x00000007a9500000)
  to   space 10752K, 0% used [0x00000007a8000000,0x00000007a8000000,0x00000007a8a80000)
 ParOldGen       total 175104K, used 24K [0x0000000760000000, 0x000000076ab00000, 0x00000007a0000000)
  object space 175104K, 0% used [0x0000000760000000,0x0000000760006000,0x000000076ab00000)
 Metaspace       used 16504K, capacity 16844K, committed 17152K, reserved 1064960K
  class space    used 2393K, capacity 2510K, committed 2560K, reserved 1048576K
}
Event: 1.999 GC heap before
{Heap before GC invocations=3 (full 0):
 PSYoungGen      total 141824K, used 34247K [0x00000007a0000000, 0x00000007a9500000, 0x00000007c0000000)
  eden space 131072K, 18% used [0x00000007a0000000,0x00000007a176cd38,0x00000007a8000000)
  from space 10752K, 95% used [0x00000007a8a80000,0x00000007a9484f80,0x00000007a9500000)
  to   space 10752K, 0% used [0x00000007a8000000,0x00000007a8000000,0x00000007a8a80000)
 ParOldGen       total 175104K, used 24K [0x0000000760000000, 0x000000076ab00000, 0x00000007a0000000)
  object space 175104K, 0% used [0x0000000760000000,0x0000000760006000,0x000000076ab00000)
 Metaspace       used 20722K, capacity 21102K, committed 21248K, reserved 1067008K
  class space    used 2911K, capacity 3069K, committed 3072K, reserved 1048576K
Event: 2.007 GC heap after
Heap after GC invocations=3 (full 0):
 PSYoungGen      total 141824K, used 9139K [0x00000007a0000000, 0x00000007b1500000, 0x00000007c0000000)
  eden space 131072K, 0% used [0x00000007a0000000,0x00000007a0000000,0x00000007a8000000)
  from space 10752K, 85% used [0x00000007a8000000,0x00000007a88ecfc8,0x00000007a8a80000)
  to   space 10752K, 0% used [0x00000007b0a80000,0x00000007b0a80000,0x00000007b1500000)
 ParOldGen       total 175104K, used 32K [0x0000000760000000, 0x000000076ab00000, 0x00000007a0000000)
  object space 175104K, 0% used [0x0000000760000000,0x0000000760008000,0x000000076ab00000)
 Metaspace       used 20722K, capacity 21102K, committed 21248K, reserved 1067008K
  class space    used 2911K, capacity 3069K, committed 3072K, reserved 1048576K
}
Event: 2.007 GC heap before
{Heap before GC invocations=4 (full 1):
 PSYoungGen      total 141824K, used 9139K [0x00000007a0000000, 0x00000007b1500000, 0x00000007c0000000)
  eden space 131072K, 0% used [0x00000007a0000000,0x00000007a0000000,0x00000007a8000000)
  from space 10752K, 85% used [0x00000007a8000000,0x00000007a88ecfc8,0x00000007a8a80000)
  to   space 10752K, 0% used [0x00000007b0a80000,0x00000007b0a80000,0x00000007b1500000)
 ParOldGen       total 175104K, used 32K [0x0000000760000000, 0x000000076ab00000, 0x00000007a0000000)
  object space 175104K, 0% used [0x0000000760000000,0x0000000760008000,0x000000076ab00000)
 Metaspace       used 20722K, capacity 21102K, committed 21248K, reserved 1067008K
  class space    used 2911K, capacity 3069K, committed 3072K, reserved 1048576K
Event: 2.035 GC heap after
Heap after GC invocations=4 (full 1):
 PSYoungGen      total 141824K, used 0K [0x00000007a0000000, 0x00000007b1500000, 0x00000007c0000000)
  eden space 131072K, 0% used [0x00000007a0000000,0x00000007a0000000,0x00000007a8000000)
  from space 10752K, 0% used [0x00000007a8000000,0x00000007a8000000,0x00000007a8a80000)
  to   space 10752K, 0% used [0x00000007b0a80000,0x00000007b0a80000,0x00000007b1500000)
 ParOldGen       total 106496K, used 8834K [0x0000000760000000, 0x0000000766800000, 0x00000007a0000000)
  object space 106496K, 8% used [0x0000000760000000,0x00000007608a08f0,0x0000000766800000)
 Metaspace       used 20722K, capacity 21102K, committed 21248K, reserved 1067008K
  class space    used 2911K, capacity 3069K, committed 3072K, reserved 1048576K
}

Deoptimization events (10 events):
Event: 1.681 Thread 0x00007f9a43afa000 Uncommon trap: reason=bimorphic action=maybe_recompile pc=0x000000010bdfb3ec method=java.lang.ClassLoader.loadClass(Ljava/lang/String;Z)Ljava/lang/Class; @ 38
Event: 2.035 Thread 0x00007f9a4380a800 Uncommon trap: reason=unstable_if action=reinterpret pc=0x000000010be89134 method=java.lang.ref.Reference.tryHandlePending(Z)Z @ 104
Event: 2.042 Thread 0x00007f9a43afa000 Uncommon trap: reason=unstable_if action=reinterpret pc=0x000000010bb96508 method=java.lang.AbstractStringBuilder.append(Ljava/lang/String;)Ljava/lang/AbstractStringBuilder; @ 1
Event: 2.042 Thread 0x00007f9a43afa000 Uncommon trap: reason=unstable_if action=reinterpret pc=0x000000010bb6d0cc method=java.lang.AbstractStringBuilder.append(Ljava/lang/String;)Ljava/lang/AbstractStringBuilder; @ 1
Event: 2.087 Thread 0x00007f9a43afa000 Uncommon trap: reason=class_check action=maybe_recompile pc=0x000000010beda9e4 method=sun.misc.URLClassPath.getLoader(I)Lsun/misc/URLClassPath$Loader; @ 94
Event: 2.087 Thread 0x00007f9a43afa000 Uncommon trap: reason=class_check action=maybe_recompile pc=0x000000010bcd366c method=sun.misc.URLClassPath.getResource(Ljava/lang/String;Z)Lsun/misc/Resource; @ 62
Event: 2.088 Thread 0x00007f9a43afa000 Uncommon trap: reason=unstable_if action=reinterpret pc=0x000000010bea54e4 method=java.lang.ClassLoader.getClassLoadingLock(Ljava/lang/String;)Ljava/lang/Object; @ 6
Event: 2.104 Thread 0x00007f9a43afa000 Uncommon trap: reason=class_check action=maybe_recompile pc=0x000000010bedac0c method=sun.misc.URLClassPath.getLoader(I)Lsun/misc/URLClassPath$Loader; @ 239
Event: 2.114 Thread 0x00007f9a43afa000 Uncommon trap: reason=class_check action=maybe_recompile pc=0x000000010bedac0c method=sun.misc.URLClassPath.getLoader(I)Lsun/misc/URLClassPath$Loader; @ 239
Event: 2.270 Thread 0x00007f9a43afa000 Uncommon trap: reason=unstable_if action=reinterpret pc=0x000000010bdd8864 method=java.util.HashMap.hash(Ljava/lang/Object;)I @ 1

Classes redefined (0 events):
No events

Internal exceptions (10 events):
Event: 2.173 Thread 0x00007f9a43afa000 Exception <a 'java/lang/ClassNotFoundException': org/gradle/initialization/DefaultSettingsBeanInfo> (0x00000007a0bcf108) thrown at [/Volumes/android/AOSP-openjdk-git/jdk8u/hotspot/src/share/vm/classfile/systemDictionary.cpp, line 210]
Event: 2.175 Thread 0x00007f9a43afa000 Exception <a 'java/lang/ClassNotFoundException': org/gradle/api/internal/project/AbstractPluginAwareBeanInfo> (0x00000007a0bf7018) thrown at [/Volumes/android/AOSP-openjdk-git/jdk8u/hotspot/src/share/vm/classfile/systemDictionary.cpp, line 210]
Event: 2.176 Thread 0x00007f9a43afa000 Exception <a 'java/lang/ClassNotFoundException': org/gradle/api/internal/project/AbstractPluginAwareCustomizer> (0x00000007a0c1f8a8) thrown at [/Volumes/android/AOSP-openjdk-git/jdk8u/hotspot/src/share/vm/classfile/systemDictionary.cpp, line 210]
Event: 2.177 Thread 0x00007f9a43afa000 Exception <a 'java/lang/ClassNotFoundException': org/gradle/initialization/DefaultSettingsCustomizer> (0x00000007a0c4bd00) thrown at [/Volumes/android/AOSP-openjdk-git/jdk8u/hotspot/src/share/vm/classfile/systemDictionary.cpp, line 210]
Event: 2.180 Thread 0x00007f9a43afa000 Exception <a 'java/lang/ClassNotFoundException': org/gradle/initialization/DefaultSettings_DecoratedCustomizer> (0x00000007a0ca82b8) thrown at [/Volumes/android/AOSP-openjdk-git/jdk8u/hotspot/src/share/vm/classfile/systemDictionary.cpp, line 210]
Event: 2.192 Thread 0x00007f9a43afa000 Exception <a 'java/lang/NoSuchMethodError': <clinit>> (0x00000007a0d5ccd8) thrown at [/Volumes/android/AOSP-openjdk-git/jdk8u/hotspot/src/share/vm/prims/jni.cpp, line 1613]
Event: 2.194 Thread 0x00007f9a43afa000 Exception <a 'java/lang/NoSuchMethodError': <clinit>> (0x00000007a0d82560) thrown at [/Volumes/android/AOSP-openjdk-git/jdk8u/hotspot/src/share/vm/prims/jni.cpp, line 1613]
Event: 2.194 Thread 0x00007f9a43afa000 Exception <a 'java/lang/NoSuchMethodError': <clinit>> (0x00000007a0d83a18) thrown at [/Volumes/android/AOSP-openjdk-git/jdk8u/hotspot/src/share/vm/prims/jni.cpp, line 1613]
Event: 2.194 Thread 0x00007f9a43afa000 Exception <a 'java/lang/NoSuchMethodError': <clinit>> (0x00000007a0d85778) thrown at [/Volumes/android/AOSP-openjdk-git/jdk8u/hotspot/src/share/vm/prims/jni.cpp, line 1613]
Event: 2.270 Thread 0x00007f9a43afa000 Implicit null exception at 0x000000010bdd8635 to 0x000000010bdd8855

Events (10 events):
Event: 2.279 loading class org/gradle/model/internal/manage/schema/extract/ModelMapStrategy$1
Event: 2.279 loading class org/gradle/model/internal/manage/schema/extract/ModelMapStrategy$1 done
Event: 2.280 loading class org/gradle/model/ModelMap
Event: 2.280 loading class org/gradle/model/ModelMap done
Event: 2.280 loading class org/gradle/model/internal/manage/schema/extract/JavaUtilCollectionStrategy
Event: 2.280 loading class org/gradle/model/internal/manage/schema/extract/JavaUtilCollectionStrategy done
Event: 2.281 loading class org/gradle/model/internal/manage/schema/extract/ManagedImplStructStrategy
Event: 2.281 loading class org/gradle/model/internal/manage/schema/extract/ManagedImplStructStrategy done
Event: 2.281 loading class org/gradle/model/internal/manage/schema/extract/StructSchemaExtractionStrategySupport
Event: 2.281 loading class org/gradle/model/internal/manage/schema/extract/StructSchemaExtractionStrategySupport done


Dynamic libraries:
0x000000002d96e000 	/System/Library/Frameworks/Cocoa.framework/Versions/A/Cocoa
0x000000002d96e000 	/System/Library/Frameworks/Security.framework/Versions/A/Security
0x000000002d96e000 	/System/Library/Frameworks/ApplicationServices.framework/Versions/A/ApplicationServices
0x000000002d96e000 	/usr/lib/libz.1.dylib
0x000000002d96e000 	/usr/lib/libSystem.B.dylib
0x000000002d96e000 	/System/Library/Frameworks/CoreFoundation.framework/Versions/A/CoreFoundation
0x000000002d96e000 	/System/Library/Frameworks/Foundation.framework/Versions/C/Foundation
0x000000002d96e000 	/usr/lib/libobjc.A.dylib
0x000000002d96e000 	/System/Library/Frameworks/AppKit.framework/Versions/C/AppKit
0x000000002d96e000 	/System/Library/Frameworks/CoreData.framework/Versions/A/CoreData
0x000000002d96e000 	/System/Library/PrivateFrameworks/RemoteViewServices.framework/Versions/A/RemoteViewServices
0x000000002d96e000 	/System/Library/PrivateFrameworks/UIFoundation.framework/Versions/A/UIFoundation
0x000000002d96e000 	/System/Library/PrivateFrameworks/DFRFoundation.framework/Versions/A/DFRFoundation
0x000000002d96e000 	/System/Library/Frameworks/Metal.framework/Versions/A/Metal
0x000000002d96e000 	/System/Library/PrivateFrameworks/DesktopServicesPriv.framework/Versions/A/DesktopServicesPriv
0x000000002d96e000 	/usr/lib/libenergytrace.dylib
0x000000002d96e000 	/System/Library/PrivateFrameworks/SkyLight.framework/Versions/A/SkyLight
0x000000002d96e000 	/System/Library/Frameworks/CoreGraphics.framework/Versions/A/CoreGraphics
0x000000002d96e000 	/usr/lib/libScreenReader.dylib
0x000000002d96e000 	/System/Library/Frameworks/Accelerate.framework/Versions/A/Accelerate
0x000000002d96e000 	/System/Library/Frameworks/IOSurface.framework/Versions/A/IOSurface
0x000000002d96e000 	/System/Library/Frameworks/AudioToolbox.framework/Versions/A/AudioToolbox
0x000000002d96e000 	/System/Library/Frameworks/AudioUnit.framework/Versions/A/AudioUnit
0x000000002d96e000 	/System/Library/PrivateFrameworks/DataDetectorsCore.framework/Versions/A/DataDetectorsCore
0x000000002d96e000 	/System/Library/Frameworks/Carbon.framework/Versions/A/Frameworks/HIToolbox.framework/Versions/A/HIToolbox
0x000000002d96e000 	/usr/lib/libicucore.A.dylib
0x000000002d96e000 	/System/Library/Frameworks/QuartzCore.framework/Versions/A/QuartzCore
0x000000002d96e000 	/System/Library/Frameworks/Carbon.framework/Versions/A/Frameworks/SpeechRecognition.framework/Versions/A/SpeechRecognition
0x000000002d96e000 	/usr/lib/libauto.dylib
0x000000002d96e000 	/usr/lib/libxml2.2.dylib
0x000000002d96e000 	/System/Library/PrivateFrameworks/CoreUI.framework/Versions/A/CoreUI
0x000000002d96e000 	/System/Library/Frameworks/CoreAudio.framework/Versions/A/CoreAudio
0x000000002d96e000 	/System/Library/Frameworks/DiskArbitration.framework/Versions/A/DiskArbitration
0x000000002d96e000 	/usr/lib/liblangid.dylib
0x000000002d96e000 	/System/Library/PrivateFrameworks/MultitouchSupport.framework/Versions/A/MultitouchSupport
0x000000002d96e000 	/System/Library/Frameworks/IOKit.framework/Versions/A/IOKit
0x000000002d96e000 	/usr/lib/libDiagnosticMessagesClient.dylib
0x000000002d96e000 	/System/Library/Frameworks/CoreServices.framework/Versions/A/CoreServices
0x000000002d96e000 	/System/Library/PrivateFrameworks/PerformanceAnalysis.framework/Versions/A/PerformanceAnalysis
0x000000002d96e000 	/System/Library/Frameworks/OpenGL.framework/Versions/A/OpenGL
0x000000002d96e000 	/System/Library/Frameworks/ColorSync.framework/Versions/A/ColorSync
0x000000002d96e000 	/System/Library/Frameworks/CoreImage.framework/Versions/A/CoreImage
0x000000002d96e000 	/System/Library/Frameworks/CoreText.framework/Versions/A/CoreText
0x000000002d96e000 	/System/Library/Frameworks/ImageIO.framework/Versions/A/ImageIO
0x000000002d96e000 	/System/Library/PrivateFrameworks/Backup.framework/Versions/A/Backup
0x000000002d96e000 	/usr/lib/libarchive.2.dylib
0x000000002d96e000 	/System/Library/Frameworks/CFNetwork.framework/Versions/A/CFNetwork
0x000000002d96e000 	/System/Library/Frameworks/SystemConfiguration.framework/Versions/A/SystemConfiguration
0x000000002d96e000 	/usr/lib/libCRFSuite.dylib
0x000000002d96e000 	/usr/lib/libc++.1.dylib
0x000000002d96e000 	/usr/lib/libc++abi.dylib
0x000000002d96e000 	/usr/lib/system/libcache.dylib
0x000000002d96e000 	/usr/lib/system/libcommonCrypto.dylib
0x000000002d96e000 	/usr/lib/system/libcompiler_rt.dylib
0x000000002d96e000 	/usr/lib/system/libcopyfile.dylib
0x000000002d96e000 	/usr/lib/system/libcorecrypto.dylib
0x000000002d96e000 	/usr/lib/system/libdispatch.dylib
0x000000002d96e000 	/usr/lib/system/libdyld.dylib
0x000000002d96e000 	/usr/lib/system/libkeymgr.dylib
0x000000002d96e000 	/usr/lib/system/liblaunch.dylib
0x000000002d96e000 	/usr/lib/system/libmacho.dylib
0x000000002d96e000 	/usr/lib/system/libquarantine.dylib
0x000000002d96e000 	/usr/lib/system/libremovefile.dylib
0x000000002d96e000 	/usr/lib/system/libsystem_asl.dylib
0x000000002d96e000 	/usr/lib/system/libsystem_blocks.dylib
0x000000002d96e000 	/usr/lib/system/libsystem_c.dylib
0x000000002d96e000 	/usr/lib/system/libsystem_configuration.dylib
0x000000002d96e000 	/usr/lib/system/libsystem_coreservices.dylib
0x000000002d96e000 	/usr/lib/system/libsystem_darwin.dylib
0x000000002d96e000 	/usr/lib/system/libsystem_dnssd.dylib
0x000000002d96e000 	/usr/lib/system/libsystem_info.dylib
0x000000002d96e000 	/usr/lib/system/libsystem_m.dylib
0x000000002d96e000 	/usr/lib/system/libsystem_malloc.dylib
0x000000002d96e000 	/usr/lib/system/libsystem_network.dylib
0x000000002d96e000 	/usr/lib/system/libsystem_networkextension.dylib
0x000000002d96e000 	/usr/lib/system/libsystem_notify.dylib
0x000000002d96e000 	/usr/lib/system/libsystem_sandbox.dylib
0x000000002d96e000 	/usr/lib/system/libsystem_secinit.dylib
0x000000002d96e000 	/usr/lib/system/libsystem_kernel.dylib
0x000000002d96e000 	/usr/lib/system/libsystem_platform.dylib
0x000000002d96e000 	/usr/lib/system/libsystem_pthread.dylib
0x000000002d96e000 	/usr/lib/system/libsystem_symptoms.dylib
0x000000002d96e000 	/usr/lib/system/libsystem_trace.dylib
0x000000002d96e000 	/usr/lib/system/libunwind.dylib
0x000000002d96e000 	/usr/lib/system/libxpc.dylib
0x000000002d96e000 	/usr/lib/closure/libclosured.dylib
0x000000002d96e000 	/usr/lib/libbsm.0.dylib
0x000000002d96e000 	/usr/lib/system/libkxld.dylib
0x000000002d96e000 	/usr/lib/libOpenScriptingUtil.dylib
0x000000002d96e000 	/usr/lib/libcoretls.dylib
0x000000002d96e000 	/usr/lib/libcoretls_cfhelpers.dylib
0x000000002d96e000 	/usr/lib/libpam.2.dylib
0x000000002d96e000 	/usr/lib/libsqlite3.dylib
0x000000002d96e000 	/usr/lib/libxar.1.dylib
0x000000002d96e000 	/usr/lib/libbz2.1.0.dylib
0x000000002d96e000 	/usr/lib/liblzma.5.dylib
0x000000002d96e000 	/usr/lib/libnetwork.dylib
0x000000002d96e000 	/usr/lib/libapple_nghttp2.dylib
0x000000002d96e000 	/usr/lib/libpcap.A.dylib
0x000000002d96e000 	/usr/lib/libboringssl.dylib
0x000000002d96e000 	/usr/lib/libusrtcp.dylib
0x000000002d96e000 	/usr/lib/libapple_crypto.dylib
0x000000002d96e000 	/System/Library/Frameworks/CoreServices.framework/Versions/A/Frameworks/FSEvents.framework/Versions/A/FSEvents
0x000000002d96e000 	/System/Library/Frameworks/CoreServices.framework/Versions/A/Frameworks/CarbonCore.framework/Versions/A/CarbonCore
0x000000002d96e000 	/System/Library/Frameworks/CoreServices.framework/Versions/A/Frameworks/Metadata.framework/Versions/A/Metadata
0x000000002d96e000 	/System/Library/Frameworks/CoreServices.framework/Versions/A/Frameworks/OSServices.framework/Versions/A/OSServices
0x000000002d96e000 	/System/Library/Frameworks/CoreServices.framework/Versions/A/Frameworks/SearchKit.framework/Versions/A/SearchKit
0x000000002d96e000 	/System/Library/Frameworks/CoreServices.framework/Versions/A/Frameworks/AE.framework/Versions/A/AE
0x000000002d96e000 	/System/Library/Frameworks/CoreServices.framework/Versions/A/Frameworks/LaunchServices.framework/Versions/A/LaunchServices
0x000000002d96e000 	/System/Library/Frameworks/CoreServices.framework/Versions/A/Frameworks/DictionaryServices.framework/Versions/A/DictionaryServices
0x000000002d96e000 	/System/Library/Frameworks/CoreServices.framework/Versions/A/Frameworks/SharedFileList.framework/Versions/A/SharedFileList
0x000000002d96e000 	/System/Library/Frameworks/NetFS.framework/Versions/A/NetFS
0x000000002d96e000 	/System/Library/PrivateFrameworks/NetAuth.framework/Versions/A/NetAuth
0x000000002d96e000 	/System/Library/PrivateFrameworks/login.framework/Versions/A/Frameworks/loginsupport.framework/Versions/A/loginsupport
0x000000002d96e000 	/System/Library/PrivateFrameworks/TCC.framework/Versions/A/TCC
0x000000002d96e000 	/usr/lib/libmecabra.dylib
0x000000002d96e000 	/System/Library/Frameworks/ApplicationServices.framework/Versions/A/Frameworks/ATS.framework/Versions/A/ATS
0x000000002d96e000 	/System/Library/Frameworks/ApplicationServices.framework/Versions/A/Frameworks/ColorSyncLegacy.framework/Versions/A/ColorSyncLegacy
0x000000002d96e000 	/System/Library/Frameworks/ApplicationServices.framework/Versions/A/Frameworks/HIServices.framework/Versions/A/HIServices
0x000000002d96e000 	/System/Library/Frameworks/ApplicationServices.framework/Versions/A/Frameworks/LangAnalysis.framework/Versions/A/LangAnalysis
0x000000002d96e000 	/System/Library/Frameworks/ApplicationServices.framework/Versions/A/Frameworks/PrintCore.framework/Versions/A/PrintCore
0x000000002d96e000 	/System/Library/Frameworks/ApplicationServices.framework/Versions/A/Frameworks/QD.framework/Versions/A/QD
0x000000002d96e000 	/System/Library/Frameworks/ApplicationServices.framework/Versions/A/Frameworks/SpeechSynthesis.framework/Versions/A/SpeechSynthesis
0x000000002d96e000 	/System/Library/Frameworks/CoreDisplay.framework/Versions/A/CoreDisplay
0x000000002d96e000 	/System/Library/Frameworks/Accelerate.framework/Versions/A/Frameworks/vImage.framework/Versions/A/vImage
0x000000002d96e000 	/System/Library/Frameworks/Accelerate.framework/Versions/A/Frameworks/vecLib.framework/Versions/A/vecLib
0x000000002d96e000 	/System/Library/Frameworks/Accelerate.framework/Versions/A/Frameworks/vecLib.framework/Versions/A/libvDSP.dylib
0x000000002d96e000 	/System/Library/Frameworks/Accelerate.framework/Versions/A/Frameworks/vecLib.framework/Versions/A/libBNNS.dylib
0x000000002d96e000 	/System/Library/Frameworks/Accelerate.framework/Versions/A/Frameworks/vecLib.framework/Versions/A/libQuadrature.dylib
0x000000002d96e000 	/System/Library/Frameworks/Accelerate.framework/Versions/A/Frameworks/vecLib.framework/Versions/A/libvMisc.dylib
0x000000002d96e000 	/System/Library/Frameworks/Accelerate.framework/Versions/A/Frameworks/vecLib.framework/Versions/A/libLAPACK.dylib
0x000000002d96e000 	/System/Library/Frameworks/Accelerate.framework/Versions/A/Frameworks/vecLib.framework/Versions/A/libBLAS.dylib
0x000000002d96e000 	/System/Library/Frameworks/Accelerate.framework/Versions/A/Frameworks/vecLib.framework/Versions/A/libLinearAlgebra.dylib
0x000000002d96e000 	/System/Library/Frameworks/Accelerate.framework/Versions/A/Frameworks/vecLib.framework/Versions/A/libSparse.dylib
0x000000002d96e000 	/System/Library/Frameworks/Accelerate.framework/Versions/A/Frameworks/vecLib.framework/Versions/A/libSparseBLAS.dylib
0x000000002d96e000 	/System/Library/PrivateFrameworks/IOAccelerator.framework/Versions/A/IOAccelerator
0x000000002d96e000 	/System/Library/PrivateFrameworks/IOPresentment.framework/Versions/A/IOPresentment
0x000000002d96e000 	/System/Library/PrivateFrameworks/DSExternalDisplay.framework/Versions/A/DSExternalDisplay
0x000000002d96e000 	/System/Library/Frameworks/OpenGL.framework/Versions/A/Libraries/libCoreFSCache.dylib
0x000000002d96e000 	/System/Library/Frameworks/CoreVideo.framework/Versions/A/CoreVideo
0x000000002d96e000 	/System/Library/PrivateFrameworks/GraphVisualizer.framework/Versions/A/GraphVisualizer
0x000000002d96e000 	/System/Library/Frameworks/MetalPerformanceShaders.framework/Versions/A/MetalPerformanceShaders
0x000000002d96e000 	/usr/lib/libFosl_dynamic.dylib
0x000000002d96e000 	/System/Library/PrivateFrameworks/FaceCore.framework/Versions/A/FaceCore
0x000000002d96e000 	/System/Library/Frameworks/OpenCL.framework/Versions/A/OpenCL
0x000000002d96e000 	/usr/lib/libcompression.dylib
0x000000002d96e000 	/System/Library/Frameworks/ApplicationServices.framework/Versions/A/Frameworks/ATS.framework/Versions/A/Resources/libFontParser.dylib
0x000000002d96e000 	/System/Library/Frameworks/ApplicationServices.framework/Versions/A/Frameworks/ATS.framework/Versions/A/Resources/libFontRegistry.dylib
0x000000002d96e000 	/System/Library/Frameworks/ImageIO.framework/Versions/A/Resources/libJPEG.dylib
0x000000002d96e000 	/System/Library/Frameworks/ImageIO.framework/Versions/A/Resources/libTIFF.dylib
0x000000002d96e000 	/System/Library/Frameworks/ImageIO.framework/Versions/A/Resources/libPng.dylib
0x000000002d96e000 	/System/Library/Frameworks/ImageIO.framework/Versions/A/Resources/libGIF.dylib
0x000000002d96e000 	/System/Library/Frameworks/ImageIO.framework/Versions/A/Resources/libJP2.dylib
0x000000002d96e000 	/System/Library/Frameworks/ImageIO.framework/Versions/A/Resources/libRadiance.dylib
0x000000002d96e000 	/System/Library/PrivateFrameworks/AppleJPEG.framework/Versions/A/AppleJPEG
0x000000002d96e000 	/System/Library/PrivateFrameworks/MetalTools.framework/Versions/A/MetalTools
0x000000002d96e000 	/System/Library/Frameworks/MetalPerformanceShaders.framework/Frameworks/MPSCore.framework/Versions/A/MPSCore
0x000000002d96e000 	/System/Library/Frameworks/MetalPerformanceShaders.framework/Frameworks/MPSImage.framework/Versions/A/MPSImage
0x000000002d96e000 	/System/Library/Frameworks/MetalPerformanceShaders.framework/Frameworks/MPSMatrix.framework/Versions/A/MPSMatrix
0x000000002d96e000 	/System/Library/Frameworks/MetalPerformanceShaders.framework/Frameworks/MPSNeuralNetwork.framework/Versions/A/MPSNeuralNetwork
0x000000002d96e000 	/System/Library/Frameworks/OpenGL.framework/Versions/A/Libraries/libGLU.dylib
0x000000002d96e000 	/System/Library/Frameworks/OpenGL.framework/Versions/A/Libraries/libGFXShared.dylib
0x000000002d96e000 	/System/Library/Frameworks/OpenGL.framework/Versions/A/Libraries/libGL.dylib
0x000000002d96e000 	/System/Library/Frameworks/OpenGL.framework/Versions/A/Libraries/libGLImage.dylib
0x000000002d96e000 	/System/Library/Frameworks/OpenGL.framework/Versions/A/Libraries/libCVMSPluginSupport.dylib
0x000000002d96e000 	/System/Library/Frameworks/OpenGL.framework/Versions/A/Libraries/libCoreVMClient.dylib
0x000000002d96e000 	/usr/lib/libcups.2.dylib
0x000000002d96e000 	/System/Library/Frameworks/Kerberos.framework/Versions/A/Kerberos
0x000000002d96e000 	/System/Library/Frameworks/GSS.framework/Versions/A/GSS
0x000000002d96e000 	/usr/lib/libresolv.9.dylib
0x000000002d96e000 	/usr/lib/libiconv.2.dylib
0x000000002d96e000 	/System/Library/PrivateFrameworks/Heimdal.framework/Versions/A/Heimdal
0x000000002d96e000 	/usr/lib/libheimdal-asn1.dylib
0x000000002d96e000 	/System/Library/Frameworks/OpenDirectory.framework/Versions/A/OpenDirectory
0x000000002d96e000 	/System/Library/PrivateFrameworks/CommonAuth.framework/Versions/A/CommonAuth
0x000000002d96e000 	/System/Library/Frameworks/OpenDirectory.framework/Versions/A/Frameworks/CFOpenDirectory.framework/Versions/A/CFOpenDirectory
0x000000002d96e000 	/System/Library/Frameworks/SecurityFoundation.framework/Versions/A/SecurityFoundation
0x000000002d96e000 	/System/Library/PrivateFrameworks/APFS.framework/Versions/A/APFS
0x000000002d96e000 	/usr/lib/libutil.dylib
0x000000002d96e000 	/System/Library/PrivateFrameworks/AppleSauce.framework/Versions/A/AppleSauce
0x000000002d96e000 	/System/Library/PrivateFrameworks/LinguisticData.framework/Versions/A/LinguisticData
0x000000002d96e000 	/usr/lib/libmarisa.dylib
0x000000002d96e000 	/System/Library/PrivateFrameworks/Lexicon.framework/Versions/A/Lexicon
0x000000002d96e000 	/usr/lib/libChineseTokenizer.dylib
0x000000002d96e000 	/usr/lib/libcmph.dylib
0x000000002d96e000 	/System/Library/PrivateFrameworks/LanguageModeling.framework/Versions/A/LanguageModeling
0x000000002d96e000 	/System/Library/PrivateFrameworks/CoreEmoji.framework/Versions/A/CoreEmoji
0x000000002d96e000 	/System/Library/Frameworks/ServiceManagement.framework/Versions/A/ServiceManagement
0x000000002d96e000 	/System/Library/PrivateFrameworks/BackgroundTaskManagement.framework/Versions/A/BackgroundTaskManagement
0x000000002d96e000 	/usr/lib/libxslt.1.dylib
0x000000002d96e000 	/System/Library/Frameworks/Carbon.framework/Versions/A/Frameworks/Ink.framework/Versions/A/Ink
0x000000002d96e000 	/System/Library/PrivateFrameworks/TextureIO.framework/Versions/A/TextureIO
0x000000002d96e000 	/usr/lib/libate.dylib
0x000000002d96e000 	/System/Library/PrivateFrameworks/CrashReporterSupport.framework/Versions/A/CrashReporterSupport
0x000000002d96e000 	/System/Library/PrivateFrameworks/Sharing.framework/Versions/A/Sharing
0x000000002d96e000 	/System/Library/PrivateFrameworks/IconServices.framework/Versions/A/IconServices
0x000000002d96e000 	/System/Library/PrivateFrameworks/ProtocolBuffer.framework/Versions/A/ProtocolBuffer
0x000000002d96e000 	/System/Library/PrivateFrameworks/Apple80211.framework/Versions/A/Apple80211
0x000000002d96e000 	/System/Library/Frameworks/CoreWLAN.framework/Versions/A/CoreWLAN
0x000000002d96e000 	/System/Library/PrivateFrameworks/CoreUtils.framework/Versions/A/CoreUtils
0x000000002d96e000 	/System/Library/Frameworks/IOBluetooth.framework/Versions/A/IOBluetooth
0x000000002d96e000 	/System/Library/PrivateFrameworks/CoreWiFi.framework/Versions/A/CoreWiFi
0x000000002d96e000 	/System/Library/Frameworks/CoreBluetooth.framework/Versions/A/CoreBluetooth
0x000000002d96e000 	/System/Library/PrivateFrameworks/SignpostNotification.framework/Versions/A/SignpostNotification
0x000000002d96e000 	/System/Library/PrivateFrameworks/DebugSymbols.framework/Versions/A/DebugSymbols
0x000000002d96e000 	/System/Library/PrivateFrameworks/CoreSymbolication.framework/Versions/A/CoreSymbolication
0x000000002d96e000 	/System/Library/PrivateFrameworks/Symbolication.framework/Versions/A/Symbolication
0x000000002d96e000 	/System/Library/PrivateFrameworks/AppleFSCompression.framework/Versions/A/AppleFSCompression
0x000000002d96e000 	/System/Library/PrivateFrameworks/SpeechRecognitionCore.framework/Versions/A/SpeechRecognitionCore
0x0000000107800000 	/Applications/Android Studio.app/Contents/jre/jdk/Contents/Home/jre/lib/server/libjvm.dylib
0x000000002d96e000 	/usr/lib/libstdc++.6.0.9.dylib
0x000000010665a000 	/Applications/Android Studio.app/Contents/jre/jdk/Contents/Home/jre/lib/libverify.dylib
0x0000000106666000 	/Applications/Android Studio.app/Contents/jre/jdk/Contents/Home/jre/lib/libjava.dylib
0x00000001066e4000 	/Applications/Android Studio.app/Contents/jre/jdk/Contents/Home/jre/lib/libzip.dylib
0x000000011da73000 	/Applications/Android Studio.app/Contents/jre/jdk/Contents/Home/jre/lib/libnet.dylib
0x000000011dad2000 	/Applications/Android Studio.app/Contents/jre/jdk/Contents/Home/jre/lib/libnio.dylib
0x000000011dcf7000 	/Users/annascott/.gradle/native/25/osx-amd64/libnative-platform.dylib
0x000000011dfbc000 	/Applications/Android Studio.app/Contents/jre/jdk/Contents/Home/jre/lib/libmanagement.dylib

VM Arguments:
jvm_args: -Xmx1536m -Dfile.encoding=UTF-8 -Duser.country=US -Duser.language=en -Duser.variant 
java_command: org.gradle.launcher.daemon.bootstrap.GradleDaemon 4.4
java_class_path (initial): /Users/annascott/.gradle/wrapper/dists/gradle-4.4-all/9br9xq1tocpiv8o6njlyu5op1/gradle-4.4/lib/gradle-launcher-4.4.jar
Launcher Type: SUN_STANDARD

Environment Variables:
PATH=/usr/local/bin:/usr/bin:/bin:/usr/sbin:/sbin
SHELL=/bin/bash

Signal Handlers:
SIGSEGV: [libjvm.dylib+0x53f567], sa_mask[0]=11111111011111110111111111111111, sa_flags=SA_ONSTACK|SA_RESTART|SA_SIGINFO
SIGBUS: [libjvm.dylib+0x53f567], sa_mask[0]=11111111011111110111111111111111, sa_flags=SA_RESTART|SA_SIGINFO
SIGFPE: [libjvm.dylib+0x437adf], sa_mask[0]=11111111011111110111111111111111, sa_flags=SA_RESTART|SA_SIGINFO
SIGPIPE: [libjvm.dylib+0x437adf], sa_mask[0]=11111111011111110111111111111111, sa_flags=SA_RESTART|SA_SIGINFO
SIGXFSZ: [libjvm.dylib+0x437adf], sa_mask[0]=11111111011111110111111111111111, sa_flags=SA_RESTART|SA_SIGINFO
SIGILL: [libjvm.dylib+0x437adf], sa_mask[0]=11111111011111110111111111111111, sa_flags=SA_RESTART|SA_SIGINFO
SIGUSR1: SIG_DFL, sa_mask[0]=00000000000000000000000000000000, sa_flags=none
SIGUSR2: [libjvm.dylib+0x438404], sa_mask[0]=00100000000000000000000000000000, sa_flags=SA_RESTART|SA_SIGINFO
SIGHUP: [libjvm.dylib+0x4365f9], sa_mask[0]=11111111011111110111111111111111, sa_flags=SA_RESTART|SA_SIGINFO
SIGINT: [libjvm.dylib+0x4365f9], sa_mask[0]=11111111011111110111111111111111, sa_flags=SA_RESTART|SA_SIGINFO
SIGTERM: [libjvm.dylib+0x4365f9], sa_mask[0]=11111111011111110111111111111111, sa_flags=SA_RESTART|SA_SIGINFO
SIGQUIT: [libjvm.dylib+0x4365f9], sa_mask[0]=11111111011111110111111111111111, sa_flags=SA_RESTART|SA_SIGINFO


---------------  S Y S T E M  ---------------

OS:Bsduname:Darwin 17.3.0 Darwin Kernel Version 17.3.0: Thu Nov  9 18:09:22 PST 2017; root:xnu-4570.31.3~1/RELEASE_X86_64 x86_64
rlimit: STACK 8192k, CORE 0k, NPROC 1418, NOFILE 10240, AS infinity
load average:2.55 1.92 1.61

CPU:total 8 (initial active 8) (4 cores per cpu, 2 threads per core) family 6 model 94 stepping 3, cmov, cx8, fxsr, mmx, sse, sse2, sse3, ssse3, sse4.1, sse4.2, popcnt, avx, avx2, aes, clmul, erms, rtm, 3dnowpref, lzcnt, ht, tsc, tscinvbit, bmi1, bmi2, adx

Memory: 4k page, physical 16777216k(2652984k free)

/proc/meminfo:


vm_info: OpenJDK 64-Bit Server VM (25.152-b01) for bsd-amd64 JRE (1.8.0_152-release-1024-b01), built by "builder" with gcc 4.2.1 Compatible Apple LLVM 8.1.0 (clang-802.0.42)

time: Mon May 28 14:11:21 2018
elapsed time: 2 seconds (0d 0h 0m 2s)

